2024-01-06 13:12:22,948 - INFO - Database and tables created successfully.
2024-01-06 15:20:25,627 - INFO - Squadron added
2024-01-06 15:20:25,634 - INFO - Squadron deleted
2024-01-06 15:21:46,962 - INFO - Squadron added: 802 NAS
2024-01-06 15:21:46,969 - INFO - Squadron deleted: 802 NAS
2024-01-06 15:22:04,234 - INFO - Squadron edited: 802 NAS
2024-01-06 15:22:04,241 - INFO - Squadron added: 802 NAS
2024-01-06 15:22:04,248 - INFO - Squadron deleted: 802 NAS
2024-01-06 15:25:31,017 - INFO - Squadron edited: 802 NAS
2024-01-06 15:25:31,025 - INFO - Squadron added: 802 NAS
2024-01-06 15:25:31,032 - INFO - Squadron deleted: 802 NAS
2024-01-06 16:10:19,243 - INFO - Running merge.lua script
2024-01-06 16:10:19,285 - INFO - Processing combined data
2024-01-06 16:10:19,290 - INFO - Created html output
2024-01-06 16:10:50,034 - INFO - Running merge.lua script
2024-01-06 16:10:50,067 - INFO - Processing combined data
2024-01-06 16:10:50,067 - INFO - Created html output
2024-01-06 16:11:10,042 - INFO - Running merge.lua script
2024-01-06 16:11:10,082 - INFO - Processing combined data
2024-01-06 16:11:10,082 - INFO - Created html output
2024-01-06 16:13:36,247 - INFO - Running merge.lua script
2024-01-06 16:13:36,290 - INFO - Processing combined data
2024-01-06 16:13:36,290 - ERROR - Invalid or empty 'squadrons' data provided.
2024-01-06 16:13:36,290 - INFO - Created html output
2024-01-06 16:14:14,847 - INFO - Running merge.lua script
2024-01-06 16:14:14,889 - INFO - Processing combined data
2024-01-06 16:14:14,894 - ERROR - Invalid or empty 'squadrons' data provided.
2024-01-06 16:14:14,894 - INFO - Created html output
2024-01-06 16:15:45,348 - INFO - Running merge.lua script
2024-01-06 16:15:45,388 - INFO - Processing combined data
2024-01-06 16:15:45,394 - ERROR - Invalid or empty 'squadrons' data provided.
2024-01-06 16:15:45,394 - INFO - Created html output
2024-01-06 16:15:50,906 - INFO - Running merge.lua script
2024-01-06 16:15:50,932 - INFO - Processing combined data
2024-01-06 16:15:50,947 - ERROR - Invalid or empty 'squadrons' data provided.
2024-01-06 16:15:50,947 - INFO - Created html output
2024-01-06 16:16:18,657 - INFO - Running merge.lua script
2024-01-06 16:16:18,686 - INFO - Processing combined data
2024-01-06 16:16:18,701 - ERROR - Invalid or empty 'squadrons' data provided.
2024-01-06 16:16:18,701 - INFO - Created html output
2024-01-06 16:17:17,114 - INFO - Running merge.lua script
2024-01-06 16:17:17,156 - INFO - Processing combined data
2024-01-06 16:17:17,161 - ERROR - Invalid or empty 'squadrons' data provided.
2024-01-06 16:17:17,161 - INFO - Created html output
2024-01-06 16:17:31,951 - INFO - Running merge.lua script
2024-01-06 16:17:31,991 - INFO - Processing combined data
2024-01-06 16:17:31,997 - ERROR - Invalid or empty 'squadrons' data provided.
2024-01-06 16:17:31,997 - INFO - Created html output
2024-01-06 16:17:38,688 - INFO - Running merge.lua script
2024-01-06 16:17:38,720 - INFO - Processing combined data
2024-01-06 16:17:38,735 - ERROR - Invalid or empty 'squadrons' data provided.
2024-01-06 16:17:38,735 - INFO - Created html output
2024-01-06 16:18:21,118 - INFO - Running merge.lua script
2024-01-06 16:18:21,158 - INFO - Processing combined data
2024-01-06 16:18:21,158 - ERROR - Invalid or empty 'squadrons' data provided
2024-01-06 16:18:21,158 - INFO - Created html output
2024-01-06 16:18:36,864 - INFO - Running merge.lua script
2024-01-06 16:18:36,906 - INFO - Processing combined data
2024-01-06 16:18:36,910 - ERROR - Invalid or empty 'squadrons' data provided
2024-01-06 16:18:36,911 - INFO - Created html output
2024-01-06 16:24:34,725 - INFO - Running merge.lua script
2024-01-06 16:24:34,767 - INFO - Processing combined data
2024-01-06 16:24:34,774 - INFO - Created html output
2024-01-06 16:27:44,979 - INFO - Running merge.lua script
2024-01-06 16:27:45,022 - INFO - Processing combined data
2024-01-06 16:27:45,029 - INFO - Created html output
2024-01-06 16:28:23,255 - INFO - Running merge.lua script
2024-01-06 16:28:23,296 - INFO - Processing combined data
2024-01-06 16:28:23,296 - INFO - Created html output
2024-01-06 16:28:29,556 - INFO - Running merge.lua script
2024-01-06 16:28:29,592 - INFO - Processing combined data
2024-01-06 16:28:29,592 - INFO - Created html output
2024-01-06 16:28:51,224 - INFO - Running merge.lua script
2024-01-06 16:28:51,264 - INFO - Processing combined data
2024-01-06 16:28:51,272 - INFO - Created html output
2024-01-06 16:30:31,991 - INFO - Running merge.lua script
2024-01-06 16:30:32,033 - INFO - Processing combined data
2024-01-06 16:30:32,040 - INFO - Created html output
2024-01-06 16:31:07,453 - INFO - Running merge.lua script
2024-01-06 16:31:07,493 - INFO - Processing combined data
2024-01-06 16:31:07,501 - INFO - Created html output
2024-01-06 16:32:15,476 - INFO - Running merge.lua script
2024-01-06 16:32:15,519 - INFO - Processing combined data
2024-01-06 16:32:15,526 - INFO - Created html output
2024-01-06 16:32:49,776 - INFO - Squadron edited: 801 NAS
2024-01-06 16:32:51,685 - INFO - Squadron edited: 801 NAS
2024-01-06 16:32:51,686 - INFO - Running merge.lua script
2024-01-06 16:32:51,726 - INFO - Processing combined data
2024-01-06 16:32:51,734 - INFO - Created html output
2024-01-06 16:33:59,691 - INFO - Squadron edited: 801 NAS
2024-01-06 16:33:59,691 - INFO - Running merge.lua script
2024-01-06 16:33:59,733 - INFO - Processing combined data
2024-01-06 16:33:59,740 - INFO - Created html output
2024-01-06 16:34:11,248 - INFO - Squadron edited: 801 NAS
2024-01-06 16:34:11,249 - INFO - Running merge.lua script
2024-01-06 16:34:11,289 - INFO - Processing combined data
2024-01-06 16:34:11,296 - INFO - Created html output
2024-01-06 16:43:35,806 - INFO - Pilot Engines to 801 NAS
2024-01-06 16:45:23,019 - INFO - Pilot Engines moved to 892 NAS
2024-01-06 16:45:37,501 - INFO - Pilot Engines moved to 801 NAS
2024-01-06 16:46:45,137 - INFO - Pilot Engines removed from all squadrons
2024-01-06 16:47:00,346 - INFO - Pilot Engines assigned to 801 NAS
2024-01-06 20:22:05,864 - INFO - Running merge.lua script
2024-01-06 20:22:05,948 - INFO - Processing combined data
2024-01-06 20:24:01,156 - INFO - Running merge.lua script
2024-01-06 20:24:01,156 - INFO - Processing combined data
2024-01-06 20:27:01,106 - INFO - Running merge.lua script
2024-01-06 20:27:01,106 - INFO - Processing combined data
2024-01-06 20:27:45,648 - INFO - Running merge.lua script
2024-01-06 20:27:45,648 - INFO - Processing combined data
2024-01-06 20:27:45,663 - INFO - Created html output
2024-01-06 20:31:30,410 - INFO - Running merge.lua script
2024-01-06 20:31:30,410 - INFO - Processing combined data
2024-01-06 20:31:49,453 - INFO - Running merge.lua script
2024-01-06 20:31:49,453 - INFO - Processing combined data
2024-01-06 20:31:49,469 - INFO - Created html output
2024-01-06 20:32:30,526 - INFO - Running merge.lua script
2024-01-06 20:32:30,526 - INFO - Processing combined data
2024-01-06 20:32:30,537 - INFO - Created html output
2024-01-06 20:32:56,552 - INFO - Running merge.lua script
2024-01-06 20:32:56,552 - INFO - Processing combined data
2024-01-06 20:32:56,552 - INFO - Created html output
2024-01-06 20:34:17,895 - INFO - Running merge.lua script
2024-01-06 20:34:17,895 - INFO - Processing combined data
2024-01-06 20:34:17,911 - INFO - Created html output
2024-01-06 20:35:00,595 - INFO - Running merge.lua script
2024-01-06 20:35:00,595 - INFO - Processing combined data
2024-01-06 20:35:00,620 - INFO - Created html output
2024-01-06 20:38:58,536 - INFO - Running merge.lua script
2024-01-06 20:38:58,536 - INFO - Processing combined data
2024-01-06 20:39:35,555 - INFO - Running merge.lua script
2024-01-06 20:39:35,555 - INFO - Processing combined data
2024-01-06 20:39:35,566 - INFO - Created html output
2024-01-06 20:39:52,359 - INFO - Running merge.lua script
2024-01-06 20:39:52,359 - INFO - Processing combined data
2024-01-06 20:39:52,359 - INFO - Created html output
2024-01-06 20:45:08,935 - INFO - Running merge.lua script
2024-01-06 20:45:08,935 - INFO - Processing combined data
2024-01-06 20:45:08,935 - INFO - Created html output
2024-01-06 20:46:26,488 - INFO - Running merge.lua script
2024-01-06 20:46:26,488 - INFO - Processing combined data
2024-01-06 20:46:26,499 - INFO - Created html output
2024-01-06 20:47:09,073 - INFO - Running merge.lua script
2024-01-06 20:47:09,073 - INFO - Processing combined data
2024-01-06 20:47:09,087 - INFO - Created html output
2024-01-06 20:50:31,066 - INFO - Running merge.lua script
2024-01-06 20:50:31,066 - INFO - Processing combined data
2024-01-06 20:50:31,082 - INFO - Created html output
2024-01-06 20:50:52,316 - INFO - Running merge.lua script
2024-01-06 20:50:52,316 - INFO - Processing combined data
2024-01-06 20:50:52,325 - INFO - Created html output
2024-01-06 20:54:11,907 - INFO - Running merge.lua script
2024-01-06 20:54:11,907 - INFO - Processing combined data
2024-01-06 20:54:11,917 - INFO - Created html output
2024-01-06 20:56:09,657 - INFO - Running merge.lua script
2024-01-06 20:56:09,657 - INFO - Processing combined data
2024-01-06 20:56:09,657 - INFO - Created html output
2024-01-06 21:07:02,074 - INFO - Running merge.lua script
2024-01-06 21:07:02,074 - INFO - Processing combined data
2024-01-06 21:07:02,082 - INFO - Created index.html output
2024-01-06 21:07:02,083 - INFO - Generating pilot pages
2024-01-06 21:08:08,995 - INFO - Running merge.lua script
2024-01-06 21:08:08,995 - INFO - Processing combined data
2024-01-06 21:08:09,003 - INFO - Created index.html output
2024-01-06 21:08:09,003 - INFO - Generating pilot pages
2024-01-06 21:08:27,153 - INFO - Running merge.lua script
2024-01-06 21:08:27,153 - INFO - Processing combined data
2024-01-06 21:08:27,153 - INFO - Created index.html output
2024-01-06 21:08:27,153 - INFO - Generating pilot pages
2024-01-06 21:09:48,594 - INFO - Running merge.lua script
2024-01-06 21:09:48,595 - INFO - Processing combined data
2024-01-06 21:09:48,603 - INFO - Created index.html output
2024-01-06 21:09:48,603 - INFO - Generating pilot pages
2024-01-06 21:10:41,685 - INFO - Running merge.lua script
2024-01-06 21:10:41,685 - INFO - Processing combined data
2024-01-06 21:10:41,685 - INFO - Created index.html output
2024-01-06 21:10:41,685 - INFO - Generating pilot pages
2024-01-06 21:12:55,393 - INFO - Running merge.lua script
2024-01-06 21:12:55,393 - INFO - Processing combined data
2024-01-06 21:12:55,408 - INFO - Created index.html output
2024-01-06 21:12:55,408 - INFO - Generating pilot pages
2024-01-06 21:13:09,862 - INFO - Running merge.lua script
2024-01-06 21:13:09,862 - INFO - Processing combined data
2024-01-06 21:13:09,877 - INFO - Created index.html output
2024-01-06 21:13:09,877 - INFO - Generating pilot pages
2024-01-06 21:18:02,953 - INFO - Running merge.lua script
2024-01-06 21:18:02,953 - INFO - Processing combined data
2024-01-06 21:18:02,953 - INFO - Created index.html output
2024-01-06 21:18:02,953 - INFO - Generating pilot pages
2024-01-06 21:20:27,379 - INFO - Running merge.lua script
2024-01-06 21:20:27,379 - INFO - Processing combined data
2024-01-06 21:20:27,380 - INFO - Created index.html output
2024-01-06 21:20:27,380 - INFO - Generating pilot pages
2024-01-06 21:20:55,828 - INFO - Running merge.lua script
2024-01-06 21:20:55,828 - INFO - Processing combined data
2024-01-06 21:20:55,837 - INFO - Created index.html output
2024-01-06 21:20:55,837 - INFO - Generating pilot pages
2024-01-06 21:22:41,176 - INFO - Running merge.lua script
2024-01-06 21:22:41,176 - INFO - Processing combined data
2024-01-06 21:22:41,191 - INFO - Created index.html output
2024-01-06 21:22:41,191 - INFO - Generating pilot pages
2024-01-06 21:22:51,034 - INFO - Running merge.lua script
2024-01-06 21:22:51,034 - INFO - Processing combined data
2024-01-06 21:22:51,034 - INFO - Created index.html output
2024-01-06 21:22:51,034 - INFO - Generating pilot pages
2024-01-06 21:25:12,284 - INFO - Running merge.lua script
2024-01-06 21:25:12,284 - INFO - Processing combined data
2024-01-06 21:25:12,293 - INFO - Created index.html output
2024-01-06 21:25:12,293 - INFO - Generating pilot pages
2024-01-06 21:26:49,826 - INFO - Running merge.lua script
2024-01-06 21:26:49,826 - INFO - Processing combined data
2024-01-06 21:26:49,826 - INFO - Created index.html output
2024-01-06 21:26:49,826 - INFO - Generating pilot pages
2024-01-06 21:30:25,977 - INFO - Running merge.lua script
2024-01-06 21:30:25,977 - INFO - Processing combined data
2024-01-06 21:30:25,992 - INFO - Created index.html output
2024-01-06 21:30:25,992 - INFO - Generating pilot pages
2024-01-06 21:35:57,723 - INFO - Running merge.lua script
2024-01-06 21:35:57,723 - INFO - Processing combined data
2024-01-06 21:35:57,739 - INFO - Created index.html output
2024-01-06 21:35:57,739 - INFO - Generating pilot pages
2024-01-06 21:39:44,416 - INFO - Running merge.lua script
2024-01-06 21:39:44,416 - INFO - Processing combined data
2024-01-06 21:39:44,431 - INFO - Created index.html output
2024-01-06 21:39:44,431 - INFO - Generating pilot pages
2024-01-06 21:42:21,512 - INFO - Running merge.lua script
2024-01-06 21:42:21,512 - INFO - Processing combined data
2024-01-06 21:42:21,521 - INFO - Created index.html output
2024-01-06 21:42:21,521 - INFO - Generating pilot pages
2024-01-06 21:45:09,658 - INFO - Running merge.lua script
2024-01-06 21:45:09,658 - INFO - Processing combined data
2024-01-06 21:45:09,667 - INFO - Created index.html output
2024-01-06 21:45:09,667 - INFO - Generating pilot pages
2024-01-06 21:45:15,475 - INFO - Running merge.lua script
2024-01-06 21:45:15,475 - INFO - Processing combined data
2024-01-06 21:45:15,484 - INFO - Created index.html output
2024-01-06 21:45:15,484 - INFO - Generating pilot pages
2024-01-06 21:48:33,332 - INFO - Running merge.lua script
2024-01-06 21:48:33,332 - INFO - Processing combined data
2024-01-06 21:48:33,341 - INFO - Created index.html output
2024-01-06 21:48:33,341 - INFO - Generating pilot pages
2024-01-06 21:51:27,626 - INFO - Running merge.lua script
2024-01-06 21:51:27,626 - INFO - Processing combined data
2024-01-06 21:51:27,634 - INFO - Created index.html output
2024-01-06 21:51:27,634 - INFO - Generating pilot pages
2024-01-06 21:52:27,272 - INFO - Running merge.lua script
2024-01-06 21:52:27,272 - INFO - Processing combined data
2024-01-06 21:52:27,288 - INFO - Created index.html output
2024-01-06 21:52:27,288 - INFO - Generating pilot pages
2024-01-06 21:57:04,618 - INFO - Running merge.lua script
2024-01-06 21:57:04,618 - INFO - Processing combined data
2024-01-06 21:57:04,633 - INFO - Created index.html output
2024-01-06 21:57:04,633 - INFO - Generating pilot pages
2024-01-06 22:00:18,162 - INFO - Running merge.lua script
2024-01-06 22:00:18,162 - INFO - Processing combined data
2024-01-06 22:00:18,171 - INFO - Created index.html output
2024-01-06 22:00:18,171 - INFO - Generating pilot pages
2024-01-06 22:31:24,474 - WARNING - PyNaCl is not installed, voice will NOT be supported
2024-01-06 22:31:24,474 - DEBUG - Using proactor: IocpProactor
2024-01-06 22:31:24,475 - WARNING - Privileged message content intent is missing, commands may not work as expected.
2024-01-06 22:31:24,475 - INFO - logging in using static token
2024-01-06 22:31:25,240 - INFO - Shard ID None has connected to Gateway (Session ID: 72db5f6359112813a5b05f1d32cda786).
2024-01-06 22:34:41,958 - WARNING - PyNaCl is not installed, voice will NOT be supported
2024-01-06 22:34:41,958 - DEBUG - Using proactor: IocpProactor
2024-01-06 22:34:41,958 - WARNING - Privileged message content intent is missing, commands may not work as expected.
2024-01-06 22:34:41,958 - INFO - logging in using static token
2024-01-06 22:34:42,785 - INFO - Shard ID None has connected to Gateway (Session ID: 9a2987495e1671340b758b3027972e2c).
2024-01-06 22:35:12,723 - WARNING - PyNaCl is not installed, voice will NOT be supported
2024-01-06 22:35:12,723 - DEBUG - Using proactor: IocpProactor
2024-01-06 22:35:12,723 - WARNING - Privileged message content intent is missing, commands may not work as expected.
2024-01-06 22:35:12,723 - INFO - logging in using static token
2024-01-06 22:35:13,554 - INFO - Shard ID None has connected to Gateway (Session ID: 202676dec277ff44d971739d14b895b9).
2024-01-06 22:37:06,656 - WARNING - PyNaCl is not installed, voice will NOT be supported
2024-01-06 22:37:06,657 - DEBUG - Using proactor: IocpProactor
2024-01-06 22:37:06,657 - WARNING - Privileged message content intent is missing, commands may not work as expected.
2024-01-06 22:37:06,658 - INFO - logging in using static token
2024-01-06 22:37:07,520 - INFO - Shard ID None has connected to Gateway (Session ID: 7cbe37d76e7974e450320991059b941c).
2024-01-06 22:39:11,488 - WARNING - PyNaCl is not installed, voice will NOT be supported
2024-01-06 22:39:11,488 - DEBUG - Using proactor: IocpProactor
2024-01-06 22:39:11,489 - INFO - logging in using static token
2024-01-06 22:39:12,259 - INFO - Shard ID None has connected to Gateway (Session ID: 828727e8ade225a885bc5fdb0b2ea2e5).
2024-01-06 22:39:22,575 - INFO - Assigning pilot: mailman
2024-01-06 22:39:22,575 - ERROR - Ignoring exception in command assign_pilot
Traceback (most recent call last):
  File "C:\Users\Gavin\Dropbox\Git Repos\Project Mayfly\env\Lib\site-packages\discord\ext\commands\core.py", line 235, in wrapped
    ret = await coro(*args, **kwargs)
          ^^^^^^^^^^^^^^^^^^^^^^^^^^^
  File "C:\Users\Gavin\Dropbox\Git Repos\Project Mayfly\src\bot.py", line 16, in assign_pilot
    pilot_id = find_pilot_id_by_name(pilot_name)
               ^^^^^^^^^^^^^^^^^^^^^^^^^^^^^^^^^
TypeError: find_pilot_id_by_name() missing 1 required positional argument: 'pilot_name'

The above exception was the direct cause of the following exception:

Traceback (most recent call last):
  File "C:\Users\Gavin\Dropbox\Git Repos\Project Mayfly\env\Lib\site-packages\discord\ext\commands\bot.py", line 1350, in invoke
    await ctx.command.invoke(ctx)
  File "C:\Users\Gavin\Dropbox\Git Repos\Project Mayfly\env\Lib\site-packages\discord\ext\commands\core.py", line 1029, in invoke
    await injected(*ctx.args, **ctx.kwargs)  # type: ignore
    ^^^^^^^^^^^^^^^^^^^^^^^^^^^^^^^^^^^^^^^
  File "C:\Users\Gavin\Dropbox\Git Repos\Project Mayfly\env\Lib\site-packages\discord\ext\commands\core.py", line 244, in wrapped
    raise CommandInvokeError(exc) from exc
discord.ext.commands.errors.CommandInvokeError: Command raised an exception: TypeError: find_pilot_id_by_name() missing 1 required positional argument: 'pilot_name'
2024-01-06 22:40:48,146 - INFO - Assigning pilot: Mailman
2024-01-06 22:40:48,146 - ERROR - Ignoring exception in command assign_pilot
Traceback (most recent call last):
  File "C:\Users\Gavin\Dropbox\Git Repos\Project Mayfly\env\Lib\site-packages\discord\ext\commands\core.py", line 235, in wrapped
    ret = await coro(*args, **kwargs)
          ^^^^^^^^^^^^^^^^^^^^^^^^^^^
  File "C:\Users\Gavin\Dropbox\Git Repos\Project Mayfly\src\bot.py", line 16, in assign_pilot
    pilot_id = find_pilot_id_by_name(pilot_name)
               ^^^^^^^^^^^^^^^^^^^^^^^^^^^^^^^^^
TypeError: find_pilot_id_by_name() missing 1 required positional argument: 'pilot_name'

The above exception was the direct cause of the following exception:

Traceback (most recent call last):
  File "C:\Users\Gavin\Dropbox\Git Repos\Project Mayfly\env\Lib\site-packages\discord\ext\commands\bot.py", line 1350, in invoke
    await ctx.command.invoke(ctx)
  File "C:\Users\Gavin\Dropbox\Git Repos\Project Mayfly\env\Lib\site-packages\discord\ext\commands\core.py", line 1029, in invoke
    await injected(*ctx.args, **ctx.kwargs)  # type: ignore
    ^^^^^^^^^^^^^^^^^^^^^^^^^^^^^^^^^^^^^^^
  File "C:\Users\Gavin\Dropbox\Git Repos\Project Mayfly\env\Lib\site-packages\discord\ext\commands\core.py", line 244, in wrapped
    raise CommandInvokeError(exc) from exc
discord.ext.commands.errors.CommandInvokeError: Command raised an exception: TypeError: find_pilot_id_by_name() missing 1 required positional argument: 'pilot_name'
2024-01-06 22:40:59,165 - INFO - Assigning pilot: Engines
2024-01-06 22:40:59,165 - ERROR - Ignoring exception in command assign_pilot
Traceback (most recent call last):
  File "C:\Users\Gavin\Dropbox\Git Repos\Project Mayfly\env\Lib\site-packages\discord\ext\commands\core.py", line 235, in wrapped
    ret = await coro(*args, **kwargs)
          ^^^^^^^^^^^^^^^^^^^^^^^^^^^
  File "C:\Users\Gavin\Dropbox\Git Repos\Project Mayfly\src\bot.py", line 16, in assign_pilot
    pilot_id = find_pilot_id_by_name(pilot_name)
               ^^^^^^^^^^^^^^^^^^^^^^^^^^^^^^^^^
TypeError: find_pilot_id_by_name() missing 1 required positional argument: 'pilot_name'

The above exception was the direct cause of the following exception:

Traceback (most recent call last):
  File "C:\Users\Gavin\Dropbox\Git Repos\Project Mayfly\env\Lib\site-packages\discord\ext\commands\bot.py", line 1350, in invoke
    await ctx.command.invoke(ctx)
  File "C:\Users\Gavin\Dropbox\Git Repos\Project Mayfly\env\Lib\site-packages\discord\ext\commands\core.py", line 1029, in invoke
    await injected(*ctx.args, **ctx.kwargs)  # type: ignore
    ^^^^^^^^^^^^^^^^^^^^^^^^^^^^^^^^^^^^^^^
  File "C:\Users\Gavin\Dropbox\Git Repos\Project Mayfly\env\Lib\site-packages\discord\ext\commands\core.py", line 244, in wrapped
    raise CommandInvokeError(exc) from exc
discord.ext.commands.errors.CommandInvokeError: Command raised an exception: TypeError: find_pilot_id_by_name() missing 1 required positional argument: 'pilot_name'
2024-01-06 22:41:45,367 - WARNING - PyNaCl is not installed, voice will NOT be supported
2024-01-06 22:41:45,367 - DEBUG - Using proactor: IocpProactor
2024-01-06 22:41:45,375 - INFO - logging in using static token
2024-01-06 22:41:46,255 - INFO - Shard ID None has connected to Gateway (Session ID: 35a9c4dd9b5801fb203c4a5249944c4c).
2024-01-06 22:41:50,975 - INFO - Assigning pilot: Mailman
2024-01-06 22:41:50,975 - ERROR - Ignoring exception in command assign_pilot
Traceback (most recent call last):
  File "C:\Users\Gavin\Dropbox\Git Repos\Project Mayfly\env\Lib\site-packages\discord\ext\commands\core.py", line 235, in wrapped
    ret = await coro(*args, **kwargs)
          ^^^^^^^^^^^^^^^^^^^^^^^^^^^
  File "C:\Users\Gavin\Dropbox\Git Repos\Project Mayfly\src\bot.py", line 16, in assign_pilot
    pilot_id = find_pilot_id_by_name(pilot_name)
               ^^^^^^^^^^^^^^^^^^^^^^^^^^^^^^^^^
TypeError: find_pilot_id_by_name() missing 1 required positional argument: 'pilot_name'

The above exception was the direct cause of the following exception:

Traceback (most recent call last):
  File "C:\Users\Gavin\Dropbox\Git Repos\Project Mayfly\env\Lib\site-packages\discord\ext\commands\bot.py", line 1350, in invoke
    await ctx.command.invoke(ctx)
  File "C:\Users\Gavin\Dropbox\Git Repos\Project Mayfly\env\Lib\site-packages\discord\ext\commands\core.py", line 1029, in invoke
    await injected(*ctx.args, **ctx.kwargs)  # type: ignore
    ^^^^^^^^^^^^^^^^^^^^^^^^^^^^^^^^^^^^^^^
  File "C:\Users\Gavin\Dropbox\Git Repos\Project Mayfly\env\Lib\site-packages\discord\ext\commands\core.py", line 244, in wrapped
    raise CommandInvokeError(exc) from exc
discord.ext.commands.errors.CommandInvokeError: Command raised an exception: TypeError: find_pilot_id_by_name() missing 1 required positional argument: 'pilot_name'
2024-01-06 22:43:29,243 - WARNING - PyNaCl is not installed, voice will NOT be supported
2024-01-06 22:43:29,244 - DEBUG - Using proactor: IocpProactor
2024-01-06 22:43:29,244 - INFO - logging in using static token
2024-01-06 22:43:30,024 - INFO - Shard ID None has connected to Gateway (Session ID: c529f1c3ce5137d0292d7a9572f86ef8).
2024-01-06 22:43:36,916 - INFO - Assigning pilot: Mailman
2024-01-06 22:43:36,919 - ERROR - Ignoring exception in command assign_pilot
Traceback (most recent call last):
  File "C:\Users\Gavin\Dropbox\Git Repos\Project Mayfly\env\Lib\site-packages\discord\ext\commands\core.py", line 235, in wrapped
    ret = await coro(*args, **kwargs)
          ^^^^^^^^^^^^^^^^^^^^^^^^^^^
  File "C:\Users\Gavin\Dropbox\Git Repos\Project Mayfly\src\bot.py", line 23, in assign_pilot
    squadrons = get_squadron_ids()
                ^^^^^^^^^^^^^^^^^^
TypeError: get_squadron_ids() missing 1 required positional argument: 'db_path'

The above exception was the direct cause of the following exception:

Traceback (most recent call last):
  File "C:\Users\Gavin\Dropbox\Git Repos\Project Mayfly\env\Lib\site-packages\discord\ext\commands\bot.py", line 1350, in invoke
    await ctx.command.invoke(ctx)
  File "C:\Users\Gavin\Dropbox\Git Repos\Project Mayfly\env\Lib\site-packages\discord\ext\commands\core.py", line 1029, in invoke
    await injected(*ctx.args, **ctx.kwargs)  # type: ignore
    ^^^^^^^^^^^^^^^^^^^^^^^^^^^^^^^^^^^^^^^
  File "C:\Users\Gavin\Dropbox\Git Repos\Project Mayfly\env\Lib\site-packages\discord\ext\commands\core.py", line 244, in wrapped
    raise CommandInvokeError(exc) from exc
discord.ext.commands.errors.CommandInvokeError: Command raised an exception: TypeError: get_squadron_ids() missing 1 required positional argument: 'db_path'
2024-01-06 22:45:00,965 - WARNING - PyNaCl is not installed, voice will NOT be supported
2024-01-06 22:45:00,965 - DEBUG - Using proactor: IocpProactor
2024-01-06 22:45:00,965 - INFO - logging in using static token
2024-01-06 22:45:01,857 - INFO - Shard ID None has connected to Gateway (Session ID: 5a41aefc1abde50579e7a6125c81bdea).
2024-01-06 22:45:05,693 - INFO - Assigning pilot: Mailman
2024-01-06 22:45:18,622 - ERROR - Error in assign_pilot: assign_pilot_to_squadron() missing 1 required positional argument: 'squadron_id'
2024-01-06 22:46:46,567 - WARNING - PyNaCl is not installed, voice will NOT be supported
2024-01-06 22:46:46,567 - DEBUG - Using proactor: IocpProactor
2024-01-06 22:46:46,567 - INFO - logging in using static token
2024-01-06 22:46:48,009 - INFO - Shard ID None has connected to Gateway (Session ID: 39b59d79e33fd57f71ef17527519bb0e).
2024-01-06 22:46:52,386 - INFO - Assigning pilot: Mailman
2024-01-06 22:46:55,649 - INFO - Pilot Mailman assigned to 892 NAS
2024-01-06 22:46:55,863 - INFO - Pilot Mailman assigned to squadrons: ['892 NAS']
2024-01-06 22:48:02,505 - WARNING - PyNaCl is not installed, voice will NOT be supported
2024-01-06 22:48:02,505 - DEBUG - Using proactor: IocpProactor
2024-01-06 22:48:02,505 - INFO - logging in using static token
2024-01-06 22:48:03,356 - INFO - Shard ID None has connected to Gateway (Session ID: 2d90af1bd7eff0024916a76d40524458).
2024-01-06 22:48:16,326 - INFO - Assigning pilot: razor
2024-01-06 22:48:23,224 - INFO - Pilot Razor assigned to 617 Sqn
2024-01-06 22:48:23,436 - INFO - Pilot razor assigned to squadrons: ['617 Sqn']
2024-01-06 22:49:14,831 - INFO - Running merge.lua script
2024-01-06 22:49:14,831 - INFO - Processing combined data
2024-01-06 22:49:14,847 - INFO - Created index.html output
2024-01-06 22:49:14,847 - INFO - Generating pilot pages
2024-01-07 09:34:33,741 - ERROR - Error running Lua script: lua54: src/lua/merge.lua:3: module 'dkjson' not found:
	no field package.preload['dkjson']
	no file 'C:\lua\lua\dkjson.lua'
	no file 'C:\lua\lua\dkjson\init.lua'
	no file 'C:\lua\dkjson.lua'
	no file 'C:\lua\dkjson\init.lua'
	no file 'C:\lua\..\share\lua\5.4\dkjson.lua'
	no file 'C:\lua\..\share\lua\5.4\dkjson\init.lua'
	no file '.\dkjson.lua'
	no file '.\dkjson\init.lua'
	no file 'C:\lua\dkjson.dll'
	no file 'C:\lua\..\lib\lua\5.4\dkjson.dll'
	no file 'C:\lua\loadall.dll'
	no file '.\dkjson.dll'
	no file 'C:\lua\dkjson54.dll'
	no file '.\dkjson54.dll'
stack traceback:
	[C]: in function 'require'
	src/lua/merge.lua:3: in main chunk
	[C]: in ?

2024-01-07 09:37:00,977 - ERROR - Error running Lua script: lua54: src/lua/merge.lua:3: module 'dkjson' not found:
	no field package.preload['dkjson']
	no file 'C:\lua\lua\dkjson.lua'
	no file 'C:\lua\lua\dkjson\init.lua'
	no file 'C:\lua\dkjson.lua'
	no file 'C:\lua\dkjson\init.lua'
	no file 'C:\lua\..\share\lua\5.4\dkjson.lua'
	no file 'C:\lua\..\share\lua\5.4\dkjson\init.lua'
	no file '.\dkjson.lua'
	no file '.\dkjson\init.lua'
	no file 'C:\lua\dkjson.dll'
	no file 'C:\lua\..\lib\lua\5.4\dkjson.dll'
	no file 'C:\lua\loadall.dll'
	no file '.\dkjson.dll'
	no file 'C:\lua\dkjson54.dll'
	no file '.\dkjson54.dll'
stack traceback:
	[C]: in function 'require'
	src/lua/merge.lua:3: in main chunk
	[C]: in ?

2024-01-07 09:39:31,602 - ERROR - Error running Lua script: lua54: src/lua/merge.lua:3: module 'dkjson' not found:
	no field package.preload['dkjson']
	no file 'C:\lua\lua\dkjson.lua'
	no file 'C:\lua\lua\dkjson\init.lua'
	no file 'C:\lua\dkjson.lua'
	no file 'C:\lua\dkjson\init.lua'
	no file 'C:\lua\..\share\lua\5.4\dkjson.lua'
	no file 'C:\lua\..\share\lua\5.4\dkjson\init.lua'
	no file '.\dkjson.lua'
	no file '.\dkjson\init.lua'
	no file 'C:\lua\dkjson.dll'
	no file 'C:\lua\..\lib\lua\5.4\dkjson.dll'
	no file 'C:\lua\loadall.dll'
	no file '.\dkjson.dll'
	no file 'C:\lua\dkjson54.dll'
	no file '.\dkjson54.dll'
stack traceback:
	[C]: in function 'require'
	src/lua/merge.lua:3: in main chunk
	[C]: in ?

2024-01-07 09:42:09,401 - INFO - Running merge.lua script
2024-01-07 09:42:09,401 - INFO - Processing combined data
2024-01-07 09:42:09,424 - INFO - Created index.html output
2024-01-07 09:42:09,425 - INFO - Generating pilot pages
2024-01-07 09:45:36,964 - WARNING - PyNaCl is not installed, voice will NOT be supported
2024-01-07 09:45:36,965 - DEBUG - Using proactor: IocpProactor
2024-01-07 09:45:36,966 - INFO - logging in using static token
2024-01-07 09:45:37,905 - INFO - Shard ID None has connected to Gateway (Session ID: a98b2b67364abb179259500c02419a4f).
2024-01-07 09:45:50,407 - ERROR - Ignoring exception in command None
discord.ext.commands.errors.CommandNotFound: Command "add_pilot" is not found
2024-01-07 09:46:01,979 - INFO - Assigning pilot: peteg
2024-01-07 09:46:02,293 - WARNING - Pilot not found: peteg
2024-01-07 09:46:13,488 - INFO - Assigning pilot: pg
2024-01-07 09:46:20,173 - WARNING - Pilot not found: pg
2024-01-07 09:46:27,137 - INFO - Assigning pilot: pete
2024-01-07 09:46:32,383 - INFO - Pilot pete assigned to squadrons: ['801 nas']
2024-01-07 09:46:53,407 - INFO - Assigning pilot: ganduwulf
2024-01-07 09:46:56,610 - INFO - Pilot ganduwulf assigned to squadrons: ['801']
2024-01-07 09:47:09,740 - INFO - Running merge.lua script
2024-01-07 09:47:09,740 - INFO - Processing combined data
2024-01-07 09:47:09,754 - INFO - Created index.html output
2024-01-07 09:47:09,754 - INFO - Generating pilot pages
2024-01-07 09:52:41,228 - WARNING - PyNaCl is not installed, voice will NOT be supported
2024-01-07 09:52:41,229 - DEBUG - Using proactor: IocpProactor
2024-01-07 09:52:41,230 - INFO - logging in using static token
2024-01-07 09:52:42,047 - INFO - Shard ID None has connected to Gateway (Session ID: cd12c1ead2ed069263466a553c3e3fc4).
2024-01-07 09:52:57,528 - ERROR - Ignoring exception in command assign_pilot
Traceback (most recent call last):
  File "C:\Users\GavinE\OneDrive - Sentient Vision Systems\Repos\dcs_server_logbook\env\Lib\site-packages\discord\ext\commands\core.py", line 235, in wrapped
    ret = await coro(*args, **kwargs)
          ^^^^^^^^^^^^^^^^^^^^^^^^^^^
  File "C:\Users\GavinE\OneDrive - Sentient Vision Systems\Repos\dcs_server_logbook\src\bot.py", line 18, in assign_pilot
    pilot_id = find_pilot_id_by_name(pilot_name)
               ^^^^^^^^^^^^^^^^^^^^^^^^^^^^^^^^^
TypeError: find_pilot_id_by_name() missing 1 required positional argument: 'pilot_name'

The above exception was the direct cause of the following exception:

Traceback (most recent call last):
  File "C:\Users\GavinE\OneDrive - Sentient Vision Systems\Repos\dcs_server_logbook\env\Lib\site-packages\discord\ext\commands\bot.py", line 1350, in invoke
    await ctx.command.invoke(ctx)
  File "C:\Users\GavinE\OneDrive - Sentient Vision Systems\Repos\dcs_server_logbook\env\Lib\site-packages\discord\ext\commands\core.py", line 1029, in invoke
    await injected(*ctx.args, **ctx.kwargs)  # type: ignore
    ^^^^^^^^^^^^^^^^^^^^^^^^^^^^^^^^^^^^^^^
  File "C:\Users\GavinE\OneDrive - Sentient Vision Systems\Repos\dcs_server_logbook\env\Lib\site-packages\discord\ext\commands\core.py", line 244, in wrapped
    raise CommandInvokeError(exc) from exc
discord.ext.commands.errors.CommandInvokeError: Command raised an exception: TypeError: find_pilot_id_by_name() missing 1 required positional argument: 'pilot_name'
2024-01-07 09:57:43,359 - WARNING - PyNaCl is not installed, voice will NOT be supported
2024-01-07 09:57:43,360 - DEBUG - Using proactor: IocpProactor
2024-01-07 09:57:43,361 - INFO - logging in using static token
2024-01-07 09:57:44,134 - INFO - Shard ID None has connected to Gateway (Session ID: 1662775c4085d5fe06f334e4b7961f0d).
2024-01-07 09:58:02,316 - INFO - Pilot Pete G assigned to 801 NAS
2024-01-07 09:58:12,022 - INFO - Running merge.lua script
2024-01-07 09:58:12,022 - INFO - Processing combined data
2024-01-07 09:58:12,042 - INFO - Created index.html output
2024-01-07 09:58:12,043 - INFO - Generating pilot pages
2024-01-07 10:00:52,522 - WARNING - PyNaCl is not installed, voice will NOT be supported
2024-01-07 10:00:52,522 - DEBUG - Using proactor: IocpProactor
2024-01-07 10:00:52,523 - INFO - logging in using static token
2024-01-07 10:00:55,491 - INFO - Shard ID None has connected to Gateway (Session ID: 0db604e57a9fd2771dd9cb2963efd33b).
2024-01-07 10:01:29,048 - INFO - Pilot Ganduwulf assigned to 801 NAS
2024-01-07 10:01:29,265 - INFO - Pilot Slippy assigned to 801 NAS
2024-01-07 10:01:29,636 - INFO - Pilot Duke assigned to 801 NAS
2024-01-07 10:01:29,875 - INFO - Pilot Madog assigned to 801 NAS
2024-01-07 10:01:30,140 - INFO - Pilot Smythes assigned to 801 NAS
2024-01-07 10:01:55,881 - INFO - Running merge.lua script
2024-01-07 10:01:55,881 - INFO - Processing combined data
2024-01-07 10:01:55,898 - INFO - Created index.html output
2024-01-07 10:01:55,898 - INFO - Generating pilot pages
2024-01-07 10:07:16,685 - INFO - Running merge.lua script
2024-01-07 10:07:16,685 - INFO - Processing combined data
2024-01-07 10:07:16,711 - INFO - Created index.html output
2024-01-07 10:07:16,711 - INFO - Generating pilot pages
2024-01-07 10:09:47,309 - INFO - Pilot Razor assigned to 892 NAS
2024-01-07 10:09:47,581 - INFO - Pilot Slippy assigned to 892 NAS
2024-01-07 10:09:47,833 - INFO - Pilot Sideburns assigned to 892 NAS
2024-01-07 10:09:48,051 - INFO - Pilot Swift One assigned to 892 NAS
2024-01-07 10:09:48,313 - INFO - Pilot Scooby assigned to 892 NAS
2024-01-07 10:09:48,592 - INFO - Pilot Bogus assigned to 892 NAS
2024-01-07 10:09:53,520 - INFO - Pilot Spanner assigned to 892 NAS
2024-01-07 10:09:53,723 - INFO - Pilot Mort assigned to 892 NAS
2024-01-07 10:09:53,973 - INFO - Pilot Obic assigned to 892 NAS
2024-01-07 10:09:54,693 - INFO - Pilot Direful Tiger assigned to 892 NAS
2024-01-07 10:09:55,622 - INFO - Pilot Funky assigned to 892 NAS
2024-01-07 10:09:55,916 - INFO - Pilot Steph assigned to 892 NAS
2024-01-07 10:10:08,695 - INFO - Running merge.lua script
2024-01-07 10:10:08,695 - INFO - Processing combined data
2024-01-07 10:10:08,716 - INFO - Created index.html output
2024-01-07 10:10:08,716 - INFO - Generating pilot pages
2024-01-07 10:10:51,303 - INFO - Pilot Shakespeade assigned to 892 NAS
2024-01-07 10:10:57,826 - INFO - Running merge.lua script
2024-01-07 10:10:57,826 - INFO - Processing combined data
2024-01-07 10:10:57,851 - INFO - Created index.html output
2024-01-07 10:10:57,851 - INFO - Generating pilot pages
2024-01-07 10:12:09,862 - ERROR - Ignoring exception in command None
discord.ext.commands.errors.CommandNotFound: Command "assin_pilot" is not found
2024-01-07 10:12:26,628 - INFO - Pilot Gimbal assigned to 656 Sqn
2024-01-07 10:12:26,891 - INFO - Pilot Razor assigned to 656 Sqn
2024-01-07 10:12:27,188 - INFO - Pilot Dangerman assigned to 656 Sqn
2024-01-07 10:12:27,542 - INFO - Pilot Buck assigned to 656 Sqn
2024-01-07 10:12:27,761 - INFO - Pilot Bogus assigned to 656 Sqn
2024-01-07 10:12:27,996 - INFO - Pilot Wee Neal assigned to 656 Sqn
2024-01-07 10:12:32,853 - INFO - Pilot Torchy assigned to 656 Sqn
2024-01-07 10:12:33,113 - INFO - Pilot Swift One assigned to 656 Sqn
2024-01-07 10:12:33,332 - INFO - Pilot Scooby assigned to 656 Sqn
2024-01-07 10:12:39,352 - INFO - Running merge.lua script
2024-01-07 10:12:39,352 - INFO - Processing combined data
2024-01-07 10:12:39,381 - INFO - Created index.html output
2024-01-07 10:12:39,381 - INFO - Generating pilot pages
2024-01-07 10:13:57,830 - INFO - Pilot Swift One assigned to 656 Sqn
2024-01-07 10:13:58,059 - INFO - Pilot Scooby assigned to 656 Sqn
2024-01-07 10:13:58,348 - INFO - Pilot Falcon assigned to 656 Sqn
2024-01-07 10:13:58,544 - INFO - Pilot Jester assigned to 656 Sqn
2024-01-07 10:13:58,851 - INFO - Pilot Skuba assigned to 656 Sqn
2024-01-07 10:13:59,038 - INFO - Pilot DJ assigned to 656 Sqn
2024-01-07 10:14:04,092 - INFO - Pilot Carto assigned to 656 Sqn
2024-01-07 10:14:04,579 - INFO - Pilot Action Hero assigned to 656 Sqn
2024-01-07 10:14:04,797 - INFO - Pilot Casper assigned to 656 Sqn
2024-01-07 10:14:05,030 - INFO - Pilot Cowan assigned to 656 Sqn
2024-01-07 10:14:05,259 - INFO - Pilot DannyR assigned to 656 Sqn
2024-01-07 10:14:06,182 - INFO - Running merge.lua script
2024-01-07 10:14:06,182 - INFO - Processing combined data
2024-01-07 10:14:12,295 - INFO - Running merge.lua script
2024-01-07 10:14:12,295 - INFO - Processing combined data
2024-01-07 10:14:35,591 - INFO - Running merge.lua script
2024-01-07 10:14:35,592 - INFO - Processing combined data
2024-01-07 10:16:49,884 - INFO - Running merge.lua script
2024-01-07 10:16:49,884 - INFO - Processing combined data
2024-01-07 10:16:49,917 - INFO - Created index.html output
2024-01-07 10:16:49,917 - INFO - Generating pilot pages
2024-01-07 10:18:17,897 - INFO - Running merge.lua script
2024-01-07 10:18:17,897 - INFO - Processing combined data
2024-01-07 10:18:17,930 - INFO - Created index.html output
2024-01-07 10:18:17,930 - INFO - Generating pilot pages
2024-01-07 10:19:33,819 - INFO - Pilot Action Hero assigned to 656 Sqn
2024-01-07 10:19:41,693 - INFO - Running merge.lua script
2024-01-07 10:19:41,693 - INFO - Processing combined data
2024-01-07 10:19:41,729 - INFO - Created index.html output
2024-01-07 10:19:41,730 - INFO - Generating pilot pages
2024-01-07 10:20:39,964 - INFO - Pilot Casper assigned to 656 Sqn
2024-01-07 10:20:40,176 - INFO - Pilot Cowan assigned to 656 Sqn
2024-01-07 10:20:40,549 - INFO - Pilot DannyR assigned to 656 Sqn
2024-01-07 10:20:50,435 - INFO - Running merge.lua script
2024-01-07 10:20:50,435 - INFO - Processing combined data
2024-01-07 10:20:50,467 - INFO - Created index.html output
2024-01-07 10:20:50,467 - INFO - Generating pilot pages
2024-01-07 10:25:26,142 - INFO - Running merge.lua script
2024-01-07 10:25:26,142 - INFO - Processing combined data
2024-01-07 10:25:26,178 - INFO - Created index.html output
2024-01-07 10:25:26,178 - INFO - Generating pilot pages
2024-01-07 10:26:36,774 - INFO - Pilot Fisher assigned to 656 Sqn
2024-01-07 10:26:37,066 - INFO - Pilot Houseman assigned to 656 Sqn
2024-01-07 10:26:42,899 - INFO - Pilot Lenny assigned to 656 Sqn
2024-01-07 10:26:43,135 - INFO - Pilot MiMiKiwi assigned to 656 Sqn
2024-01-07 10:26:43,326 - INFO - Pilot Phoenix assigned to 656 Sqn
2024-01-07 10:26:43,531 - INFO - Pilot Podo assigned to 656 Sqn
2024-01-07 10:28:28,527 - WARNING - PyNaCl is not installed, voice will NOT be supported
2024-01-07 10:28:28,528 - DEBUG - Using proactor: IocpProactor
2024-01-07 10:28:28,529 - INFO - logging in using static token
2024-01-07 10:28:29,358 - INFO - Shard ID None has connected to Gateway (Session ID: 9fbe9b257572ef32c4b6a08a1b9c2d43).
2024-01-07 10:28:58,651 - INFO - Pilot Solex assigned to 656 Sqn
2024-01-07 10:28:58,902 - INFO - Pilot Varry assigned to 656 Sqn
2024-01-07 10:28:59,101 - INFO - Pilot Venom assigned to 656 Sqn
2024-01-07 10:28:59,299 - INFO - Pilot Yank assigned to 656 Sqn
2024-01-07 10:28:59,584 - INFO - Pilot Monkey assigned to 656 Sqn
2024-01-07 10:29:15,251 - INFO - Running merge.lua script
2024-01-07 10:29:15,251 - INFO - Processing combined data
2024-01-07 10:33:23,750 - INFO - Running merge.lua script
2024-01-07 10:33:23,750 - INFO - Processing combined data
2024-01-07 10:33:23,789 - INFO - Created index.html output
2024-01-07 10:33:23,789 - INFO - Generating pilot pages
2024-01-07 10:35:15,640 - INFO - Pilot RJF assigned to XI Sqn
2024-01-07 10:35:16,099 - INFO - Pilot Ajax assigned to XI Sqn
2024-01-07 10:35:16,392 - INFO - Pilot Cactus assigned to XI Sqn
2024-01-07 10:35:16,641 - INFO - Pilot Poacher assigned to XI Sqn
2024-01-07 10:35:16,957 - INFO - Pilot Scooby assigned to XI Sqn
2024-01-07 10:35:17,364 - INFO - Pilot Jez assigned to XI Sqn
2024-01-07 10:35:21,975 - INFO - Pilot Blythee assigned to XI Sqn
2024-01-07 10:35:22,203 - INFO - Pilot Hawk assigned to XI Sqn
2024-01-07 10:35:22,460 - INFO - Pilot Falcon assigned to XI Sqn
2024-01-07 10:35:22,714 - INFO - Pilot Flynn assigned to XI Sqn
2024-01-07 10:35:22,917 - INFO - Pilot Jethro assigned to XI Sqn
2024-01-07 10:35:27,243 - INFO - Pilot MajorBloodnok assigned to XI Sqn
2024-01-07 10:35:27,421 - INFO - Pilot Yuri assigned to XI Sqn
2024-01-07 10:36:34,516 - INFO - Pilot Dangerman assigned to 617 Sqn
2024-01-07 10:36:34,771 - INFO - Pilot Razor assigned to 617 Sqn
2024-01-07 10:36:35,091 - INFO - Pilot Mailman assigned to 617 Sqn
2024-01-07 10:36:35,332 - INFO - Pilot Gimbal assigned to 617 Sqn
2024-01-07 10:36:35,568 - INFO - Pilot Bogus assigned to 617 Sqn
2024-01-07 10:36:35,887 - INFO - Pilot Wee Neal assigned to 617 Sqn
2024-01-07 10:36:40,829 - INFO - Pilot Swift One assigned to 617 Sqn
2024-01-07 10:36:41,246 - INFO - Pilot Christian assigned to 617 Sqn
2024-01-07 10:36:41,451 - INFO - Pilot Jester assigned to 617 Sqn
2024-01-07 10:36:41,685 - INFO - Pilot Liminal assigned to 617 Sqn
2024-01-07 10:36:41,904 - INFO - Pilot Monkey assigned to 617 Sqn
2024-01-07 10:36:42,098 - INFO - Pilot Funky assigned to 617 Sqn
2024-01-07 10:36:47,068 - INFO - Pilot Steph assigned to 617 Sqn
2024-01-07 10:37:48,995 - INFO - Pilot Cactus assigned to IV Sqn
2024-01-07 10:37:49,261 - INFO - Pilot Poacher assigned to IV Sqn
2024-01-07 10:37:49,543 - INFO - Pilot RJF assigned to IV Sqn
2024-01-07 10:37:49,860 - INFO - Pilot Flynn assigned to IV Sqn
2024-01-07 10:37:50,313 - INFO - Pilot Buck assigned to IV Sqn
2024-01-07 10:37:50,511 - INFO - Pilot Gimbal assigned to IV Sqn
2024-01-07 10:37:55,273 - INFO - Pilot Puddles assigned to IV Sqn
2024-01-07 10:37:55,522 - INFO - Pilot Jxckmc assigned to IV Sqn
2024-01-07 10:37:55,830 - INFO - Pilot Spectre assigned to IV Sqn
2024-01-07 10:37:56,193 - INFO - Pilot Monkey assigned to IV Sqn
2024-01-07 10:37:56,392 - INFO - Pilot Ripper66 assigned to IV Sqn
2024-01-07 10:37:56,769 - INFO - Pilot Fisher assigned to IV Sqn
2024-01-07 10:38:01,486 - INFO - Pilot Houseman assigned to IV Sqn
2024-01-07 10:38:01,729 - INFO - Pilot Wee Neal assigned to IV Sqn
2024-01-07 10:38:01,955 - INFO - Pilot Christian assigned to IV Sqn
2024-01-07 10:38:02,152 - INFO - Pilot Jez assigned to IV Sqn
2024-01-07 10:38:02,440 - INFO - Pilot Hawk assigned to IV Sqn
2024-01-07 10:44:35,066 - INFO - Running merge.lua script
2024-01-07 10:44:35,066 - INFO - Processing combined data
2024-01-07 10:44:35,116 - INFO - Created index.html output
2024-01-07 10:44:35,116 - INFO - Generating pilot pages
2024-01-07 10:49:27,674 - INFO - Pilot Duke assigned to 801 NAS
2024-01-07 10:49:37,145 - INFO - Running merge.lua script
2024-01-07 10:49:37,146 - INFO - Processing combined data
2024-01-07 10:49:37,194 - INFO - Created index.html output
2024-01-07 10:49:37,195 - INFO - Generating pilot pages
2024-01-07 10:53:05,121 - WARNING - PyNaCl is not installed, voice will NOT be supported
2024-01-07 10:53:05,121 - DEBUG - Using proactor: IocpProactor
2024-01-07 10:53:05,122 - INFO - logging in using static token
2024-01-07 10:53:06,157 - INFO - Shard ID None has connected to Gateway (Session ID: 43647261e7bca1360f14fcef5856e767).
2024-01-07 10:53:16,887 - INFO - Pilot Slippy assigned to 801 NAS
2024-01-07 10:53:17,161 - INFO - Created index.html output
2024-01-07 10:59:42,380 - INFO - Running merge.lua script
2024-01-07 10:59:42,380 - INFO - Processing combined data
2024-01-07 10:59:42,435 - INFO - Created index.html output
2024-01-07 10:59:42,435 - INFO - Generating pilot pages
