2024-01-06 13:12:22,948 - INFO - Database and tables created successfully.
2024-01-06 15:20:25,627 - INFO - Squadron added
2024-01-06 15:20:25,634 - INFO - Squadron deleted
2024-01-06 15:21:46,962 - INFO - Squadron added: 802 NAS
2024-01-06 15:21:46,969 - INFO - Squadron deleted: 802 NAS
2024-01-06 15:22:04,234 - INFO - Squadron edited: 802 NAS
2024-01-06 15:22:04,241 - INFO - Squadron added: 802 NAS
2024-01-06 15:22:04,248 - INFO - Squadron deleted: 802 NAS
2024-01-06 15:25:31,017 - INFO - Squadron edited: 802 NAS
2024-01-06 15:25:31,025 - INFO - Squadron added: 802 NAS
2024-01-06 15:25:31,032 - INFO - Squadron deleted: 802 NAS
2024-01-06 16:10:19,243 - INFO - Running merge.lua script
2024-01-06 16:10:19,285 - INFO - Processing combined data
2024-01-06 16:10:19,290 - INFO - Created html output
2024-01-06 16:10:50,034 - INFO - Running merge.lua script
2024-01-06 16:10:50,067 - INFO - Processing combined data
2024-01-06 16:10:50,067 - INFO - Created html output
2024-01-06 16:11:10,042 - INFO - Running merge.lua script
2024-01-06 16:11:10,082 - INFO - Processing combined data
2024-01-06 16:11:10,082 - INFO - Created html output
2024-01-06 16:13:36,247 - INFO - Running merge.lua script
2024-01-06 16:13:36,290 - INFO - Processing combined data
2024-01-06 16:13:36,290 - ERROR - Invalid or empty 'squadrons' data provided.
2024-01-06 16:13:36,290 - INFO - Created html output
2024-01-06 16:14:14,847 - INFO - Running merge.lua script
2024-01-06 16:14:14,889 - INFO - Processing combined data
2024-01-06 16:14:14,894 - ERROR - Invalid or empty 'squadrons' data provided.
2024-01-06 16:14:14,894 - INFO - Created html output
2024-01-06 16:15:45,348 - INFO - Running merge.lua script
2024-01-06 16:15:45,388 - INFO - Processing combined data
2024-01-06 16:15:45,394 - ERROR - Invalid or empty 'squadrons' data provided.
2024-01-06 16:15:45,394 - INFO - Created html output
2024-01-06 16:15:50,906 - INFO - Running merge.lua script
2024-01-06 16:15:50,932 - INFO - Processing combined data
2024-01-06 16:15:50,947 - ERROR - Invalid or empty 'squadrons' data provided.
2024-01-06 16:15:50,947 - INFO - Created html output
2024-01-06 16:16:18,657 - INFO - Running merge.lua script
2024-01-06 16:16:18,686 - INFO - Processing combined data
2024-01-06 16:16:18,701 - ERROR - Invalid or empty 'squadrons' data provided.
2024-01-06 16:16:18,701 - INFO - Created html output
2024-01-06 16:17:17,114 - INFO - Running merge.lua script
2024-01-06 16:17:17,156 - INFO - Processing combined data
2024-01-06 16:17:17,161 - ERROR - Invalid or empty 'squadrons' data provided.
2024-01-06 16:17:17,161 - INFO - Created html output
2024-01-06 16:17:31,951 - INFO - Running merge.lua script
2024-01-06 16:17:31,991 - INFO - Processing combined data
2024-01-06 16:17:31,997 - ERROR - Invalid or empty 'squadrons' data provided.
2024-01-06 16:17:31,997 - INFO - Created html output
2024-01-06 16:17:38,688 - INFO - Running merge.lua script
2024-01-06 16:17:38,720 - INFO - Processing combined data
2024-01-06 16:17:38,735 - ERROR - Invalid or empty 'squadrons' data provided.
2024-01-06 16:17:38,735 - INFO - Created html output
2024-01-06 16:18:21,118 - INFO - Running merge.lua script
2024-01-06 16:18:21,158 - INFO - Processing combined data
2024-01-06 16:18:21,158 - ERROR - Invalid or empty 'squadrons' data provided
2024-01-06 16:18:21,158 - INFO - Created html output
2024-01-06 16:18:36,864 - INFO - Running merge.lua script
2024-01-06 16:18:36,906 - INFO - Processing combined data
2024-01-06 16:18:36,910 - ERROR - Invalid or empty 'squadrons' data provided
2024-01-06 16:18:36,911 - INFO - Created html output
2024-01-06 16:24:34,725 - INFO - Running merge.lua script
2024-01-06 16:24:34,767 - INFO - Processing combined data
2024-01-06 16:24:34,774 - INFO - Created html output
2024-01-06 16:27:44,979 - INFO - Running merge.lua script
2024-01-06 16:27:45,022 - INFO - Processing combined data
2024-01-06 16:27:45,029 - INFO - Created html output
2024-01-06 16:28:23,255 - INFO - Running merge.lua script
2024-01-06 16:28:23,296 - INFO - Processing combined data
2024-01-06 16:28:23,296 - INFO - Created html output
2024-01-06 16:28:29,556 - INFO - Running merge.lua script
2024-01-06 16:28:29,592 - INFO - Processing combined data
2024-01-06 16:28:29,592 - INFO - Created html output
2024-01-06 16:28:51,224 - INFO - Running merge.lua script
2024-01-06 16:28:51,264 - INFO - Processing combined data
2024-01-06 16:28:51,272 - INFO - Created html output
2024-01-06 16:30:31,991 - INFO - Running merge.lua script
2024-01-06 16:30:32,033 - INFO - Processing combined data
2024-01-06 16:30:32,040 - INFO - Created html output
2024-01-06 16:31:07,453 - INFO - Running merge.lua script
2024-01-06 16:31:07,493 - INFO - Processing combined data
2024-01-06 16:31:07,501 - INFO - Created html output
2024-01-06 16:32:15,476 - INFO - Running merge.lua script
2024-01-06 16:32:15,519 - INFO - Processing combined data
2024-01-06 16:32:15,526 - INFO - Created html output
2024-01-06 16:32:49,776 - INFO - Squadron edited: 801 NAS
2024-01-06 16:32:51,685 - INFO - Squadron edited: 801 NAS
2024-01-06 16:32:51,686 - INFO - Running merge.lua script
2024-01-06 16:32:51,726 - INFO - Processing combined data
2024-01-06 16:32:51,734 - INFO - Created html output
2024-01-06 16:33:59,691 - INFO - Squadron edited: 801 NAS
2024-01-06 16:33:59,691 - INFO - Running merge.lua script
2024-01-06 16:33:59,733 - INFO - Processing combined data
2024-01-06 16:33:59,740 - INFO - Created html output
2024-01-06 16:34:11,248 - INFO - Squadron edited: 801 NAS
2024-01-06 16:34:11,249 - INFO - Running merge.lua script
2024-01-06 16:34:11,289 - INFO - Processing combined data
2024-01-06 16:34:11,296 - INFO - Created html output
2024-01-06 16:43:35,806 - INFO - Pilot Engines to 801 NAS
2024-01-06 16:45:23,019 - INFO - Pilot Engines moved to 892 NAS
2024-01-06 16:45:37,501 - INFO - Pilot Engines moved to 801 NAS
2024-01-06 16:46:45,137 - INFO - Pilot Engines removed from all squadrons
2024-01-06 16:47:00,346 - INFO - Pilot Engines assigned to 801 NAS
2024-01-06 20:22:05,864 - INFO - Running merge.lua script
2024-01-06 20:22:05,948 - INFO - Processing combined data
2024-01-06 20:24:01,156 - INFO - Running merge.lua script
2024-01-06 20:24:01,156 - INFO - Processing combined data
2024-01-06 20:27:01,106 - INFO - Running merge.lua script
2024-01-06 20:27:01,106 - INFO - Processing combined data
2024-01-06 20:27:45,648 - INFO - Running merge.lua script
2024-01-06 20:27:45,648 - INFO - Processing combined data
2024-01-06 20:27:45,663 - INFO - Created html output
2024-01-06 20:31:30,410 - INFO - Running merge.lua script
2024-01-06 20:31:30,410 - INFO - Processing combined data
2024-01-06 20:31:49,453 - INFO - Running merge.lua script
2024-01-06 20:31:49,453 - INFO - Processing combined data
2024-01-06 20:31:49,469 - INFO - Created html output
2024-01-06 20:32:30,526 - INFO - Running merge.lua script
2024-01-06 20:32:30,526 - INFO - Processing combined data
2024-01-06 20:32:30,537 - INFO - Created html output
2024-01-06 20:32:56,552 - INFO - Running merge.lua script
2024-01-06 20:32:56,552 - INFO - Processing combined data
2024-01-06 20:32:56,552 - INFO - Created html output
2024-01-06 20:34:17,895 - INFO - Running merge.lua script
2024-01-06 20:34:17,895 - INFO - Processing combined data
2024-01-06 20:34:17,911 - INFO - Created html output
2024-01-06 20:35:00,595 - INFO - Running merge.lua script
2024-01-06 20:35:00,595 - INFO - Processing combined data
2024-01-06 20:35:00,620 - INFO - Created html output
2024-01-06 20:38:58,536 - INFO - Running merge.lua script
2024-01-06 20:38:58,536 - INFO - Processing combined data
2024-01-06 20:39:35,555 - INFO - Running merge.lua script
2024-01-06 20:39:35,555 - INFO - Processing combined data
2024-01-06 20:39:35,566 - INFO - Created html output
2024-01-06 20:39:52,359 - INFO - Running merge.lua script
2024-01-06 20:39:52,359 - INFO - Processing combined data
2024-01-06 20:39:52,359 - INFO - Created html output
2024-01-06 20:45:08,935 - INFO - Running merge.lua script
2024-01-06 20:45:08,935 - INFO - Processing combined data
2024-01-06 20:45:08,935 - INFO - Created html output
2024-01-06 20:46:26,488 - INFO - Running merge.lua script
2024-01-06 20:46:26,488 - INFO - Processing combined data
2024-01-06 20:46:26,499 - INFO - Created html output
2024-01-06 20:47:09,073 - INFO - Running merge.lua script
2024-01-06 20:47:09,073 - INFO - Processing combined data
2024-01-06 20:47:09,087 - INFO - Created html output
2024-01-06 20:50:31,066 - INFO - Running merge.lua script
2024-01-06 20:50:31,066 - INFO - Processing combined data
2024-01-06 20:50:31,082 - INFO - Created html output
2024-01-06 20:50:52,316 - INFO - Running merge.lua script
2024-01-06 20:50:52,316 - INFO - Processing combined data
2024-01-06 20:50:52,325 - INFO - Created html output
2024-01-06 20:54:11,907 - INFO - Running merge.lua script
2024-01-06 20:54:11,907 - INFO - Processing combined data
2024-01-06 20:54:11,917 - INFO - Created html output
2024-01-06 20:56:09,657 - INFO - Running merge.lua script
2024-01-06 20:56:09,657 - INFO - Processing combined data
2024-01-06 20:56:09,657 - INFO - Created html output
2024-01-06 21:07:02,074 - INFO - Running merge.lua script
2024-01-06 21:07:02,074 - INFO - Processing combined data
2024-01-06 21:07:02,082 - INFO - Created index.html output
2024-01-06 21:07:02,083 - INFO - Generating pilot pages
2024-01-06 21:08:08,995 - INFO - Running merge.lua script
2024-01-06 21:08:08,995 - INFO - Processing combined data
2024-01-06 21:08:09,003 - INFO - Created index.html output
2024-01-06 21:08:09,003 - INFO - Generating pilot pages
2024-01-06 21:08:27,153 - INFO - Running merge.lua script
2024-01-06 21:08:27,153 - INFO - Processing combined data
2024-01-06 21:08:27,153 - INFO - Created index.html output
2024-01-06 21:08:27,153 - INFO - Generating pilot pages
2024-01-06 21:09:48,594 - INFO - Running merge.lua script
2024-01-06 21:09:48,595 - INFO - Processing combined data
2024-01-06 21:09:48,603 - INFO - Created index.html output
2024-01-06 21:09:48,603 - INFO - Generating pilot pages
2024-01-06 21:10:41,685 - INFO - Running merge.lua script
2024-01-06 21:10:41,685 - INFO - Processing combined data
2024-01-06 21:10:41,685 - INFO - Created index.html output
2024-01-06 21:10:41,685 - INFO - Generating pilot pages
2024-01-06 21:12:55,393 - INFO - Running merge.lua script
2024-01-06 21:12:55,393 - INFO - Processing combined data
2024-01-06 21:12:55,408 - INFO - Created index.html output
2024-01-06 21:12:55,408 - INFO - Generating pilot pages
2024-01-06 21:13:09,862 - INFO - Running merge.lua script
2024-01-06 21:13:09,862 - INFO - Processing combined data
2024-01-06 21:13:09,877 - INFO - Created index.html output
2024-01-06 21:13:09,877 - INFO - Generating pilot pages
2024-01-06 21:18:02,953 - INFO - Running merge.lua script
2024-01-06 21:18:02,953 - INFO - Processing combined data
2024-01-06 21:18:02,953 - INFO - Created index.html output
2024-01-06 21:18:02,953 - INFO - Generating pilot pages
2024-01-06 21:20:27,379 - INFO - Running merge.lua script
2024-01-06 21:20:27,379 - INFO - Processing combined data
2024-01-06 21:20:27,380 - INFO - Created index.html output
2024-01-06 21:20:27,380 - INFO - Generating pilot pages
2024-01-06 21:20:55,828 - INFO - Running merge.lua script
2024-01-06 21:20:55,828 - INFO - Processing combined data
2024-01-06 21:20:55,837 - INFO - Created index.html output
2024-01-06 21:20:55,837 - INFO - Generating pilot pages
2024-01-06 21:22:41,176 - INFO - Running merge.lua script
2024-01-06 21:22:41,176 - INFO - Processing combined data
2024-01-06 21:22:41,191 - INFO - Created index.html output
2024-01-06 21:22:41,191 - INFO - Generating pilot pages
2024-01-06 21:22:51,034 - INFO - Running merge.lua script
2024-01-06 21:22:51,034 - INFO - Processing combined data
2024-01-06 21:22:51,034 - INFO - Created index.html output
2024-01-06 21:22:51,034 - INFO - Generating pilot pages
2024-01-06 21:25:12,284 - INFO - Running merge.lua script
2024-01-06 21:25:12,284 - INFO - Processing combined data
2024-01-06 21:25:12,293 - INFO - Created index.html output
2024-01-06 21:25:12,293 - INFO - Generating pilot pages
2024-01-06 21:26:49,826 - INFO - Running merge.lua script
2024-01-06 21:26:49,826 - INFO - Processing combined data
2024-01-06 21:26:49,826 - INFO - Created index.html output
2024-01-06 21:26:49,826 - INFO - Generating pilot pages
2024-01-06 21:30:25,977 - INFO - Running merge.lua script
2024-01-06 21:30:25,977 - INFO - Processing combined data
2024-01-06 21:30:25,992 - INFO - Created index.html output
2024-01-06 21:30:25,992 - INFO - Generating pilot pages
2024-01-06 21:35:57,723 - INFO - Running merge.lua script
2024-01-06 21:35:57,723 - INFO - Processing combined data
2024-01-06 21:35:57,739 - INFO - Created index.html output
2024-01-06 21:35:57,739 - INFO - Generating pilot pages
2024-01-06 21:39:44,416 - INFO - Running merge.lua script
2024-01-06 21:39:44,416 - INFO - Processing combined data
2024-01-06 21:39:44,431 - INFO - Created index.html output
2024-01-06 21:39:44,431 - INFO - Generating pilot pages
2024-01-06 21:42:21,512 - INFO - Running merge.lua script
2024-01-06 21:42:21,512 - INFO - Processing combined data
2024-01-06 21:42:21,521 - INFO - Created index.html output
2024-01-06 21:42:21,521 - INFO - Generating pilot pages
2024-01-06 21:45:09,658 - INFO - Running merge.lua script
2024-01-06 21:45:09,658 - INFO - Processing combined data
2024-01-06 21:45:09,667 - INFO - Created index.html output
2024-01-06 21:45:09,667 - INFO - Generating pilot pages
2024-01-06 21:45:15,475 - INFO - Running merge.lua script
2024-01-06 21:45:15,475 - INFO - Processing combined data
2024-01-06 21:45:15,484 - INFO - Created index.html output
2024-01-06 21:45:15,484 - INFO - Generating pilot pages
2024-01-06 21:48:33,332 - INFO - Running merge.lua script
2024-01-06 21:48:33,332 - INFO - Processing combined data
2024-01-06 21:48:33,341 - INFO - Created index.html output
2024-01-06 21:48:33,341 - INFO - Generating pilot pages
2024-01-06 21:51:27,626 - INFO - Running merge.lua script
2024-01-06 21:51:27,626 - INFO - Processing combined data
2024-01-06 21:51:27,634 - INFO - Created index.html output
2024-01-06 21:51:27,634 - INFO - Generating pilot pages
2024-01-06 21:52:27,272 - INFO - Running merge.lua script
2024-01-06 21:52:27,272 - INFO - Processing combined data
2024-01-06 21:52:27,288 - INFO - Created index.html output
2024-01-06 21:52:27,288 - INFO - Generating pilot pages
2024-01-06 21:57:04,618 - INFO - Running merge.lua script
2024-01-06 21:57:04,618 - INFO - Processing combined data
2024-01-06 21:57:04,633 - INFO - Created index.html output
2024-01-06 21:57:04,633 - INFO - Generating pilot pages
2024-01-06 22:00:18,162 - INFO - Running merge.lua script
2024-01-06 22:00:18,162 - INFO - Processing combined data
2024-01-06 22:00:18,171 - INFO - Created index.html output
2024-01-06 22:00:18,171 - INFO - Generating pilot pages
2024-01-06 22:31:24,474 - WARNING - PyNaCl is not installed, voice will NOT be supported
2024-01-06 22:31:24,474 - DEBUG - Using proactor: IocpProactor
2024-01-06 22:31:24,475 - WARNING - Privileged message content intent is missing, commands may not work as expected.
2024-01-06 22:31:24,475 - INFO - logging in using static token
2024-01-06 22:31:25,240 - INFO - Shard ID None has connected to Gateway (Session ID: 72db5f6359112813a5b05f1d32cda786).
2024-01-06 22:34:41,958 - WARNING - PyNaCl is not installed, voice will NOT be supported
2024-01-06 22:34:41,958 - DEBUG - Using proactor: IocpProactor
2024-01-06 22:34:41,958 - WARNING - Privileged message content intent is missing, commands may not work as expected.
2024-01-06 22:34:41,958 - INFO - logging in using static token
2024-01-06 22:34:42,785 - INFO - Shard ID None has connected to Gateway (Session ID: 9a2987495e1671340b758b3027972e2c).
2024-01-06 22:35:12,723 - WARNING - PyNaCl is not installed, voice will NOT be supported
2024-01-06 22:35:12,723 - DEBUG - Using proactor: IocpProactor
2024-01-06 22:35:12,723 - WARNING - Privileged message content intent is missing, commands may not work as expected.
2024-01-06 22:35:12,723 - INFO - logging in using static token
2024-01-06 22:35:13,554 - INFO - Shard ID None has connected to Gateway (Session ID: 202676dec277ff44d971739d14b895b9).
2024-01-06 22:37:06,656 - WARNING - PyNaCl is not installed, voice will NOT be supported
2024-01-06 22:37:06,657 - DEBUG - Using proactor: IocpProactor
2024-01-06 22:37:06,657 - WARNING - Privileged message content intent is missing, commands may not work as expected.
2024-01-06 22:37:06,658 - INFO - logging in using static token
2024-01-06 22:37:07,520 - INFO - Shard ID None has connected to Gateway (Session ID: 7cbe37d76e7974e450320991059b941c).
2024-01-06 22:39:11,488 - WARNING - PyNaCl is not installed, voice will NOT be supported
2024-01-06 22:39:11,488 - DEBUG - Using proactor: IocpProactor
2024-01-06 22:39:11,489 - INFO - logging in using static token
2024-01-06 22:39:12,259 - INFO - Shard ID None has connected to Gateway (Session ID: 828727e8ade225a885bc5fdb0b2ea2e5).
2024-01-06 22:39:22,575 - INFO - Assigning pilot: mailman
2024-01-06 22:39:22,575 - ERROR - Ignoring exception in command assign_pilot
Traceback (most recent call last):
  File "C:\Users\Gavin\Dropbox\Git Repos\Project Mayfly\env\Lib\site-packages\discord\ext\commands\core.py", line 235, in wrapped
    ret = await coro(*args, **kwargs)
          ^^^^^^^^^^^^^^^^^^^^^^^^^^^
  File "C:\Users\Gavin\Dropbox\Git Repos\Project Mayfly\src\bot.py", line 16, in assign_pilot
    pilot_id = find_pilot_id_by_name(pilot_name)
               ^^^^^^^^^^^^^^^^^^^^^^^^^^^^^^^^^
TypeError: find_pilot_id_by_name() missing 1 required positional argument: 'pilot_name'

The above exception was the direct cause of the following exception:

Traceback (most recent call last):
  File "C:\Users\Gavin\Dropbox\Git Repos\Project Mayfly\env\Lib\site-packages\discord\ext\commands\bot.py", line 1350, in invoke
    await ctx.command.invoke(ctx)
  File "C:\Users\Gavin\Dropbox\Git Repos\Project Mayfly\env\Lib\site-packages\discord\ext\commands\core.py", line 1029, in invoke
    await injected(*ctx.args, **ctx.kwargs)  # type: ignore
    ^^^^^^^^^^^^^^^^^^^^^^^^^^^^^^^^^^^^^^^
  File "C:\Users\Gavin\Dropbox\Git Repos\Project Mayfly\env\Lib\site-packages\discord\ext\commands\core.py", line 244, in wrapped
    raise CommandInvokeError(exc) from exc
discord.ext.commands.errors.CommandInvokeError: Command raised an exception: TypeError: find_pilot_id_by_name() missing 1 required positional argument: 'pilot_name'
2024-01-06 22:40:48,146 - INFO - Assigning pilot: Mailman
2024-01-06 22:40:48,146 - ERROR - Ignoring exception in command assign_pilot
Traceback (most recent call last):
  File "C:\Users\Gavin\Dropbox\Git Repos\Project Mayfly\env\Lib\site-packages\discord\ext\commands\core.py", line 235, in wrapped
    ret = await coro(*args, **kwargs)
          ^^^^^^^^^^^^^^^^^^^^^^^^^^^
  File "C:\Users\Gavin\Dropbox\Git Repos\Project Mayfly\src\bot.py", line 16, in assign_pilot
    pilot_id = find_pilot_id_by_name(pilot_name)
               ^^^^^^^^^^^^^^^^^^^^^^^^^^^^^^^^^
TypeError: find_pilot_id_by_name() missing 1 required positional argument: 'pilot_name'

The above exception was the direct cause of the following exception:

Traceback (most recent call last):
  File "C:\Users\Gavin\Dropbox\Git Repos\Project Mayfly\env\Lib\site-packages\discord\ext\commands\bot.py", line 1350, in invoke
    await ctx.command.invoke(ctx)
  File "C:\Users\Gavin\Dropbox\Git Repos\Project Mayfly\env\Lib\site-packages\discord\ext\commands\core.py", line 1029, in invoke
    await injected(*ctx.args, **ctx.kwargs)  # type: ignore
    ^^^^^^^^^^^^^^^^^^^^^^^^^^^^^^^^^^^^^^^
  File "C:\Users\Gavin\Dropbox\Git Repos\Project Mayfly\env\Lib\site-packages\discord\ext\commands\core.py", line 244, in wrapped
    raise CommandInvokeError(exc) from exc
discord.ext.commands.errors.CommandInvokeError: Command raised an exception: TypeError: find_pilot_id_by_name() missing 1 required positional argument: 'pilot_name'
2024-01-06 22:40:59,165 - INFO - Assigning pilot: Engines
2024-01-06 22:40:59,165 - ERROR - Ignoring exception in command assign_pilot
Traceback (most recent call last):
  File "C:\Users\Gavin\Dropbox\Git Repos\Project Mayfly\env\Lib\site-packages\discord\ext\commands\core.py", line 235, in wrapped
    ret = await coro(*args, **kwargs)
          ^^^^^^^^^^^^^^^^^^^^^^^^^^^
  File "C:\Users\Gavin\Dropbox\Git Repos\Project Mayfly\src\bot.py", line 16, in assign_pilot
    pilot_id = find_pilot_id_by_name(pilot_name)
               ^^^^^^^^^^^^^^^^^^^^^^^^^^^^^^^^^
TypeError: find_pilot_id_by_name() missing 1 required positional argument: 'pilot_name'

The above exception was the direct cause of the following exception:

Traceback (most recent call last):
  File "C:\Users\Gavin\Dropbox\Git Repos\Project Mayfly\env\Lib\site-packages\discord\ext\commands\bot.py", line 1350, in invoke
    await ctx.command.invoke(ctx)
  File "C:\Users\Gavin\Dropbox\Git Repos\Project Mayfly\env\Lib\site-packages\discord\ext\commands\core.py", line 1029, in invoke
    await injected(*ctx.args, **ctx.kwargs)  # type: ignore
    ^^^^^^^^^^^^^^^^^^^^^^^^^^^^^^^^^^^^^^^
  File "C:\Users\Gavin\Dropbox\Git Repos\Project Mayfly\env\Lib\site-packages\discord\ext\commands\core.py", line 244, in wrapped
    raise CommandInvokeError(exc) from exc
discord.ext.commands.errors.CommandInvokeError: Command raised an exception: TypeError: find_pilot_id_by_name() missing 1 required positional argument: 'pilot_name'
2024-01-06 22:41:45,367 - WARNING - PyNaCl is not installed, voice will NOT be supported
2024-01-06 22:41:45,367 - DEBUG - Using proactor: IocpProactor
2024-01-06 22:41:45,375 - INFO - logging in using static token
2024-01-06 22:41:46,255 - INFO - Shard ID None has connected to Gateway (Session ID: 35a9c4dd9b5801fb203c4a5249944c4c).
2024-01-06 22:41:50,975 - INFO - Assigning pilot: Mailman
2024-01-06 22:41:50,975 - ERROR - Ignoring exception in command assign_pilot
Traceback (most recent call last):
  File "C:\Users\Gavin\Dropbox\Git Repos\Project Mayfly\env\Lib\site-packages\discord\ext\commands\core.py", line 235, in wrapped
    ret = await coro(*args, **kwargs)
          ^^^^^^^^^^^^^^^^^^^^^^^^^^^
  File "C:\Users\Gavin\Dropbox\Git Repos\Project Mayfly\src\bot.py", line 16, in assign_pilot
    pilot_id = find_pilot_id_by_name(pilot_name)
               ^^^^^^^^^^^^^^^^^^^^^^^^^^^^^^^^^
TypeError: find_pilot_id_by_name() missing 1 required positional argument: 'pilot_name'

The above exception was the direct cause of the following exception:

Traceback (most recent call last):
  File "C:\Users\Gavin\Dropbox\Git Repos\Project Mayfly\env\Lib\site-packages\discord\ext\commands\bot.py", line 1350, in invoke
    await ctx.command.invoke(ctx)
  File "C:\Users\Gavin\Dropbox\Git Repos\Project Mayfly\env\Lib\site-packages\discord\ext\commands\core.py", line 1029, in invoke
    await injected(*ctx.args, **ctx.kwargs)  # type: ignore
    ^^^^^^^^^^^^^^^^^^^^^^^^^^^^^^^^^^^^^^^
  File "C:\Users\Gavin\Dropbox\Git Repos\Project Mayfly\env\Lib\site-packages\discord\ext\commands\core.py", line 244, in wrapped
    raise CommandInvokeError(exc) from exc
discord.ext.commands.errors.CommandInvokeError: Command raised an exception: TypeError: find_pilot_id_by_name() missing 1 required positional argument: 'pilot_name'
2024-01-06 22:43:29,243 - WARNING - PyNaCl is not installed, voice will NOT be supported
2024-01-06 22:43:29,244 - DEBUG - Using proactor: IocpProactor
2024-01-06 22:43:29,244 - INFO - logging in using static token
2024-01-06 22:43:30,024 - INFO - Shard ID None has connected to Gateway (Session ID: c529f1c3ce5137d0292d7a9572f86ef8).
2024-01-06 22:43:36,916 - INFO - Assigning pilot: Mailman
2024-01-06 22:43:36,919 - ERROR - Ignoring exception in command assign_pilot
Traceback (most recent call last):
  File "C:\Users\Gavin\Dropbox\Git Repos\Project Mayfly\env\Lib\site-packages\discord\ext\commands\core.py", line 235, in wrapped
    ret = await coro(*args, **kwargs)
          ^^^^^^^^^^^^^^^^^^^^^^^^^^^
  File "C:\Users\Gavin\Dropbox\Git Repos\Project Mayfly\src\bot.py", line 23, in assign_pilot
    squadrons = get_squadron_ids()
                ^^^^^^^^^^^^^^^^^^
TypeError: get_squadron_ids() missing 1 required positional argument: 'db_path'

The above exception was the direct cause of the following exception:

Traceback (most recent call last):
  File "C:\Users\Gavin\Dropbox\Git Repos\Project Mayfly\env\Lib\site-packages\discord\ext\commands\bot.py", line 1350, in invoke
    await ctx.command.invoke(ctx)
  File "C:\Users\Gavin\Dropbox\Git Repos\Project Mayfly\env\Lib\site-packages\discord\ext\commands\core.py", line 1029, in invoke
    await injected(*ctx.args, **ctx.kwargs)  # type: ignore
    ^^^^^^^^^^^^^^^^^^^^^^^^^^^^^^^^^^^^^^^
  File "C:\Users\Gavin\Dropbox\Git Repos\Project Mayfly\env\Lib\site-packages\discord\ext\commands\core.py", line 244, in wrapped
    raise CommandInvokeError(exc) from exc
discord.ext.commands.errors.CommandInvokeError: Command raised an exception: TypeError: get_squadron_ids() missing 1 required positional argument: 'db_path'
2024-01-06 22:45:00,965 - WARNING - PyNaCl is not installed, voice will NOT be supported
2024-01-06 22:45:00,965 - DEBUG - Using proactor: IocpProactor
2024-01-06 22:45:00,965 - INFO - logging in using static token
2024-01-06 22:45:01,857 - INFO - Shard ID None has connected to Gateway (Session ID: 5a41aefc1abde50579e7a6125c81bdea).
2024-01-06 22:45:05,693 - INFO - Assigning pilot: Mailman
2024-01-06 22:45:18,622 - ERROR - Error in assign_pilot: assign_pilot_to_squadron() missing 1 required positional argument: 'squadron_id'
2024-01-06 22:46:46,567 - WARNING - PyNaCl is not installed, voice will NOT be supported
2024-01-06 22:46:46,567 - DEBUG - Using proactor: IocpProactor
2024-01-06 22:46:46,567 - INFO - logging in using static token
2024-01-06 22:46:48,009 - INFO - Shard ID None has connected to Gateway (Session ID: 39b59d79e33fd57f71ef17527519bb0e).
2024-01-06 22:46:52,386 - INFO - Assigning pilot: Mailman
2024-01-06 22:46:55,649 - INFO - Pilot Mailman assigned to 892 NAS
2024-01-06 22:46:55,863 - INFO - Pilot Mailman assigned to squadrons: ['892 NAS']
2024-01-06 22:48:02,505 - WARNING - PyNaCl is not installed, voice will NOT be supported
2024-01-06 22:48:02,505 - DEBUG - Using proactor: IocpProactor
2024-01-06 22:48:02,505 - INFO - logging in using static token
2024-01-06 22:48:03,356 - INFO - Shard ID None has connected to Gateway (Session ID: 2d90af1bd7eff0024916a76d40524458).
2024-01-06 22:48:16,326 - INFO - Assigning pilot: razor
2024-01-06 22:48:23,224 - INFO - Pilot Razor assigned to 617 Sqn
2024-01-06 22:48:23,436 - INFO - Pilot razor assigned to squadrons: ['617 Sqn']
2024-01-06 22:49:14,831 - INFO - Running merge.lua script
2024-01-06 22:49:14,831 - INFO - Processing combined data
2024-01-06 22:49:14,847 - INFO - Created index.html output
2024-01-06 22:49:14,847 - INFO - Generating pilot pages
2024-01-07 09:34:33,741 - ERROR - Error running Lua script: lua54: src/lua/merge.lua:3: module 'dkjson' not found:
	no field package.preload['dkjson']
	no file 'C:\lua\lua\dkjson.lua'
	no file 'C:\lua\lua\dkjson\init.lua'
	no file 'C:\lua\dkjson.lua'
	no file 'C:\lua\dkjson\init.lua'
	no file 'C:\lua\..\share\lua\5.4\dkjson.lua'
	no file 'C:\lua\..\share\lua\5.4\dkjson\init.lua'
	no file '.\dkjson.lua'
	no file '.\dkjson\init.lua'
	no file 'C:\lua\dkjson.dll'
	no file 'C:\lua\..\lib\lua\5.4\dkjson.dll'
	no file 'C:\lua\loadall.dll'
	no file '.\dkjson.dll'
	no file 'C:\lua\dkjson54.dll'
	no file '.\dkjson54.dll'
stack traceback:
	[C]: in function 'require'
	src/lua/merge.lua:3: in main chunk
	[C]: in ?

2024-01-07 09:37:00,977 - ERROR - Error running Lua script: lua54: src/lua/merge.lua:3: module 'dkjson' not found:
	no field package.preload['dkjson']
	no file 'C:\lua\lua\dkjson.lua'
	no file 'C:\lua\lua\dkjson\init.lua'
	no file 'C:\lua\dkjson.lua'
	no file 'C:\lua\dkjson\init.lua'
	no file 'C:\lua\..\share\lua\5.4\dkjson.lua'
	no file 'C:\lua\..\share\lua\5.4\dkjson\init.lua'
	no file '.\dkjson.lua'
	no file '.\dkjson\init.lua'
	no file 'C:\lua\dkjson.dll'
	no file 'C:\lua\..\lib\lua\5.4\dkjson.dll'
	no file 'C:\lua\loadall.dll'
	no file '.\dkjson.dll'
	no file 'C:\lua\dkjson54.dll'
	no file '.\dkjson54.dll'
stack traceback:
	[C]: in function 'require'
	src/lua/merge.lua:3: in main chunk
	[C]: in ?

2024-01-07 09:39:31,602 - ERROR - Error running Lua script: lua54: src/lua/merge.lua:3: module 'dkjson' not found:
	no field package.preload['dkjson']
	no file 'C:\lua\lua\dkjson.lua'
	no file 'C:\lua\lua\dkjson\init.lua'
	no file 'C:\lua\dkjson.lua'
	no file 'C:\lua\dkjson\init.lua'
	no file 'C:\lua\..\share\lua\5.4\dkjson.lua'
	no file 'C:\lua\..\share\lua\5.4\dkjson\init.lua'
	no file '.\dkjson.lua'
	no file '.\dkjson\init.lua'
	no file 'C:\lua\dkjson.dll'
	no file 'C:\lua\..\lib\lua\5.4\dkjson.dll'
	no file 'C:\lua\loadall.dll'
	no file '.\dkjson.dll'
	no file 'C:\lua\dkjson54.dll'
	no file '.\dkjson54.dll'
stack traceback:
	[C]: in function 'require'
	src/lua/merge.lua:3: in main chunk
	[C]: in ?

2024-01-07 09:42:09,401 - INFO - Running merge.lua script
2024-01-07 09:42:09,401 - INFO - Processing combined data
2024-01-07 09:42:09,424 - INFO - Created index.html output
2024-01-07 09:42:09,425 - INFO - Generating pilot pages
2024-01-07 09:45:36,964 - WARNING - PyNaCl is not installed, voice will NOT be supported
2024-01-07 09:45:36,965 - DEBUG - Using proactor: IocpProactor
2024-01-07 09:45:36,966 - INFO - logging in using static token
2024-01-07 09:45:37,905 - INFO - Shard ID None has connected to Gateway (Session ID: a98b2b67364abb179259500c02419a4f).
2024-01-07 09:45:50,407 - ERROR - Ignoring exception in command None
discord.ext.commands.errors.CommandNotFound: Command "add_pilot" is not found
2024-01-07 09:46:01,979 - INFO - Assigning pilot: peteg
2024-01-07 09:46:02,293 - WARNING - Pilot not found: peteg
2024-01-07 09:46:13,488 - INFO - Assigning pilot: pg
2024-01-07 09:46:20,173 - WARNING - Pilot not found: pg
2024-01-07 09:46:27,137 - INFO - Assigning pilot: pete
2024-01-07 09:46:32,383 - INFO - Pilot pete assigned to squadrons: ['801 nas']
2024-01-07 09:46:53,407 - INFO - Assigning pilot: ganduwulf
2024-01-07 09:46:56,610 - INFO - Pilot ganduwulf assigned to squadrons: ['801']
2024-01-07 09:47:09,740 - INFO - Running merge.lua script
2024-01-07 09:47:09,740 - INFO - Processing combined data
2024-01-07 09:47:09,754 - INFO - Created index.html output
2024-01-07 09:47:09,754 - INFO - Generating pilot pages
2024-01-07 09:52:41,228 - WARNING - PyNaCl is not installed, voice will NOT be supported
2024-01-07 09:52:41,229 - DEBUG - Using proactor: IocpProactor
2024-01-07 09:52:41,230 - INFO - logging in using static token
2024-01-07 09:52:42,047 - INFO - Shard ID None has connected to Gateway (Session ID: cd12c1ead2ed069263466a553c3e3fc4).
2024-01-07 09:52:57,528 - ERROR - Ignoring exception in command assign_pilot
Traceback (most recent call last):
  File "C:\Users\GavinE\OneDrive - Sentient Vision Systems\Repos\dcs_server_logbook\env\Lib\site-packages\discord\ext\commands\core.py", line 235, in wrapped
    ret = await coro(*args, **kwargs)
          ^^^^^^^^^^^^^^^^^^^^^^^^^^^
  File "C:\Users\GavinE\OneDrive - Sentient Vision Systems\Repos\dcs_server_logbook\src\bot.py", line 18, in assign_pilot
    pilot_id = find_pilot_id_by_name(pilot_name)
               ^^^^^^^^^^^^^^^^^^^^^^^^^^^^^^^^^
TypeError: find_pilot_id_by_name() missing 1 required positional argument: 'pilot_name'

The above exception was the direct cause of the following exception:

Traceback (most recent call last):
  File "C:\Users\GavinE\OneDrive - Sentient Vision Systems\Repos\dcs_server_logbook\env\Lib\site-packages\discord\ext\commands\bot.py", line 1350, in invoke
    await ctx.command.invoke(ctx)
  File "C:\Users\GavinE\OneDrive - Sentient Vision Systems\Repos\dcs_server_logbook\env\Lib\site-packages\discord\ext\commands\core.py", line 1029, in invoke
    await injected(*ctx.args, **ctx.kwargs)  # type: ignore
    ^^^^^^^^^^^^^^^^^^^^^^^^^^^^^^^^^^^^^^^
  File "C:\Users\GavinE\OneDrive - Sentient Vision Systems\Repos\dcs_server_logbook\env\Lib\site-packages\discord\ext\commands\core.py", line 244, in wrapped
    raise CommandInvokeError(exc) from exc
discord.ext.commands.errors.CommandInvokeError: Command raised an exception: TypeError: find_pilot_id_by_name() missing 1 required positional argument: 'pilot_name'
2024-01-07 09:57:43,359 - WARNING - PyNaCl is not installed, voice will NOT be supported
2024-01-07 09:57:43,360 - DEBUG - Using proactor: IocpProactor
2024-01-07 09:57:43,361 - INFO - logging in using static token
2024-01-07 09:57:44,134 - INFO - Shard ID None has connected to Gateway (Session ID: 1662775c4085d5fe06f334e4b7961f0d).
2024-01-07 09:58:02,316 - INFO - Pilot Pete G assigned to 801 NAS
2024-01-07 09:58:12,022 - INFO - Running merge.lua script
2024-01-07 09:58:12,022 - INFO - Processing combined data
2024-01-07 09:58:12,042 - INFO - Created index.html output
2024-01-07 09:58:12,043 - INFO - Generating pilot pages
2024-01-07 10:00:52,522 - WARNING - PyNaCl is not installed, voice will NOT be supported
2024-01-07 10:00:52,522 - DEBUG - Using proactor: IocpProactor
2024-01-07 10:00:52,523 - INFO - logging in using static token
2024-01-07 10:00:55,491 - INFO - Shard ID None has connected to Gateway (Session ID: 0db604e57a9fd2771dd9cb2963efd33b).
2024-01-07 10:01:29,048 - INFO - Pilot Ganduwulf assigned to 801 NAS
2024-01-07 10:01:29,265 - INFO - Pilot Slippy assigned to 801 NAS
2024-01-07 10:01:29,636 - INFO - Pilot Duke assigned to 801 NAS
2024-01-07 10:01:29,875 - INFO - Pilot Madog assigned to 801 NAS
2024-01-07 10:01:30,140 - INFO - Pilot Smythes assigned to 801 NAS
2024-01-07 10:01:55,881 - INFO - Running merge.lua script
2024-01-07 10:01:55,881 - INFO - Processing combined data
2024-01-07 10:01:55,898 - INFO - Created index.html output
2024-01-07 10:01:55,898 - INFO - Generating pilot pages
2024-01-07 10:07:16,685 - INFO - Running merge.lua script
2024-01-07 10:07:16,685 - INFO - Processing combined data
2024-01-07 10:07:16,711 - INFO - Created index.html output
2024-01-07 10:07:16,711 - INFO - Generating pilot pages
2024-01-07 10:09:47,309 - INFO - Pilot Razor assigned to 892 NAS
2024-01-07 10:09:47,581 - INFO - Pilot Slippy assigned to 892 NAS
2024-01-07 10:09:47,833 - INFO - Pilot Sideburns assigned to 892 NAS
2024-01-07 10:09:48,051 - INFO - Pilot Swift One assigned to 892 NAS
2024-01-07 10:09:48,313 - INFO - Pilot Scooby assigned to 892 NAS
2024-01-07 10:09:48,592 - INFO - Pilot Bogus assigned to 892 NAS
2024-01-07 10:09:53,520 - INFO - Pilot Spanner assigned to 892 NAS
2024-01-07 10:09:53,723 - INFO - Pilot Mort assigned to 892 NAS
2024-01-07 10:09:53,973 - INFO - Pilot Obic assigned to 892 NAS
2024-01-07 10:09:54,693 - INFO - Pilot Direful Tiger assigned to 892 NAS
2024-01-07 10:09:55,622 - INFO - Pilot Funky assigned to 892 NAS
2024-01-07 10:09:55,916 - INFO - Pilot Steph assigned to 892 NAS
2024-01-07 10:10:08,695 - INFO - Running merge.lua script
2024-01-07 10:10:08,695 - INFO - Processing combined data
2024-01-07 10:10:08,716 - INFO - Created index.html output
2024-01-07 10:10:08,716 - INFO - Generating pilot pages
2024-01-07 10:10:51,303 - INFO - Pilot Shakespeade assigned to 892 NAS
2024-01-07 10:10:57,826 - INFO - Running merge.lua script
2024-01-07 10:10:57,826 - INFO - Processing combined data
2024-01-07 10:10:57,851 - INFO - Created index.html output
2024-01-07 10:10:57,851 - INFO - Generating pilot pages
2024-01-07 10:12:09,862 - ERROR - Ignoring exception in command None
discord.ext.commands.errors.CommandNotFound: Command "assin_pilot" is not found
2024-01-07 10:12:26,628 - INFO - Pilot Gimbal assigned to 656 Sqn
2024-01-07 10:12:26,891 - INFO - Pilot Razor assigned to 656 Sqn
2024-01-07 10:12:27,188 - INFO - Pilot Dangerman assigned to 656 Sqn
2024-01-07 10:12:27,542 - INFO - Pilot Buck assigned to 656 Sqn
2024-01-07 10:12:27,761 - INFO - Pilot Bogus assigned to 656 Sqn
2024-01-07 10:12:27,996 - INFO - Pilot Wee Neal assigned to 656 Sqn
2024-01-07 10:12:32,853 - INFO - Pilot Torchy assigned to 656 Sqn
2024-01-07 10:12:33,113 - INFO - Pilot Swift One assigned to 656 Sqn
2024-01-07 10:12:33,332 - INFO - Pilot Scooby assigned to 656 Sqn
2024-01-07 10:12:39,352 - INFO - Running merge.lua script
2024-01-07 10:12:39,352 - INFO - Processing combined data
2024-01-07 10:12:39,381 - INFO - Created index.html output
2024-01-07 10:12:39,381 - INFO - Generating pilot pages
2024-01-07 10:13:57,830 - INFO - Pilot Swift One assigned to 656 Sqn
2024-01-07 10:13:58,059 - INFO - Pilot Scooby assigned to 656 Sqn
2024-01-07 10:13:58,348 - INFO - Pilot Falcon assigned to 656 Sqn
2024-01-07 10:13:58,544 - INFO - Pilot Jester assigned to 656 Sqn
2024-01-07 10:13:58,851 - INFO - Pilot Skuba assigned to 656 Sqn
2024-01-07 10:13:59,038 - INFO - Pilot DJ assigned to 656 Sqn
2024-01-07 10:14:04,092 - INFO - Pilot Carto assigned to 656 Sqn
2024-01-07 10:14:04,579 - INFO - Pilot Action Hero assigned to 656 Sqn
2024-01-07 10:14:04,797 - INFO - Pilot Casper assigned to 656 Sqn
2024-01-07 10:14:05,030 - INFO - Pilot Cowan assigned to 656 Sqn
2024-01-07 10:14:05,259 - INFO - Pilot DannyR assigned to 656 Sqn
2024-01-07 10:14:06,182 - INFO - Running merge.lua script
2024-01-07 10:14:06,182 - INFO - Processing combined data
2024-01-07 10:14:12,295 - INFO - Running merge.lua script
2024-01-07 10:14:12,295 - INFO - Processing combined data
2024-01-07 10:14:35,591 - INFO - Running merge.lua script
2024-01-07 10:14:35,592 - INFO - Processing combined data
2024-01-07 10:16:49,884 - INFO - Running merge.lua script
2024-01-07 10:16:49,884 - INFO - Processing combined data
2024-01-07 10:16:49,917 - INFO - Created index.html output
2024-01-07 10:16:49,917 - INFO - Generating pilot pages
2024-01-07 10:18:17,897 - INFO - Running merge.lua script
2024-01-07 10:18:17,897 - INFO - Processing combined data
2024-01-07 10:18:17,930 - INFO - Created index.html output
2024-01-07 10:18:17,930 - INFO - Generating pilot pages
2024-01-07 10:19:33,819 - INFO - Pilot Action Hero assigned to 656 Sqn
2024-01-07 10:19:41,693 - INFO - Running merge.lua script
2024-01-07 10:19:41,693 - INFO - Processing combined data
2024-01-07 10:19:41,729 - INFO - Created index.html output
2024-01-07 10:19:41,730 - INFO - Generating pilot pages
2024-01-07 10:20:39,964 - INFO - Pilot Casper assigned to 656 Sqn
2024-01-07 10:20:40,176 - INFO - Pilot Cowan assigned to 656 Sqn
2024-01-07 10:20:40,549 - INFO - Pilot DannyR assigned to 656 Sqn
2024-01-07 10:20:50,435 - INFO - Running merge.lua script
2024-01-07 10:20:50,435 - INFO - Processing combined data
2024-01-07 10:20:50,467 - INFO - Created index.html output
2024-01-07 10:20:50,467 - INFO - Generating pilot pages
2024-01-07 10:25:26,142 - INFO - Running merge.lua script
2024-01-07 10:25:26,142 - INFO - Processing combined data
2024-01-07 10:25:26,178 - INFO - Created index.html output
2024-01-07 10:25:26,178 - INFO - Generating pilot pages
2024-01-07 10:26:36,774 - INFO - Pilot Fisher assigned to 656 Sqn
2024-01-07 10:26:37,066 - INFO - Pilot Houseman assigned to 656 Sqn
2024-01-07 10:26:42,899 - INFO - Pilot Lenny assigned to 656 Sqn
2024-01-07 10:26:43,135 - INFO - Pilot MiMiKiwi assigned to 656 Sqn
2024-01-07 10:26:43,326 - INFO - Pilot Phoenix assigned to 656 Sqn
2024-01-07 10:26:43,531 - INFO - Pilot Podo assigned to 656 Sqn
2024-01-07 10:28:28,527 - WARNING - PyNaCl is not installed, voice will NOT be supported
2024-01-07 10:28:28,528 - DEBUG - Using proactor: IocpProactor
2024-01-07 10:28:28,529 - INFO - logging in using static token
2024-01-07 10:28:29,358 - INFO - Shard ID None has connected to Gateway (Session ID: 9fbe9b257572ef32c4b6a08a1b9c2d43).
2024-01-07 10:28:58,651 - INFO - Pilot Solex assigned to 656 Sqn
2024-01-07 10:28:58,902 - INFO - Pilot Varry assigned to 656 Sqn
2024-01-07 10:28:59,101 - INFO - Pilot Venom assigned to 656 Sqn
2024-01-07 10:28:59,299 - INFO - Pilot Yank assigned to 656 Sqn
2024-01-07 10:28:59,584 - INFO - Pilot Monkey assigned to 656 Sqn
2024-01-07 10:29:15,251 - INFO - Running merge.lua script
2024-01-07 10:29:15,251 - INFO - Processing combined data
2024-01-07 10:33:23,750 - INFO - Running merge.lua script
2024-01-07 10:33:23,750 - INFO - Processing combined data
2024-01-07 10:33:23,789 - INFO - Created index.html output
2024-01-07 10:33:23,789 - INFO - Generating pilot pages
2024-01-07 10:35:15,640 - INFO - Pilot RJF assigned to XI Sqn
2024-01-07 10:35:16,099 - INFO - Pilot Ajax assigned to XI Sqn
2024-01-07 10:35:16,392 - INFO - Pilot Cactus assigned to XI Sqn
2024-01-07 10:35:16,641 - INFO - Pilot Poacher assigned to XI Sqn
2024-01-07 10:35:16,957 - INFO - Pilot Scooby assigned to XI Sqn
2024-01-07 10:35:17,364 - INFO - Pilot Jez assigned to XI Sqn
2024-01-07 10:35:21,975 - INFO - Pilot Blythee assigned to XI Sqn
2024-01-07 10:35:22,203 - INFO - Pilot Hawk assigned to XI Sqn
2024-01-07 10:35:22,460 - INFO - Pilot Falcon assigned to XI Sqn
2024-01-07 10:35:22,714 - INFO - Pilot Flynn assigned to XI Sqn
2024-01-07 10:35:22,917 - INFO - Pilot Jethro assigned to XI Sqn
2024-01-07 10:35:27,243 - INFO - Pilot MajorBloodnok assigned to XI Sqn
2024-01-07 10:35:27,421 - INFO - Pilot Yuri assigned to XI Sqn
2024-01-07 10:36:34,516 - INFO - Pilot Dangerman assigned to 617 Sqn
2024-01-07 10:36:34,771 - INFO - Pilot Razor assigned to 617 Sqn
2024-01-07 10:36:35,091 - INFO - Pilot Mailman assigned to 617 Sqn
2024-01-07 10:36:35,332 - INFO - Pilot Gimbal assigned to 617 Sqn
2024-01-07 10:36:35,568 - INFO - Pilot Bogus assigned to 617 Sqn
2024-01-07 10:36:35,887 - INFO - Pilot Wee Neal assigned to 617 Sqn
2024-01-07 10:36:40,829 - INFO - Pilot Swift One assigned to 617 Sqn
2024-01-07 10:36:41,246 - INFO - Pilot Christian assigned to 617 Sqn
2024-01-07 10:36:41,451 - INFO - Pilot Jester assigned to 617 Sqn
2024-01-07 10:36:41,685 - INFO - Pilot Liminal assigned to 617 Sqn
2024-01-07 10:36:41,904 - INFO - Pilot Monkey assigned to 617 Sqn
2024-01-07 10:36:42,098 - INFO - Pilot Funky assigned to 617 Sqn
2024-01-07 10:36:47,068 - INFO - Pilot Steph assigned to 617 Sqn
2024-01-07 10:37:48,995 - INFO - Pilot Cactus assigned to IV Sqn
2024-01-07 10:37:49,261 - INFO - Pilot Poacher assigned to IV Sqn
2024-01-07 10:37:49,543 - INFO - Pilot RJF assigned to IV Sqn
2024-01-07 10:37:49,860 - INFO - Pilot Flynn assigned to IV Sqn
2024-01-07 10:37:50,313 - INFO - Pilot Buck assigned to IV Sqn
2024-01-07 10:37:50,511 - INFO - Pilot Gimbal assigned to IV Sqn
2024-01-07 10:37:55,273 - INFO - Pilot Puddles assigned to IV Sqn
2024-01-07 10:37:55,522 - INFO - Pilot Jxckmc assigned to IV Sqn
2024-01-07 10:37:55,830 - INFO - Pilot Spectre assigned to IV Sqn
2024-01-07 10:37:56,193 - INFO - Pilot Monkey assigned to IV Sqn
2024-01-07 10:37:56,392 - INFO - Pilot Ripper66 assigned to IV Sqn
2024-01-07 10:37:56,769 - INFO - Pilot Fisher assigned to IV Sqn
2024-01-07 10:38:01,486 - INFO - Pilot Houseman assigned to IV Sqn
2024-01-07 10:38:01,729 - INFO - Pilot Wee Neal assigned to IV Sqn
2024-01-07 10:38:01,955 - INFO - Pilot Christian assigned to IV Sqn
2024-01-07 10:38:02,152 - INFO - Pilot Jez assigned to IV Sqn
2024-01-07 10:38:02,440 - INFO - Pilot Hawk assigned to IV Sqn
2024-01-07 10:44:35,066 - INFO - Running merge.lua script
2024-01-07 10:44:35,066 - INFO - Processing combined data
2024-01-07 10:44:35,116 - INFO - Created index.html output
2024-01-07 10:44:35,116 - INFO - Generating pilot pages
2024-01-07 10:49:27,674 - INFO - Pilot Duke assigned to 801 NAS
2024-01-07 10:49:37,145 - INFO - Running merge.lua script
2024-01-07 10:49:37,146 - INFO - Processing combined data
2024-01-07 10:49:37,194 - INFO - Created index.html output
2024-01-07 10:49:37,195 - INFO - Generating pilot pages
2024-01-07 10:53:05,121 - WARNING - PyNaCl is not installed, voice will NOT be supported
2024-01-07 10:53:05,121 - DEBUG - Using proactor: IocpProactor
2024-01-07 10:53:05,122 - INFO - logging in using static token
2024-01-07 10:53:06,157 - INFO - Shard ID None has connected to Gateway (Session ID: 43647261e7bca1360f14fcef5856e767).
2024-01-07 10:53:16,887 - INFO - Pilot Slippy assigned to 801 NAS
2024-01-07 10:53:17,161 - INFO - Created index.html output
2024-01-07 10:59:42,380 - INFO - Running merge.lua script
2024-01-07 10:59:42,380 - INFO - Processing combined data
2024-01-07 10:59:42,435 - INFO - Created index.html output
2024-01-07 10:59:42,435 - INFO - Generating pilot pages
2024-01-07 11:32:26,493 - ERROR - Error running Lua script: lua54: src/lua/merge.lua:3: module 'dkjson' not found:
	no field package.preload['dkjson']
	no file 'C:\lua\lua\dkjson.lua'
	no file 'C:\lua\lua\dkjson\init.lua'
	no file 'C:\lua\dkjson.lua'
	no file 'C:\lua\dkjson\init.lua'
	no file 'C:\lua\..\share\lua\5.4\dkjson.lua'
	no file 'C:\lua\..\share\lua\5.4\dkjson\init.lua'
	no file '.\dkjson.lua'
	no file '.\dkjson\init.lua'
	no file 'C:\Program Files (x86)\Lua\5.1\lua\dkjson.luac'
	no file 'C:\lua\dkjson.dll'
	no file 'C:\lua\..\lib\lua\5.4\dkjson.dll'
	no file 'C:\lua\loadall.dll'
	no file '.\dkjson.dll'
	no file 'C:\lua\dkjson54.dll'
	no file '.\dkjson54.dll'
stack traceback:
	[C]: in function 'require'
	src/lua/merge.lua:3: in main chunk
	[C]: in ?

2024-01-07 11:33:07,754 - ERROR - Error running Lua script: lua54: src/lua/merge.lua:3: module 'dkjson' not found:
	no field package.preload['dkjson']
	no file 'C:\lua\lua\dkjson.lua'
	no file 'C:\lua\lua\dkjson\init.lua'
	no file 'C:\lua\dkjson.lua'
	no file 'C:\lua\dkjson\init.lua'
	no file 'C:\lua\..\share\lua\5.4\dkjson.lua'
	no file 'C:\lua\..\share\lua\5.4\dkjson\init.lua'
	no file '.\dkjson.lua'
	no file '.\dkjson\init.lua'
	no file 'C:\Program Files (x86)\Lua\5.1\lua\dkjson.luac'
	no file 'C:\lua\dkjson.dll'
	no file 'C:\lua\..\lib\lua\5.4\dkjson.dll'
	no file 'C:\lua\loadall.dll'
	no file '.\dkjson.dll'
	no file 'C:\lua\dkjson54.dll'
	no file '.\dkjson54.dll'
stack traceback:
	[C]: in function 'require'
	src/lua/merge.lua:3: in main chunk
	[C]: in ?

2024-01-07 11:34:14,120 - ERROR - Error running Lua script: lua54: src/lua/merge.lua:3: module 'dkjson' not found:
	no field package.preload['dkjson']
	no file 'C:\lua\lua\dkjson.lua'
	no file 'C:\lua\lua\dkjson\init.lua'
	no file 'C:\lua\dkjson.lua'
	no file 'C:\lua\dkjson\init.lua'
	no file 'C:\lua\..\share\lua\5.4\dkjson.lua'
	no file 'C:\lua\..\share\lua\5.4\dkjson\init.lua'
	no file '.\dkjson.lua'
	no file '.\dkjson\init.lua'
	no file 'C:\Program Files (x86)\Lua\5.1\lua\dkjson.luac'
	no file 'C:\lua\dkjson.dll'
	no file 'C:\lua\..\lib\lua\5.4\dkjson.dll'
	no file 'C:\lua\loadall.dll'
	no file '.\dkjson.dll'
	no file 'C:\lua\dkjson54.dll'
	no file '.\dkjson54.dll'
stack traceback:
	[C]: in function 'require'
	src/lua/merge.lua:3: in main chunk
	[C]: in ?

2024-01-07 11:35:50,716 - ERROR - Error running Lua script: lua54: src/lua/merge.lua:3: module 'dkjson' not found:
	no field package.preload['dkjson']
	no file 'C:\lua\lua\dkjson.lua'
	no file 'C:\lua\lua\dkjson\init.lua'
	no file 'C:\lua\dkjson.lua'
	no file 'C:\lua\dkjson\init.lua'
	no file 'C:\lua\..\share\lua\5.4\dkjson.lua'
	no file 'C:\lua\..\share\lua\5.4\dkjson\init.lua'
	no file '.\dkjson.lua'
	no file '.\dkjson\init.lua'
	no file 'C:\Program Files (x86)\Lua\5.1\lua\dkjson.luac'
	no file 'C:\lua\dkjson.dll'
	no file 'C:\lua\..\lib\lua\5.4\dkjson.dll'
	no file 'C:\lua\loadall.dll'
	no file '.\dkjson.dll'
	no file 'C:\lua\dkjson54.dll'
	no file '.\dkjson54.dll'
stack traceback:
	[C]: in function 'require'
	src/lua/merge.lua:3: in main chunk
	[C]: in ?

2024-01-07 11:41:46,000 - ERROR - Error running Lua script: lua54: src/lua/merge.lua:3: module 'dkjson' not found:
	no field package.preload['dkjson']
	no file 'C:\lua\lua\dkjson.lua'
	no file 'C:\lua\lua\dkjson\init.lua'
	no file 'C:\lua\dkjson.lua'
	no file 'C:\lua\dkjson\init.lua'
	no file 'C:\lua\..\share\lua\5.4\dkjson.lua'
	no file 'C:\lua\..\share\lua\5.4\dkjson\init.lua'
	no file '.\dkjson.lua'
	no file '.\dkjson\init.lua'
	no file 'C:\Program Files (x86)\Lua\5.1\lua\dkjson.luac'
	no file 'C:\lua\dkjson.dll'
	no file 'C:\lua\..\lib\lua\5.4\dkjson.dll'
	no file 'C:\lua\loadall.dll'
	no file '.\dkjson.dll'
	no file 'C:\lua\dkjson54.dll'
	no file '.\dkjson54.dll'
stack traceback:
	[C]: in function 'require'
	src/lua/merge.lua:3: in main chunk
	[C]: in ?

2024-01-07 11:44:34,378 - ERROR - Error running Lua script: lua54: src/lua/merge.lua:3: module 'dkjson' not found:
	no field package.preload['dkjson']
	no file 'C:\lua\lua\dkjson.lua'
	no file 'C:\lua\lua\dkjson\init.lua'
	no file 'C:\lua\dkjson.lua'
	no file 'C:\lua\dkjson\init.lua'
	no file 'C:\lua\..\share\lua\5.4\dkjson.lua'
	no file 'C:\lua\..\share\lua\5.4\dkjson\init.lua'
	no file '.\dkjson.lua'
	no file '.\dkjson\init.lua'
	no file 'C:\Program Files (x86)\Lua\5.1\lua\dkjson.luac'
	no file 'C:\lua\dkjson.dll'
	no file 'C:\lua\..\lib\lua\5.4\dkjson.dll'
	no file 'C:\lua\loadall.dll'
	no file '.\dkjson.dll'
	no file 'C:\lua\dkjson54.dll'
	no file '.\dkjson54.dll'
stack traceback:
	[C]: in function 'require'
	src/lua/merge.lua:3: in main chunk
	[C]: in ?

2024-01-07 11:45:05,405 - ERROR - Error running Lua script: lua54: src/lua/merge.lua:3: module 'dkjson' not found:
	no field package.preload['dkjson']
	no file 'C:\lua\lua\dkjson.lua'
	no file 'C:\lua\lua\dkjson\init.lua'
	no file 'C:\lua\dkjson.lua'
	no file 'C:\lua\dkjson\init.lua'
	no file 'C:\lua\..\share\lua\5.4\dkjson.lua'
	no file 'C:\lua\..\share\lua\5.4\dkjson\init.lua'
	no file '.\dkjson.lua'
	no file '.\dkjson\init.lua'
	no file 'C:\Program Files (x86)\Lua\5.1\lua\dkjson.luac'
	no file 'C:\lua\dkjson.dll'
	no file 'C:\lua\..\lib\lua\5.4\dkjson.dll'
	no file 'C:\lua\loadall.dll'
	no file '.\dkjson.dll'
	no file 'C:\lua\dkjson54.dll'
	no file '.\dkjson54.dll'
stack traceback:
	[C]: in function 'require'
	src/lua/merge.lua:3: in main chunk
	[C]: in ?

2024-01-07 11:46:37,424 - ERROR - Error running Lua script: lua54: src/lua/merge.lua:3: module 'dkjson' not found:
	no field package.preload['dkjson']
	no file 'C:\lua\lua\dkjson.lua'
	no file 'C:\lua\lua\dkjson\init.lua'
	no file 'C:\lua\dkjson.lua'
	no file 'C:\lua\dkjson\init.lua'
	no file 'C:\lua\..\share\lua\5.4\dkjson.lua'
	no file 'C:\lua\..\share\lua\5.4\dkjson\init.lua'
	no file '.\dkjson.lua'
	no file '.\dkjson\init.lua'
	no file 'C:\Program Files (x86)\Lua\5.1\lua\dkjson.luac'
	no file 'C:\lua\dkjson.dll'
	no file 'C:\lua\..\lib\lua\5.4\dkjson.dll'
	no file 'C:\lua\loadall.dll'
	no file '.\dkjson.dll'
	no file 'C:\lua\dkjson54.dll'
	no file '.\dkjson54.dll'
stack traceback:
	[C]: in function 'require'
	src/lua/merge.lua:3: in main chunk
	[C]: in ?

2024-01-07 11:50:51,607 - INFO - Running merge.lua script
2024-01-07 11:50:51,607 - ERROR - Error running Lua script: lua54: src/lua/merge.lua:3: module 'dkjson' not found:
	no field package.preload['dkjson']
	no file 'C:\lua\lua\dkjson.lua'
	no file 'C:\lua\lua\dkjson\init.lua'
	no file 'C:\lua\dkjson.lua'
	no file 'C:\lua\dkjson\init.lua'
	no file 'C:\lua\..\share\lua\5.4\dkjson.lua'
	no file 'C:\lua\..\share\lua\5.4\dkjson\init.lua'
	no file '.\dkjson.lua'
	no file '.\dkjson\init.lua'
	no file 'C:\Program Files (x86)\Lua\5.1\lua\dkjson.luac'
	no file 'C:\lua\dkjson.dll'
	no file 'C:\lua\..\lib\lua\5.4\dkjson.dll'
	no file 'C:\lua\loadall.dll'
	no file '.\dkjson.dll'
	no file 'C:\lua\dkjson54.dll'
	no file '.\dkjson54.dll'
stack traceback:
	[C]: in function 'require'
	src/lua/merge.lua:3: in main chunk
	[C]: in ?

2024-01-07 11:51:01,340 - INFO - Running merge.lua script
2024-01-07 11:51:01,347 - ERROR - Error running Lua script: lua54: src/lua/merge.lua:3: module 'dkjson' not found:
	no field package.preload['dkjson']
	no file 'C:\lua\lua\dkjson.lua'
	no file 'C:\lua\lua\dkjson\init.lua'
	no file 'C:\lua\dkjson.lua'
	no file 'C:\lua\dkjson\init.lua'
	no file 'C:\lua\..\share\lua\5.4\dkjson.lua'
	no file 'C:\lua\..\share\lua\5.4\dkjson\init.lua'
	no file '.\dkjson.lua'
	no file '.\dkjson\init.lua'
	no file 'C:\Program Files (x86)\Lua\5.1\lua\dkjson.luac'
	no file 'C:\lua\dkjson.dll'
	no file 'C:\lua\..\lib\lua\5.4\dkjson.dll'
	no file 'C:\lua\loadall.dll'
	no file '.\dkjson.dll'
	no file 'C:\lua\dkjson54.dll'
	no file '.\dkjson54.dll'
stack traceback:
	[C]: in function 'require'
	src/lua/merge.lua:3: in main chunk
	[C]: in ?

2024-01-07 11:51:01,347 - INFO - Processing combined data
2024-01-07 11:51:01,349 - INFO - Running merge.lua script
2024-01-07 11:52:12,026 - INFO - Running merge.lua script
2024-01-07 11:52:12,033 - ERROR - Error running Lua script: lua54: src/lua/merge.lua:3: module 'dkjson' not found:
	no field package.preload['dkjson']
	no file 'C:\lua\lua\dkjson.lua'
	no file 'C:\lua\lua\dkjson\init.lua'
	no file 'C:\lua\dkjson.lua'
	no file 'C:\lua\dkjson\init.lua'
	no file 'C:\lua\..\share\lua\5.4\dkjson.lua'
	no file 'C:\lua\..\share\lua\5.4\dkjson\init.lua'
	no file '.\dkjson.lua'
	no file '.\dkjson\init.lua'
	no file 'C:\Program Files (x86)\Lua\5.1\lua\dkjson.luac'
	no file 'C:\lua\dkjson.dll'
	no file 'C:\lua\..\lib\lua\5.4\dkjson.dll'
	no file 'C:\lua\loadall.dll'
	no file '.\dkjson.dll'
	no file 'C:\lua\dkjson54.dll'
	no file '.\dkjson54.dll'
stack traceback:
	[C]: in function 'require'
	src/lua/merge.lua:3: in main chunk
	[C]: in ?

2024-01-07 11:52:12,033 - INFO - Processing combined data
2024-01-07 11:52:12,060 - INFO - Created index.html output
2024-01-07 11:52:12,060 - INFO - Generating pilot pages
2024-01-07 12:15:41,633 - INFO - Running merge.lua script
2024-01-07 12:15:41,649 - ERROR - Error running Lua script: lua54: src/lua/merge.lua:3: module 'dkjson' not found:
	no field package.preload['dkjson']
	no file 'C:\lua\lua\dkjson.lua'
	no file 'C:\lua\lua\dkjson\init.lua'
	no file 'C:\lua\dkjson.lua'
	no file 'C:\lua\dkjson\init.lua'
	no file 'C:\lua\..\share\lua\5.4\dkjson.lua'
	no file 'C:\lua\..\share\lua\5.4\dkjson\init.lua'
	no file '.\dkjson.lua'
	no file '.\dkjson\init.lua'
	no file 'C:\Program Files (x86)\Lua\5.1\lua\dkjson.luac'
	no file 'C:\lua\dkjson.dll'
	no file 'C:\lua\..\lib\lua\5.4\dkjson.dll'
	no file 'C:\lua\loadall.dll'
	no file '.\dkjson.dll'
	no file 'C:\lua\dkjson54.dll'
	no file '.\dkjson54.dll'
stack traceback:
	[C]: in function 'require'
	src/lua/merge.lua:3: in main chunk
	[C]: in ?

2024-01-07 12:15:41,649 - INFO - Processing combined data
2024-01-07 12:15:57,053 - INFO - Running merge.lua script
2024-01-07 12:15:57,059 - ERROR - Error running Lua script: lua54: src/lua/merge.lua:3: module 'dkjson' not found:
	no field package.preload['dkjson']
	no file 'C:\lua\lua\dkjson.lua'
	no file 'C:\lua\lua\dkjson\init.lua'
	no file 'C:\lua\dkjson.lua'
	no file 'C:\lua\dkjson\init.lua'
	no file 'C:\lua\..\share\lua\5.4\dkjson.lua'
	no file 'C:\lua\..\share\lua\5.4\dkjson\init.lua'
	no file '.\dkjson.lua'
	no file '.\dkjson\init.lua'
	no file 'C:\Program Files (x86)\Lua\5.1\lua\dkjson.luac'
	no file 'C:\lua\dkjson.dll'
	no file 'C:\lua\..\lib\lua\5.4\dkjson.dll'
	no file 'C:\lua\loadall.dll'
	no file '.\dkjson.dll'
	no file 'C:\lua\dkjson54.dll'
	no file '.\dkjson54.dll'
stack traceback:
	[C]: in function 'require'
	src/lua/merge.lua:3: in main chunk
	[C]: in ?

2024-01-07 12:15:57,059 - INFO - Processing combined data
2024-01-07 12:16:03,921 - INFO - Running merge.lua script
2024-01-07 12:16:03,925 - ERROR - Error running Lua script: lua54: src/lua/merge.lua:3: module 'dkjson' not found:
	no field package.preload['dkjson']
	no file 'C:\lua\lua\dkjson.lua'
	no file 'C:\lua\lua\dkjson\init.lua'
	no file 'C:\lua\dkjson.lua'
	no file 'C:\lua\dkjson\init.lua'
	no file 'C:\lua\..\share\lua\5.4\dkjson.lua'
	no file 'C:\lua\..\share\lua\5.4\dkjson\init.lua'
	no file '.\dkjson.lua'
	no file '.\dkjson\init.lua'
	no file 'C:\Program Files (x86)\Lua\5.1\lua\dkjson.luac'
	no file 'C:\lua\dkjson.dll'
	no file 'C:\lua\..\lib\lua\5.4\dkjson.dll'
	no file 'C:\lua\loadall.dll'
	no file '.\dkjson.dll'
	no file 'C:\lua\dkjson54.dll'
	no file '.\dkjson54.dll'
stack traceback:
	[C]: in function 'require'
	src/lua/merge.lua:3: in main chunk
	[C]: in ?

2024-01-07 12:16:03,925 - INFO - Processing combined data
2024-01-07 12:16:03,956 - INFO - Created index.html output
2024-01-07 12:16:03,956 - INFO - Generating pilot pages
2024-01-07 12:17:02,049 - INFO - Running merge.lua script
2024-01-07 12:17:02,055 - ERROR - Error running Lua script: lua54: src/lua/merge.lua:3: module 'dkjson' not found:
	no field package.preload['dkjson']
	no file 'C:\lua\lua\dkjson.lua'
	no file 'C:\lua\lua\dkjson\init.lua'
	no file 'C:\lua\dkjson.lua'
	no file 'C:\lua\dkjson\init.lua'
	no file 'C:\lua\..\share\lua\5.4\dkjson.lua'
	no file 'C:\lua\..\share\lua\5.4\dkjson\init.lua'
	no file '.\dkjson.lua'
	no file '.\dkjson\init.lua'
	no file 'C:\Program Files (x86)\Lua\5.1\lua\dkjson.luac'
	no file 'C:\lua\dkjson.dll'
	no file 'C:\lua\..\lib\lua\5.4\dkjson.dll'
	no file 'C:\lua\loadall.dll'
	no file '.\dkjson.dll'
	no file 'C:\lua\dkjson54.dll'
	no file '.\dkjson54.dll'
stack traceback:
	[C]: in function 'require'
	src/lua/merge.lua:3: in main chunk
	[C]: in ?

2024-01-07 12:17:02,056 - INFO - Processing combined data
2024-01-07 12:18:30,829 - INFO - Running merge.lua script
2024-01-07 12:18:30,836 - ERROR - Error running Lua script: lua54: src/lua/merge.lua:3: module 'dkjson' not found:
	no field package.preload['dkjson']
	no file 'C:\lua\lua\dkjson.lua'
	no file 'C:\lua\lua\dkjson\init.lua'
	no file 'C:\lua\dkjson.lua'
	no file 'C:\lua\dkjson\init.lua'
	no file 'C:\lua\..\share\lua\5.4\dkjson.lua'
	no file 'C:\lua\..\share\lua\5.4\dkjson\init.lua'
	no file '.\dkjson.lua'
	no file '.\dkjson\init.lua'
	no file 'C:\Program Files (x86)\Lua\5.1\lua\dkjson.luac'
	no file 'C:\lua\dkjson.dll'
	no file 'C:\lua\..\lib\lua\5.4\dkjson.dll'
	no file 'C:\lua\loadall.dll'
	no file '.\dkjson.dll'
	no file 'C:\lua\dkjson54.dll'
	no file '.\dkjson54.dll'
stack traceback:
	[C]: in function 'require'
	src/lua/merge.lua:3: in main chunk
	[C]: in ?

2024-01-07 12:18:30,836 - INFO - Processing combined data
2024-01-07 12:18:30,861 - INFO - Created index.html output
2024-01-07 12:18:30,861 - INFO - Generating pilot pages
2024-01-07 12:20:58,181 - INFO - Running merge.lua script
2024-01-07 12:20:58,184 - ERROR - Error running Lua script: lua54: src/lua/merge.lua:3: module 'dkjson' not found:
	no field package.preload['dkjson']
	no file 'C:\lua\lua\dkjson.lua'
	no file 'C:\lua\lua\dkjson\init.lua'
	no file 'C:\lua\dkjson.lua'
	no file 'C:\lua\dkjson\init.lua'
	no file 'C:\lua\..\share\lua\5.4\dkjson.lua'
	no file 'C:\lua\..\share\lua\5.4\dkjson\init.lua'
	no file '.\dkjson.lua'
	no file '.\dkjson\init.lua'
	no file 'C:\Program Files (x86)\Lua\5.1\lua\dkjson.luac'
	no file 'C:\lua\dkjson.dll'
	no file 'C:\lua\..\lib\lua\5.4\dkjson.dll'
	no file 'C:\lua\loadall.dll'
	no file '.\dkjson.dll'
	no file 'C:\lua\dkjson54.dll'
	no file '.\dkjson54.dll'
stack traceback:
	[C]: in function 'require'
	src/lua/merge.lua:3: in main chunk
	[C]: in ?

2024-01-07 12:20:58,184 - INFO - Processing combined data
2024-01-07 12:21:03,458 - INFO - Running merge.lua script
2024-01-07 12:21:03,463 - ERROR - Error running Lua script: lua54: src/lua/merge.lua:3: module 'dkjson' not found:
	no field package.preload['dkjson']
	no file 'C:\lua\lua\dkjson.lua'
	no file 'C:\lua\lua\dkjson\init.lua'
	no file 'C:\lua\dkjson.lua'
	no file 'C:\lua\dkjson\init.lua'
	no file 'C:\lua\..\share\lua\5.4\dkjson.lua'
	no file 'C:\lua\..\share\lua\5.4\dkjson\init.lua'
	no file '.\dkjson.lua'
	no file '.\dkjson\init.lua'
	no file 'C:\Program Files (x86)\Lua\5.1\lua\dkjson.luac'
	no file 'C:\lua\dkjson.dll'
	no file 'C:\lua\..\lib\lua\5.4\dkjson.dll'
	no file 'C:\lua\loadall.dll'
	no file '.\dkjson.dll'
	no file 'C:\lua\dkjson54.dll'
	no file '.\dkjson54.dll'
stack traceback:
	[C]: in function 'require'
	src/lua/merge.lua:3: in main chunk
	[C]: in ?

2024-01-07 12:21:03,463 - INFO - Processing combined data
2024-01-07 12:21:08,394 - INFO - Running merge.lua script
2024-01-07 12:21:08,400 - ERROR - Error running Lua script: lua54: src/lua/merge.lua:3: module 'dkjson' not found:
	no field package.preload['dkjson']
	no file 'C:\lua\lua\dkjson.lua'
	no file 'C:\lua\lua\dkjson\init.lua'
	no file 'C:\lua\dkjson.lua'
	no file 'C:\lua\dkjson\init.lua'
	no file 'C:\lua\..\share\lua\5.4\dkjson.lua'
	no file 'C:\lua\..\share\lua\5.4\dkjson\init.lua'
	no file '.\dkjson.lua'
	no file '.\dkjson\init.lua'
	no file 'C:\Program Files (x86)\Lua\5.1\lua\dkjson.luac'
	no file 'C:\lua\dkjson.dll'
	no file 'C:\lua\..\lib\lua\5.4\dkjson.dll'
	no file 'C:\lua\loadall.dll'
	no file '.\dkjson.dll'
	no file 'C:\lua\dkjson54.dll'
	no file '.\dkjson54.dll'
stack traceback:
	[C]: in function 'require'
	src/lua/merge.lua:3: in main chunk
	[C]: in ?

2024-01-07 12:21:08,401 - INFO - Processing combined data
2024-01-07 12:21:08,429 - INFO - Created index.html output
2024-01-07 12:21:08,429 - INFO - Generating pilot pages
2024-01-07 12:21:37,810 - INFO - Running merge.lua script
2024-01-07 12:21:37,817 - ERROR - Error running Lua script: lua54: src/lua/merge.lua:3: module 'dkjson' not found:
	no field package.preload['dkjson']
	no file 'C:\lua\lua\dkjson.lua'
	no file 'C:\lua\lua\dkjson\init.lua'
	no file 'C:\lua\dkjson.lua'
	no file 'C:\lua\dkjson\init.lua'
	no file 'C:\lua\..\share\lua\5.4\dkjson.lua'
	no file 'C:\lua\..\share\lua\5.4\dkjson\init.lua'
	no file '.\dkjson.lua'
	no file '.\dkjson\init.lua'
	no file 'C:\Program Files (x86)\Lua\5.1\lua\dkjson.luac'
	no file 'C:\lua\dkjson.dll'
	no file 'C:\lua\..\lib\lua\5.4\dkjson.dll'
	no file 'C:\lua\loadall.dll'
	no file '.\dkjson.dll'
	no file 'C:\lua\dkjson54.dll'
	no file '.\dkjson54.dll'
stack traceback:
	[C]: in function 'require'
	src/lua/merge.lua:3: in main chunk
	[C]: in ?

2024-01-07 12:21:37,817 - INFO - Processing combined data
2024-01-07 12:21:37,842 - INFO - Created index.html output
2024-01-07 12:21:37,842 - INFO - Generating pilot pages
2024-01-07 12:25:20,109 - WARNING - PyNaCl is not installed, voice will NOT be supported
2024-01-07 12:25:20,109 - DEBUG - Using proactor: IocpProactor
2024-01-07 12:25:20,110 - INFO - logging in using static token
2024-01-07 12:25:20,996 - INFO - Shard ID None has connected to Gateway (Session ID: ca7341280bad2c069bf83dbd74eb44fb).
2024-01-07 12:25:50,902 - INFO - Pilot Mailman assigned to 892 NAS
2024-01-07 12:25:51,206 - INFO - Created index.html output
2024-01-07 12:31:45,957 - WARNING - PyNaCl is not installed, voice will NOT be supported
2024-01-07 12:31:45,958 - DEBUG - Using proactor: IocpProactor
2024-01-07 12:31:45,959 - INFO - logging in using static token
2024-01-07 12:31:46,766 - INFO - Shard ID None has connected to Gateway (Session ID: 074db9f50972dd4e6866876963d7fb4c).
2024-01-07 12:32:19,280 - INFO - Pilot Mailman assigned to 617 Sqn
2024-01-07 12:32:19,643 - INFO - Created index.html output
2024-01-07 12:34:32,666 - INFO - Pilot Razor assigned to 892 NAS
2024-01-07 12:34:32,986 - INFO - Pilot Slippy assigned to 892 NAS
2024-01-07 12:34:33,206 - INFO - Pilot Swift One assigned to 892 NAS
2024-01-07 12:34:33,496 - INFO - Pilot Scooby assigned to 892 NAS
2024-01-07 12:34:33,734 - INFO - Pilot Bogus assigned to 892 NAS
2024-01-07 12:34:34,022 - INFO - Pilot Funky assigned to 892 NAS
2024-01-07 12:34:38,980 - INFO - Pilot Steph assigned to 892 NAS
2024-01-07 12:34:39,199 - INFO - Created index.html output
2024-01-07 12:38:40,846 - INFO - Pilot Gimbal assigned to 656 Sqn
2024-01-07 12:38:41,100 - INFO - Pilot Razor assigned to 656 Sqn
2024-01-07 12:38:41,354 - INFO - Pilot Dangerman assigned to 656 Sqn
2024-01-07 12:38:41,560 - INFO - Pilot Buck assigned to 656 Sqn
2024-01-07 12:38:41,749 - INFO - Pilot Bogus assigned to 656 Sqn
2024-01-07 12:38:46,115 - INFO - Pilot Wee Neal assigned to 656 Sqn
2024-01-07 12:38:46,294 - INFO - Pilot Torchy assigned to 656 Sqn
2024-01-07 12:38:46,510 - INFO - Pilot Scooby assigned to 656 Sqn
2024-01-07 12:38:46,721 - INFO - Pilot Falcon assigned to 656 Sqn
2024-01-07 12:38:46,933 - INFO - Pilot Jester assigned to 656 Sqn
2024-01-07 12:38:51,308 - INFO - Pilot Action Hero assigned to 656 Sqn
2024-01-07 12:38:51,515 - INFO - Pilot Casper assigned to 656 Sqn
2024-01-07 12:38:51,805 - INFO - Pilot Cowan assigned to 656 Sqn
2024-01-07 12:38:52,084 - INFO - Pilot Fisher assigned to 656 Sqn
2024-01-07 12:38:52,308 - INFO - Pilot Houseman assigned to 656 Sqn
2024-01-07 12:38:52,591 - INFO - Pilot Lenny assigned to 656 Sqn
2024-01-07 12:38:57,530 - INFO - Pilot MiMiKiwi assigned to 656 Sqn
2024-01-07 12:38:57,761 - INFO - Pilot Podo assigned to 656 Sqn
2024-01-07 12:38:58,125 - INFO - Pilot Solex assigned to 656 Sqn
2024-01-07 12:38:58,346 - INFO - Pilot Varry assigned to 656 Sqn
2024-01-07 12:38:58,665 - INFO - Pilot Venom assigned to 656 Sqn
2024-01-07 12:38:58,906 - INFO - Pilot Yank assigned to 656 Sqn
2024-01-07 12:39:03,744 - INFO - Pilot Monkey assigned to 656 Sqn
2024-01-07 12:39:03,960 - INFO - Created index.html output
2024-01-07 12:42:02,299 - INFO - Running merge.lua script
2024-01-07 12:42:02,307 - ERROR - Error running Lua script: lua54: src/lua/merge.lua:3: module 'dkjson' not found:
	no field package.preload['dkjson']
	no file 'C:\lua\lua\dkjson.lua'
	no file 'C:\lua\lua\dkjson\init.lua'
	no file 'C:\lua\dkjson.lua'
	no file 'C:\lua\dkjson\init.lua'
	no file 'C:\lua\..\share\lua\5.4\dkjson.lua'
	no file 'C:\lua\..\share\lua\5.4\dkjson\init.lua'
	no file '.\dkjson.lua'
	no file '.\dkjson\init.lua'
	no file 'C:\Program Files (x86)\Lua\5.1\lua\dkjson.luac'
	no file 'C:\lua\dkjson.dll'
	no file 'C:\lua\..\lib\lua\5.4\dkjson.dll'
	no file 'C:\lua\loadall.dll'
	no file '.\dkjson.dll'
	no file 'C:\lua\dkjson54.dll'
	no file '.\dkjson54.dll'
stack traceback:
	[C]: in function 'require'
	src/lua/merge.lua:3: in main chunk
	[C]: in ?

2024-01-07 12:42:02,307 - INFO - Processing combined data
2024-01-07 12:42:24,996 - INFO - Running merge.lua script
2024-01-07 12:42:25,003 - ERROR - Error running Lua script: lua54: src/lua/merge.lua:3: module 'dkjson' not found:
	no field package.preload['dkjson']
	no file 'C:\lua\lua\dkjson.lua'
	no file 'C:\lua\lua\dkjson\init.lua'
	no file 'C:\lua\dkjson.lua'
	no file 'C:\lua\dkjson\init.lua'
	no file 'C:\lua\..\share\lua\5.4\dkjson.lua'
	no file 'C:\lua\..\share\lua\5.4\dkjson\init.lua'
	no file '.\dkjson.lua'
	no file '.\dkjson\init.lua'
	no file 'C:\Program Files (x86)\Lua\5.1\lua\dkjson.luac'
	no file 'C:\lua\dkjson.dll'
	no file 'C:\lua\..\lib\lua\5.4\dkjson.dll'
	no file 'C:\lua\loadall.dll'
	no file '.\dkjson.dll'
	no file 'C:\lua\dkjson54.dll'
	no file '.\dkjson54.dll'
stack traceback:
	[C]: in function 'require'
	src/lua/merge.lua:3: in main chunk
	[C]: in ?

2024-01-07 12:42:25,003 - INFO - Processing combined data
2024-01-07 12:42:25,034 - INFO - Created index.html output
2024-01-07 12:42:25,034 - INFO - Generating pilot pages
2024-01-07 12:43:02,444 - INFO - Running merge.lua script
2024-01-07 12:43:02,451 - ERROR - Error running Lua script: lua54: src/lua/merge.lua:3: module 'dkjson' not found:
	no field package.preload['dkjson']
	no file 'C:\lua\lua\dkjson.lua'
	no file 'C:\lua\lua\dkjson\init.lua'
	no file 'C:\lua\dkjson.lua'
	no file 'C:\lua\dkjson\init.lua'
	no file 'C:\lua\..\share\lua\5.4\dkjson.lua'
	no file 'C:\lua\..\share\lua\5.4\dkjson\init.lua'
	no file '.\dkjson.lua'
	no file '.\dkjson\init.lua'
	no file 'C:\Program Files (x86)\Lua\5.1\lua\dkjson.luac'
	no file 'C:\lua\dkjson.dll'
	no file 'C:\lua\..\lib\lua\5.4\dkjson.dll'
	no file 'C:\lua\loadall.dll'
	no file '.\dkjson.dll'
	no file 'C:\lua\dkjson54.dll'
	no file '.\dkjson54.dll'
stack traceback:
	[C]: in function 'require'
	src/lua/merge.lua:3: in main chunk
	[C]: in ?

2024-01-07 12:43:02,451 - INFO - Processing combined data
2024-01-07 12:44:53,716 - INFO - Running merge.lua script
2024-01-07 12:44:53,720 - ERROR - Error running Lua script: lua54: src/lua/merge.lua:3: module 'dkjson' not found:
	no field package.preload['dkjson']
	no file 'C:\lua\lua\dkjson.lua'
	no file 'C:\lua\lua\dkjson\init.lua'
	no file 'C:\lua\dkjson.lua'
	no file 'C:\lua\dkjson\init.lua'
	no file 'C:\lua\..\share\lua\5.4\dkjson.lua'
	no file 'C:\lua\..\share\lua\5.4\dkjson\init.lua'
	no file '.\dkjson.lua'
	no file '.\dkjson\init.lua'
	no file 'C:\Program Files (x86)\Lua\5.1\lua\dkjson.luac'
	no file 'C:\lua\dkjson.dll'
	no file 'C:\lua\..\lib\lua\5.4\dkjson.dll'
	no file 'C:\lua\loadall.dll'
	no file '.\dkjson.dll'
	no file 'C:\lua\dkjson54.dll'
	no file '.\dkjson54.dll'
stack traceback:
	[C]: in function 'require'
	src/lua/merge.lua:3: in main chunk
	[C]: in ?

2024-01-07 12:44:53,720 - INFO - Processing combined data
2024-01-07 12:46:27,876 - INFO - Running merge.lua script
2024-01-07 12:46:27,884 - ERROR - Error running Lua script: lua54: src/lua/merge.lua:3: module 'dkjson' not found:
	no field package.preload['dkjson']
	no file 'C:\lua\lua\dkjson.lua'
	no file 'C:\lua\lua\dkjson\init.lua'
	no file 'C:\lua\dkjson.lua'
	no file 'C:\lua\dkjson\init.lua'
	no file 'C:\lua\..\share\lua\5.4\dkjson.lua'
	no file 'C:\lua\..\share\lua\5.4\dkjson\init.lua'
	no file '.\dkjson.lua'
	no file '.\dkjson\init.lua'
	no file 'C:\Program Files (x86)\Lua\5.1\lua\dkjson.luac'
	no file 'C:\lua\dkjson.dll'
	no file 'C:\lua\..\lib\lua\5.4\dkjson.dll'
	no file 'C:\lua\loadall.dll'
	no file '.\dkjson.dll'
	no file 'C:\lua\dkjson54.dll'
	no file '.\dkjson54.dll'
stack traceback:
	[C]: in function 'require'
	src/lua/merge.lua:3: in main chunk
	[C]: in ?

2024-01-07 12:46:27,884 - INFO - Processing combined data
2024-01-07 12:46:27,914 - INFO - Created index.html output
2024-01-07 12:46:27,914 - INFO - Generating pilot pages
2024-01-07 12:47:46,628 - INFO - Pilot Lenny assigned to 656 Sqn
2024-01-07 12:47:46,870 - INFO - Created index.html output
2024-01-07 12:48:03,046 - INFO - Running merge.lua script
2024-01-07 12:48:03,061 - ERROR - Error running Lua script: lua54: src/lua/merge.lua:3: module 'dkjson' not found:
	no field package.preload['dkjson']
	no file 'C:\lua\lua\dkjson.lua'
	no file 'C:\lua\lua\dkjson\init.lua'
	no file 'C:\lua\dkjson.lua'
	no file 'C:\lua\dkjson\init.lua'
	no file 'C:\lua\..\share\lua\5.4\dkjson.lua'
	no file 'C:\lua\..\share\lua\5.4\dkjson\init.lua'
	no file '.\dkjson.lua'
	no file '.\dkjson\init.lua'
	no file 'C:\Program Files (x86)\Lua\5.1\lua\dkjson.luac'
	no file 'C:\lua\dkjson.dll'
	no file 'C:\lua\..\lib\lua\5.4\dkjson.dll'
	no file 'C:\lua\loadall.dll'
	no file '.\dkjson.dll'
	no file 'C:\lua\dkjson54.dll'
	no file '.\dkjson54.dll'
stack traceback:
	[C]: in function 'require'
	src/lua/merge.lua:3: in main chunk
	[C]: in ?

2024-01-07 12:48:03,061 - INFO - Processing combined data
2024-01-07 12:48:03,093 - INFO - Created index.html output
2024-01-07 12:48:03,093 - INFO - Generating pilot pages
2024-01-07 12:50:14,814 - INFO - Pilot Swift One assigned to 656 Sqn
2024-01-07 12:50:15,187 - INFO - Created index.html output
2024-01-07 12:50:22,086 - INFO - Running merge.lua script
2024-01-07 12:50:22,086 - ERROR - Error running Lua script: lua54: src/lua/merge.lua:3: module 'dkjson' not found:
	no field package.preload['dkjson']
	no file 'C:\lua\lua\dkjson.lua'
	no file 'C:\lua\lua\dkjson\init.lua'
	no file 'C:\lua\dkjson.lua'
	no file 'C:\lua\dkjson\init.lua'
	no file 'C:\lua\..\share\lua\5.4\dkjson.lua'
	no file 'C:\lua\..\share\lua\5.4\dkjson\init.lua'
	no file '.\dkjson.lua'
	no file '.\dkjson\init.lua'
	no file 'C:\Program Files (x86)\Lua\5.1\lua\dkjson.luac'
	no file 'C:\lua\dkjson.dll'
	no file 'C:\lua\..\lib\lua\5.4\dkjson.dll'
	no file 'C:\lua\loadall.dll'
	no file '.\dkjson.dll'
	no file 'C:\lua\dkjson54.dll'
	no file '.\dkjson54.dll'
stack traceback:
	[C]: in function 'require'
	src/lua/merge.lua:3: in main chunk
	[C]: in ?

2024-01-07 12:50:22,086 - INFO - Processing combined data
2024-01-07 12:50:22,118 - INFO - Created index.html output
2024-01-07 12:50:22,118 - INFO - Generating pilot pages
2024-01-07 12:51:39,539 - INFO - Pilot RJF assigned to XI Sqn
2024-01-07 12:51:40,893 - INFO - Pilot Cactus assigned to XI Sqn
2024-01-07 12:51:41,082 - INFO - Pilot Poacher assigned to XI Sqn
2024-01-07 12:51:41,286 - INFO - Pilot Jez assigned to XI Sqn
2024-01-07 12:51:41,544 - INFO - Pilot Hawk assigned to XI Sqn
2024-01-07 12:51:41,803 - INFO - Pilot Flynn assigned to XI Sqn
2024-01-07 12:51:46,157 - INFO - Created index.html output
2024-01-07 12:51:51,342 - INFO - Running merge.lua script
2024-01-07 12:51:51,349 - ERROR - Error running Lua script: lua54: src/lua/merge.lua:3: module 'dkjson' not found:
	no field package.preload['dkjson']
	no file 'C:\lua\lua\dkjson.lua'
	no file 'C:\lua\lua\dkjson\init.lua'
	no file 'C:\lua\dkjson.lua'
	no file 'C:\lua\dkjson\init.lua'
	no file 'C:\lua\..\share\lua\5.4\dkjson.lua'
	no file 'C:\lua\..\share\lua\5.4\dkjson\init.lua'
	no file '.\dkjson.lua'
	no file '.\dkjson\init.lua'
	no file 'C:\Program Files (x86)\Lua\5.1\lua\dkjson.luac'
	no file 'C:\lua\dkjson.dll'
	no file 'C:\lua\..\lib\lua\5.4\dkjson.dll'
	no file 'C:\lua\loadall.dll'
	no file '.\dkjson.dll'
	no file 'C:\lua\dkjson54.dll'
	no file '.\dkjson54.dll'
stack traceback:
	[C]: in function 'require'
	src/lua/merge.lua:3: in main chunk
	[C]: in ?

2024-01-07 12:51:51,349 - INFO - Processing combined data
2024-01-07 12:51:51,387 - INFO - Created index.html output
2024-01-07 12:51:51,387 - INFO - Generating pilot pages
2024-01-07 12:53:13,802 - INFO - Pilot Gimbal assigned to 617 Sqn
2024-01-07 12:53:14,068 - INFO - Pilot Wee Neal assigned to 617 Sqn
2024-01-07 12:53:14,286 - INFO - Pilot Christian assigned to 617 Sqn
2024-01-07 12:53:14,768 - INFO - Pilot Liminal assigned to 617 Sqn
2024-01-07 12:53:15,044 - INFO - Pilot Monkey assigned to 617 Sqn
2024-01-07 12:53:15,285 - INFO - Created index.html output
2024-01-07 12:53:22,548 - INFO - Running merge.lua script
2024-01-07 12:53:22,554 - ERROR - Error running Lua script: lua54: src/lua/merge.lua:3: module 'dkjson' not found:
	no field package.preload['dkjson']
	no file 'C:\lua\lua\dkjson.lua'
	no file 'C:\lua\lua\dkjson\init.lua'
	no file 'C:\lua\dkjson.lua'
	no file 'C:\lua\dkjson\init.lua'
	no file 'C:\lua\..\share\lua\5.4\dkjson.lua'
	no file 'C:\lua\..\share\lua\5.4\dkjson\init.lua'
	no file '.\dkjson.lua'
	no file '.\dkjson\init.lua'
	no file 'C:\Program Files (x86)\Lua\5.1\lua\dkjson.luac'
	no file 'C:\lua\dkjson.dll'
	no file 'C:\lua\..\lib\lua\5.4\dkjson.dll'
	no file 'C:\lua\loadall.dll'
	no file '.\dkjson.dll'
	no file 'C:\lua\dkjson54.dll'
	no file '.\dkjson54.dll'
stack traceback:
	[C]: in function 'require'
	src/lua/merge.lua:3: in main chunk
	[C]: in ?

2024-01-07 12:53:22,554 - INFO - Processing combined data
2024-01-07 12:53:22,593 - INFO - Created index.html output
2024-01-07 12:53:22,593 - INFO - Generating pilot pages
2024-01-07 12:55:48,336 - INFO - Running merge.lua script
2024-01-07 12:55:48,372 - ERROR - Error running Lua script: lua54: src/lua/merge.lua:3: module 'dkjson' not found:
	no field package.preload['dkjson']
	no file 'C:\lua\lua\dkjson.lua'
	no file 'C:\lua\lua\dkjson\init.lua'
	no file 'C:\lua\dkjson.lua'
	no file 'C:\lua\dkjson\init.lua'
	no file 'C:\lua\..\share\lua\5.4\dkjson.lua'
	no file 'C:\lua\..\share\lua\5.4\dkjson\init.lua'
	no file '.\dkjson.lua'
	no file '.\dkjson\init.lua'
	no file 'C:\Program Files (x86)\Lua\5.1\lua\dkjson.luac'
	no file 'C:\lua\dkjson.dll'
	no file 'C:\lua\..\lib\lua\5.4\dkjson.dll'
	no file 'C:\lua\loadall.dll'
	no file '.\dkjson.dll'
	no file 'C:\lua\dkjson54.dll'
	no file '.\dkjson54.dll'
stack traceback:
	[C]: in function 'require'
	src/lua/merge.lua:3: in main chunk
	[C]: in ?

2024-01-07 12:55:48,372 - INFO - Processing combined data
2024-01-07 12:55:48,417 - INFO - Created index.html output
2024-01-07 12:55:48,417 - INFO - Generating pilot pages
2024-01-07 12:56:28,900 - INFO - Running merge.lua script
2024-01-07 12:56:28,901 - ERROR - Error running Lua script: lua54: src/lua/merge.lua:3: module 'dkjson' not found:
	no field package.preload['dkjson']
	no file 'C:\lua\lua\dkjson.lua'
	no file 'C:\lua\lua\dkjson\init.lua'
	no file 'C:\lua\dkjson.lua'
	no file 'C:\lua\dkjson\init.lua'
	no file 'C:\lua\..\share\lua\5.4\dkjson.lua'
	no file 'C:\lua\..\share\lua\5.4\dkjson\init.lua'
	no file '.\dkjson.lua'
	no file '.\dkjson\init.lua'
	no file 'C:\Program Files (x86)\Lua\5.1\lua\dkjson.luac'
	no file 'C:\lua\dkjson.dll'
	no file 'C:\lua\..\lib\lua\5.4\dkjson.dll'
	no file 'C:\lua\loadall.dll'
	no file '.\dkjson.dll'
	no file 'C:\lua\dkjson54.dll'
	no file '.\dkjson54.dll'
stack traceback:
	[C]: in function 'require'
	src/lua/merge.lua:3: in main chunk
	[C]: in ?

2024-01-07 12:56:28,901 - INFO - Processing combined data
2024-01-07 12:56:28,942 - INFO - Created index.html output
2024-01-07 12:56:28,942 - INFO - Generating pilot pages
2024-01-07 12:56:57,524 - INFO - Running merge.lua script
2024-01-07 12:56:57,531 - ERROR - Error running Lua script: lua54: src/lua/merge.lua:3: module 'dkjson' not found:
	no field package.preload['dkjson']
	no file 'C:\lua\lua\dkjson.lua'
	no file 'C:\lua\lua\dkjson\init.lua'
	no file 'C:\lua\dkjson.lua'
	no file 'C:\lua\dkjson\init.lua'
	no file 'C:\lua\..\share\lua\5.4\dkjson.lua'
	no file 'C:\lua\..\share\lua\5.4\dkjson\init.lua'
	no file '.\dkjson.lua'
	no file '.\dkjson\init.lua'
	no file 'C:\Program Files (x86)\Lua\5.1\lua\dkjson.luac'
	no file 'C:\lua\dkjson.dll'
	no file 'C:\lua\..\lib\lua\5.4\dkjson.dll'
	no file 'C:\lua\loadall.dll'
	no file '.\dkjson.dll'
	no file 'C:\lua\dkjson54.dll'
	no file '.\dkjson54.dll'
stack traceback:
	[C]: in function 'require'
	src/lua/merge.lua:3: in main chunk
	[C]: in ?

2024-01-07 12:56:57,531 - INFO - Processing combined data
2024-01-07 12:56:57,570 - INFO - Created index.html output
2024-01-07 12:56:57,570 - INFO - Generating pilot pages
2024-01-07 13:02:29,389 - INFO - Running merge.lua script
2024-01-07 13:02:30,699 - INFO - Processing combined data
2024-01-07 13:02:31,436 - INFO - Created index.html output
2024-01-07 13:02:31,437 - INFO - Generating pilot pages
2024-01-07 13:09:18,059 - WARNING - PyNaCl is not installed, voice will NOT be supported
2024-01-07 13:09:18,063 - DEBUG - Using proactor: IocpProactor
2024-01-07 13:09:18,065 - INFO - logging in using static token
2024-01-07 13:09:19,216 - INFO - Shard ID None has connected to Gateway (Session ID: f07f2994268a75ce431692c07d3b51fb).
2024-01-07 13:09:38,179 - ERROR - Ignoring exception in command assign_co
Traceback (most recent call last):
  File "C:\Users\GavinE\OneDrive - Sentient Vision Systems\Repos\dcs_server_logbook\env\Lib\site-packages\discord\ext\commands\bot.py", line 1350, in invoke
    await ctx.command.invoke(ctx)
  File "C:\Users\GavinE\OneDrive - Sentient Vision Systems\Repos\dcs_server_logbook\env\Lib\site-packages\discord\ext\commands\core.py", line 1021, in invoke
    await self.prepare(ctx)
  File "C:\Users\GavinE\OneDrive - Sentient Vision Systems\Repos\dcs_server_logbook\env\Lib\site-packages\discord\ext\commands\core.py", line 938, in prepare
    await self._parse_arguments(ctx)
  File "C:\Users\GavinE\OneDrive - Sentient Vision Systems\Repos\dcs_server_logbook\env\Lib\site-packages\discord\ext\commands\core.py", line 853, in _parse_arguments
    kwargs[name] = await self.transform(ctx, param, attachments)
                   ^^^^^^^^^^^^^^^^^^^^^^^^^^^^^^^^^^^^^^^^^^^^^
  File "C:\Users\GavinE\OneDrive - Sentient Vision Systems\Repos\dcs_server_logbook\env\Lib\site-packages\discord\ext\commands\core.py", line 697, in transform
    raise MissingRequiredArgument(param)
discord.ext.commands.errors.MissingRequiredArgument: pilot_name is a required argument that is missing.
2024-01-07 13:11:31,770 - WARNING - PyNaCl is not installed, voice will NOT be supported
2024-01-07 13:11:31,771 - DEBUG - Using proactor: IocpProactor
2024-01-07 13:11:31,772 - INFO - logging in using static token
2024-01-07 13:11:33,082 - INFO - Shard ID None has connected to Gateway (Session ID: c1347983e236d6ba10fa0bd172f1fa3d).
2024-01-07 13:11:48,686 - ERROR - Ignoring exception in command assign_co
Traceback (most recent call last):
  File "C:\Users\GavinE\OneDrive - Sentient Vision Systems\Repos\dcs_server_logbook\env\Lib\site-packages\discord\ext\commands\core.py", line 235, in wrapped
    ret = await coro(*args, **kwargs)
          ^^^^^^^^^^^^^^^^^^^^^^^^^^^
  File "C:\Users\GavinE\OneDrive - Sentient Vision Systems\Repos\dcs_server_logbook\src\bot.py", line 24, in assign_co
    await ctx.send(f"No pilot found with the name: {name}")
                                                    ^^^^
NameError: name 'name' is not defined

The above exception was the direct cause of the following exception:

Traceback (most recent call last):
  File "C:\Users\GavinE\OneDrive - Sentient Vision Systems\Repos\dcs_server_logbook\env\Lib\site-packages\discord\ext\commands\bot.py", line 1350, in invoke
    await ctx.command.invoke(ctx)
  File "C:\Users\GavinE\OneDrive - Sentient Vision Systems\Repos\dcs_server_logbook\env\Lib\site-packages\discord\ext\commands\core.py", line 1029, in invoke
    await injected(*ctx.args, **ctx.kwargs)  # type: ignore
    ^^^^^^^^^^^^^^^^^^^^^^^^^^^^^^^^^^^^^^^
  File "C:\Users\GavinE\OneDrive - Sentient Vision Systems\Repos\dcs_server_logbook\env\Lib\site-packages\discord\ext\commands\core.py", line 244, in wrapped
    raise CommandInvokeError(exc) from exc
discord.ext.commands.errors.CommandInvokeError: Command raised an exception: NameError: name 'name' is not defined
2024-01-07 13:12:13,322 - WARNING - PyNaCl is not installed, voice will NOT be supported
2024-01-07 13:12:13,323 - DEBUG - Using proactor: IocpProactor
2024-01-07 13:12:13,324 - INFO - logging in using static token
2024-01-07 13:12:14,554 - INFO - Shard ID None has connected to Gateway (Session ID: 88cb5e5d7d92f7032051257df72b9912).
2024-01-07 13:15:27,183 - WARNING - PyNaCl is not installed, voice will NOT be supported
2024-01-07 13:15:27,184 - DEBUG - Using proactor: IocpProactor
2024-01-07 13:15:27,185 - INFO - logging in using static token
2024-01-07 13:15:28,498 - INFO - Shard ID None has connected to Gateway (Session ID: fffb0c9efadc3e7d3e00179dac0f95e2).
2024-01-07 13:16:30,531 - WARNING - PyNaCl is not installed, voice will NOT be supported
2024-01-07 13:16:30,532 - DEBUG - Using proactor: IocpProactor
2024-01-07 13:16:30,532 - INFO - logging in using static token
2024-01-07 13:16:31,559 - INFO - Shard ID None has connected to Gateway (Session ID: 2fb4b567f6380752a49c1a35ab91b4a2).
2024-01-07 13:18:19,680 - WARNING - PyNaCl is not installed, voice will NOT be supported
2024-01-07 13:18:19,681 - DEBUG - Using proactor: IocpProactor
2024-01-07 13:18:19,683 - INFO - logging in using static token
2024-01-07 13:18:20,786 - INFO - Shard ID None has connected to Gateway (Session ID: 865d5b342033eb6c2e8fc70093101bf2).
2024-01-07 13:22:22,272 - WARNING - PyNaCl is not installed, voice will NOT be supported
2024-01-07 13:22:22,274 - DEBUG - Using proactor: IocpProactor
2024-01-07 13:22:22,275 - INFO - logging in using static token
2024-01-07 13:22:23,209 - INFO - Shard ID None has connected to Gateway (Session ID: c5dd5fb0e551bcde61df8743063a10ac).
2024-01-07 13:29:09,432 - WARNING - PyNaCl is not installed, voice will NOT be supported
2024-01-07 13:29:09,433 - DEBUG - Using proactor: IocpProactor
2024-01-07 13:29:09,434 - INFO - logging in using static token
2024-01-07 13:29:12,009 - INFO - Shard ID None has connected to Gateway (Session ID: 978184dd79156f7976ac6db75bd06793).
2024-01-07 13:29:43,318 - INFO - Pilot Mailman assigned to command of XI Sqn
2024-01-07 13:30:15,227 - WARNING - PyNaCl is not installed, voice will NOT be supported
2024-01-07 13:30:15,228 - DEBUG - Using proactor: IocpProactor
2024-01-07 13:30:15,229 - INFO - logging in using static token
2024-01-07 13:30:16,231 - INFO - Shard ID None has connected to Gateway (Session ID: 40fd37206db2b86ad63a62f723b04c03).
2024-01-07 13:30:22,698 - INFO - Pilot Mailman assigned to command of XI Sqn
2024-01-07 13:30:48,810 - WARNING - PyNaCl is not installed, voice will NOT be supported
2024-01-07 13:30:48,811 - DEBUG - Using proactor: IocpProactor
2024-01-07 13:30:48,812 - INFO - logging in using static token
2024-01-07 13:30:49,859 - INFO - Shard ID None has connected to Gateway (Session ID: 4869a25c4c7a1a88e73bdb38cd5cbd25).
2024-01-07 13:37:08,508 - WARNING - PyNaCl is not installed, voice will NOT be supported
2024-01-07 13:37:08,509 - DEBUG - Using proactor: IocpProactor
2024-01-07 13:37:08,511 - INFO - logging in using static token
2024-01-07 13:37:09,396 - INFO - Shard ID None has connected to Gateway (Session ID: 8f74d5a71e9eeccc38673a059d4adb68).
2024-01-07 13:37:22,096 - INFO - Pilot d924195f7dfe499a192c11f00489df4a assigned as CO of Squadron 892 NAS
2024-01-07 13:37:22,099 - INFO - Pilot Mailman assigned to command of 892 NAS
2024-01-07 13:37:45,237 - INFO - Pilot 88dae793ecd2d2ed030fbd6bca2297f7 assigned as CO of Squadron 656 Sqn
2024-01-07 13:37:45,240 - INFO - Pilot Gimbal assigned to command of 656 Sqn
2024-01-07 13:37:59,913 - INFO - Pilot e473f6817732c53fd33b3b5b923bb3b8 assigned as CO of Squadron 617 Sqn
2024-01-07 13:37:59,916 - INFO - Pilot Dangerman assigned to command of 617 Sqn
2024-01-07 13:39:35,614 - INFO - Pilot c153e49b73efbf650cd11ac76f3831df assigned as CO of Squadron XI Sqn
2024-01-07 13:39:35,618 - INFO - Pilot RJF assigned to command of XI Sqn
2024-01-07 13:39:46,509 - INFO - Pilot 6b7faedbf5e4500cda9efe482cf5d764 assigned as CO of Squadron IV Sqn
2024-01-07 13:39:46,513 - INFO - Pilot Cactus assigned to command of IV Sqn
2024-01-07 13:50:15,133 - WARNING - PyNaCl is not installed, voice will NOT be supported
2024-01-07 13:50:15,134 - DEBUG - Using proactor: IocpProactor
2024-01-07 13:50:15,135 - INFO - logging in using static token
2024-01-07 13:50:16,104 - INFO - Shard ID None has connected to Gateway (Session ID: 4494d9603ba91550a74f4ebb0766acd1).
2024-01-07 13:50:25,328 - INFO - Running merge.lua script
2024-01-07 13:50:25,625 - INFO - Processing combined data
2024-01-07 13:50:25,818 - INFO - Created index.html output
2024-01-07 13:50:25,818 - INFO - Generating pilot pages
2024-01-07 14:10:21,516 - WARNING - PyNaCl is not installed, voice will NOT be supported
2024-01-07 14:10:21,517 - DEBUG - Using proactor: IocpProactor
2024-01-07 14:10:21,518 - INFO - logging in using static token
2024-01-07 14:10:22,682 - INFO - Shard ID None has connected to Gateway (Session ID: 3f44d219936c491327e8370022194f76).
2024-01-07 14:25:00,739 - WARNING - PyNaCl is not installed, voice will NOT be supported
2024-01-07 14:25:00,740 - DEBUG - Using proactor: IocpProactor
2024-01-07 14:25:00,741 - INFO - logging in using static token
2024-01-07 14:25:01,841 - INFO - Shard ID None has connected to Gateway (Session ID: 9cb65424a0bfbba506c265c32ebe1b06).
2024-01-07 14:34:37,121 - INFO - Shard ID None session has been invalidated.
2024-01-07 14:43:51,546 - WARNING - PyNaCl is not installed, voice will NOT be supported
2024-01-07 14:43:51,548 - DEBUG - Using proactor: IocpProactor
2024-01-07 14:43:51,549 - INFO - logging in using static token
2024-01-07 14:43:52,552 - INFO - Shard ID None has connected to Gateway (Session ID: b272c5cbb520514328253c8258cbcb5e).
2024-01-07 14:53:50,433 - WARNING - PyNaCl is not installed, voice will NOT be supported
2024-01-07 14:53:50,434 - DEBUG - Using proactor: IocpProactor
2024-01-07 14:53:50,436 - INFO - logging in using static token
2024-01-07 14:53:51,760 - INFO - Shard ID None has connected to Gateway (Session ID: 3aab0f10ebca35b958a60b2de4f96f62).
2024-01-07 14:54:14,594 - ERROR - Ignoring exception in command None
discord.ext.commands.errors.CommandNotFound: Command "give_qualification" is not found
2024-01-07 14:54:24,985 - ERROR - Ignoring exception in command None
discord.ext.commands.errors.CommandNotFound: Command "give_qualification" is not found
2024-01-07 14:54:52,927 - WARNING - PyNaCl is not installed, voice will NOT be supported
2024-01-07 14:54:52,928 - DEBUG - Using proactor: IocpProactor
2024-01-07 14:54:52,929 - INFO - logging in using static token
2024-01-07 14:54:53,813 - INFO - Shard ID None has connected to Gateway (Session ID: fd40c32b924b12535cb6b68212baec8c).
2024-01-07 15:02:28,954 - WARNING - PyNaCl is not installed, voice will NOT be supported
2024-01-07 15:02:28,955 - DEBUG - Using proactor: IocpProactor
2024-01-07 15:02:28,956 - INFO - logging in using static token
2024-01-07 15:02:29,805 - INFO - Shard ID None has connected to Gateway (Session ID: b5a28b4773e364c756fc9b3e0d9d875a).
2024-01-07 15:07:08,790 - WARNING - PyNaCl is not installed, voice will NOT be supported
2024-01-07 15:07:08,792 - DEBUG - Using proactor: IocpProactor
2024-01-07 15:07:08,793 - INFO - logging in using static token
2024-01-07 15:07:10,004 - INFO - Shard ID None has connected to Gateway (Session ID: d4b448af9707731b335cc02dfa1a1719).
2024-01-07 15:18:52,233 - WARNING - PyNaCl is not installed, voice will NOT be supported
2024-01-07 15:18:52,234 - DEBUG - Using proactor: IocpProactor
2024-01-07 15:18:52,235 - INFO - logging in using static token
2024-01-07 15:18:53,244 - INFO - Shard ID None has connected to Gateway (Session ID: c84db40074eb7c500416d8a546627d2b).
2024-01-07 15:19:17,646 - WARNING - PyNaCl is not installed, voice will NOT be supported
2024-01-07 15:19:17,647 - DEBUG - Using proactor: IocpProactor
2024-01-07 15:19:17,648 - INFO - logging in using static token
2024-01-07 15:19:18,453 - INFO - Shard ID None has connected to Gateway (Session ID: 6780be34652c378329f89906922f0524).
2024-01-07 15:21:37,037 - ERROR - Ignoring exception in command None
discord.ext.commands.errors.CommandNotFound: Command "give_award" is not found
2024-01-07 15:27:17,923 - WARNING - PyNaCl is not installed, voice will NOT be supported
2024-01-07 15:27:17,924 - DEBUG - Using proactor: IocpProactor
2024-01-07 15:27:17,925 - INFO - logging in using static token
2024-01-07 15:27:18,882 - INFO - Shard ID None has connected to Gateway (Session ID: a73cd9e4473dab79204a91cef9528209).
2024-01-07 15:30:27,935 - WARNING - PyNaCl is not installed, voice will NOT be supported
2024-01-07 15:30:27,936 - DEBUG - Using proactor: IocpProactor
2024-01-07 15:30:27,937 - INFO - logging in using static token
2024-01-07 15:30:28,864 - INFO - Shard ID None has connected to Gateway (Session ID: c297a72b998476304a252d1139d24987).
2024-01-07 15:40:45,833 - WARNING - PyNaCl is not installed, voice will NOT be supported
2024-01-07 15:40:45,834 - DEBUG - Using proactor: IocpProactor
2024-01-07 15:40:45,834 - INFO - logging in using static token
2024-01-07 15:40:46,935 - INFO - Shard ID None has connected to Gateway (Session ID: 5e1bd6bbfe02022b652910b97ae84e3e).
2024-01-07 15:40:57,488 - ERROR - Ignoring exception in command clear_award
Traceback (most recent call last):
  File "C:\Users\GavinE\OneDrive - Sentient Vision Systems\Repos\dcs_server_logbook\env\Lib\site-packages\discord\ext\commands\bot.py", line 1350, in invoke
    await ctx.command.invoke(ctx)
  File "C:\Users\GavinE\OneDrive - Sentient Vision Systems\Repos\dcs_server_logbook\env\Lib\site-packages\discord\ext\commands\core.py", line 1021, in invoke
    await self.prepare(ctx)
  File "C:\Users\GavinE\OneDrive - Sentient Vision Systems\Repos\dcs_server_logbook\env\Lib\site-packages\discord\ext\commands\core.py", line 938, in prepare
    await self._parse_arguments(ctx)
  File "C:\Users\GavinE\OneDrive - Sentient Vision Systems\Repos\dcs_server_logbook\env\Lib\site-packages\discord\ext\commands\core.py", line 853, in _parse_arguments
    kwargs[name] = await self.transform(ctx, param, attachments)
                   ^^^^^^^^^^^^^^^^^^^^^^^^^^^^^^^^^^^^^^^^^^^^^
  File "C:\Users\GavinE\OneDrive - Sentient Vision Systems\Repos\dcs_server_logbook\env\Lib\site-packages\discord\ext\commands\core.py", line 697, in transform
    raise MissingRequiredArgument(param)
discord.ext.commands.errors.MissingRequiredArgument: pilot_name is a required argument that is missing.
2024-01-07 16:19:45,639 - INFO - Running merge.lua script
2024-01-07 16:19:45,832 - INFO - Processing combined data
2024-01-07 16:19:45,939 - INFO - Created index.html output
2024-01-07 16:19:45,939 - INFO - Generating pilot pages
2024-01-07 16:29:45,869 - INFO - Running merge.lua script
2024-01-07 16:29:46,028 - INFO - Processing combined data
2024-01-07 16:29:46,112 - INFO - Created index.html output
2024-01-07 16:29:46,112 - INFO - Generating pilot pages
2024-01-07 17:53:14,979 - INFO - Shard ID None has successfully RESUMED session 5e1bd6bbfe02022b652910b97ae84e3e.
2024-01-07 18:29:46,716 - INFO - Running merge.lua script
2024-01-07 18:29:46,867 - INFO - Processing combined data
2024-01-07 18:29:46,953 - INFO - Created index.html output
2024-01-07 18:29:46,954 - INFO - Generating pilot pages
2024-01-07 18:35:28,332 - INFO - Running merge.lua script
2024-01-07 18:35:28,533 - INFO - Processing combined data
2024-01-07 18:35:28,609 - INFO - Created index.html output
2024-01-07 18:35:28,609 - INFO - Generating pilot pages
2024-01-07 18:36:01,856 - INFO - Running merge.lua script
2024-01-07 18:36:01,923 - INFO - Processing combined data
2024-01-07 18:36:02,011 - INFO - Created index.html output
2024-01-07 18:36:02,011 - INFO - Generating pilot pages
2024-01-07 18:42:21,258 - INFO - Running merge.lua script
2024-01-07 18:42:21,443 - INFO - Processing combined data
2024-01-07 18:42:21,524 - INFO - Created index.html output
2024-01-07 18:42:21,524 - INFO - Generating pilot pages
2024-01-07 18:43:48,641 - INFO - Running merge.lua script
2024-01-07 18:43:48,699 - INFO - Processing combined data
2024-01-07 18:43:48,777 - INFO - Created index.html output
2024-01-07 18:43:48,777 - INFO - Generating pilot pages
2024-01-07 18:44:35,972 - INFO - Running merge.lua script
2024-01-07 18:44:36,034 - INFO - Processing combined data
2024-01-07 18:44:36,102 - INFO - Created index.html output
2024-01-07 18:44:36,102 - INFO - Generating pilot pages
2024-01-07 18:46:48,734 - INFO - Running merge.lua script
2024-01-07 18:46:48,802 - INFO - Processing combined data
2024-01-07 18:46:48,894 - INFO - Created index.html output
2024-01-07 18:46:48,894 - INFO - Generating pilot pages
2024-01-07 18:47:17,366 - INFO - Running merge.lua script
2024-01-07 18:47:17,433 - INFO - Processing combined data
2024-01-07 18:47:17,518 - INFO - Created index.html output
2024-01-07 18:47:17,518 - INFO - Generating pilot pages
2024-01-07 18:49:51,570 - INFO - Running merge.lua script
2024-01-07 18:49:51,636 - INFO - Processing combined data
2024-01-07 18:49:51,730 - INFO - Created index.html output
2024-01-07 18:49:51,730 - INFO - Generating pilot pages
2024-01-07 18:52:09,708 - WARNING - PyNaCl is not installed, voice will NOT be supported
2024-01-07 18:52:09,709 - DEBUG - Using proactor: IocpProactor
2024-01-07 18:52:09,710 - INFO - logging in using static token
2024-01-07 18:52:10,684 - INFO - Shard ID None has connected to Gateway (Session ID: 73118d799b503b3143e9e05bd6c029b0).
2024-01-07 18:52:23,123 - ERROR - Ignoring exception in command give_award
Traceback (most recent call last):
  File "C:\Users\GavinE\OneDrive - Sentient Vision Systems\Repos\dcs_server_logbook\env\Lib\site-packages\discord\ext\commands\bot.py", line 1350, in invoke
    await ctx.command.invoke(ctx)
  File "C:\Users\GavinE\OneDrive - Sentient Vision Systems\Repos\dcs_server_logbook\env\Lib\site-packages\discord\ext\commands\core.py", line 1021, in invoke
    await self.prepare(ctx)
  File "C:\Users\GavinE\OneDrive - Sentient Vision Systems\Repos\dcs_server_logbook\env\Lib\site-packages\discord\ext\commands\core.py", line 938, in prepare
    await self._parse_arguments(ctx)
  File "C:\Users\GavinE\OneDrive - Sentient Vision Systems\Repos\dcs_server_logbook\env\Lib\site-packages\discord\ext\commands\core.py", line 853, in _parse_arguments
    kwargs[name] = await self.transform(ctx, param, attachments)
                   ^^^^^^^^^^^^^^^^^^^^^^^^^^^^^^^^^^^^^^^^^^^^^
  File "C:\Users\GavinE\OneDrive - Sentient Vision Systems\Repos\dcs_server_logbook\env\Lib\site-packages\discord\ext\commands\core.py", line 697, in transform
    raise MissingRequiredArgument(param)
discord.ext.commands.errors.MissingRequiredArgument: pilot_name is a required argument that is missing.
2024-01-07 18:54:32,975 - WARNING - PyNaCl is not installed, voice will NOT be supported
2024-01-07 18:54:32,977 - DEBUG - Using proactor: IocpProactor
2024-01-07 18:54:32,979 - INFO - logging in using static token
2024-01-07 18:54:34,008 - INFO - Shard ID None has connected to Gateway (Session ID: 93f939c501d9e5f1462a6507059dea7b).
2024-01-07 18:54:37,778 - ERROR - Ignoring exception in command give_award
Traceback (most recent call last):
  File "C:\Users\GavinE\OneDrive - Sentient Vision Systems\Repos\dcs_server_logbook\env\Lib\site-packages\discord\ext\commands\bot.py", line 1350, in invoke
    await ctx.command.invoke(ctx)
  File "C:\Users\GavinE\OneDrive - Sentient Vision Systems\Repos\dcs_server_logbook\env\Lib\site-packages\discord\ext\commands\core.py", line 1021, in invoke
    await self.prepare(ctx)
  File "C:\Users\GavinE\OneDrive - Sentient Vision Systems\Repos\dcs_server_logbook\env\Lib\site-packages\discord\ext\commands\core.py", line 938, in prepare
    await self._parse_arguments(ctx)
  File "C:\Users\GavinE\OneDrive - Sentient Vision Systems\Repos\dcs_server_logbook\env\Lib\site-packages\discord\ext\commands\core.py", line 853, in _parse_arguments
    kwargs[name] = await self.transform(ctx, param, attachments)
                   ^^^^^^^^^^^^^^^^^^^^^^^^^^^^^^^^^^^^^^^^^^^^^
  File "C:\Users\GavinE\OneDrive - Sentient Vision Systems\Repos\dcs_server_logbook\env\Lib\site-packages\discord\ext\commands\core.py", line 697, in transform
    raise MissingRequiredArgument(param)
discord.ext.commands.errors.MissingRequiredArgument: pilot_name is a required argument that is missing.
2024-01-07 18:54:58,819 - WARNING - PyNaCl is not installed, voice will NOT be supported
2024-01-07 18:54:58,820 - DEBUG - Using proactor: IocpProactor
2024-01-07 18:54:58,821 - INFO - logging in using static token
2024-01-07 18:54:59,764 - INFO - Shard ID None has connected to Gateway (Session ID: 432662aa865b603b84cf4ca120afd243).
2024-01-07 18:55:05,057 - ERROR - Ignoring exception in command give_award
Traceback (most recent call last):
  File "C:\Users\GavinE\OneDrive - Sentient Vision Systems\Repos\dcs_server_logbook\env\Lib\site-packages\discord\ext\commands\bot.py", line 1350, in invoke
    await ctx.command.invoke(ctx)
  File "C:\Users\GavinE\OneDrive - Sentient Vision Systems\Repos\dcs_server_logbook\env\Lib\site-packages\discord\ext\commands\core.py", line 1021, in invoke
    await self.prepare(ctx)
  File "C:\Users\GavinE\OneDrive - Sentient Vision Systems\Repos\dcs_server_logbook\env\Lib\site-packages\discord\ext\commands\core.py", line 938, in prepare
    await self._parse_arguments(ctx)
  File "C:\Users\GavinE\OneDrive - Sentient Vision Systems\Repos\dcs_server_logbook\env\Lib\site-packages\discord\ext\commands\core.py", line 853, in _parse_arguments
    kwargs[name] = await self.transform(ctx, param, attachments)
                   ^^^^^^^^^^^^^^^^^^^^^^^^^^^^^^^^^^^^^^^^^^^^^
  File "C:\Users\GavinE\OneDrive - Sentient Vision Systems\Repos\dcs_server_logbook\env\Lib\site-packages\discord\ext\commands\core.py", line 697, in transform
    raise MissingRequiredArgument(param)
discord.ext.commands.errors.MissingRequiredArgument: pilot_name is a required argument that is missing.
2024-01-07 18:55:15,485 - WARNING - PyNaCl is not installed, voice will NOT be supported
2024-01-07 18:55:15,486 - DEBUG - Using proactor: IocpProactor
2024-01-07 18:55:15,487 - INFO - logging in using static token
2024-01-07 18:55:16,586 - INFO - Shard ID None has connected to Gateway (Session ID: 915a5301e996d9a57f4e761502afeba5).
2024-01-07 18:56:00,220 - INFO - Running merge.lua script
2024-01-07 18:56:00,420 - INFO - Processing combined data
2024-01-07 18:56:00,509 - INFO - Created index.html output
2024-01-07 18:56:00,509 - INFO - Generating pilot pages
2024-01-07 18:57:16,414 - INFO - Running merge.lua script
2024-01-07 18:57:16,485 - INFO - Processing combined data
2024-01-07 18:57:16,578 - INFO - Created index.html output
2024-01-07 18:57:16,579 - INFO - Generating pilot pages
2024-01-07 18:57:42,587 - WARNING - PyNaCl is not installed, voice will NOT be supported
2024-01-07 18:57:42,588 - DEBUG - Using proactor: IocpProactor
2024-01-07 18:57:42,590 - INFO - logging in using static token
2024-01-07 18:57:43,511 - INFO - Shard ID None has connected to Gateway (Session ID: fccb5c00c1b9dac37539b2cebb91c4d0).
2024-01-07 18:57:49,211 - ERROR - Ignoring exception in command give_award
Traceback (most recent call last):
  File "C:\Users\GavinE\OneDrive - Sentient Vision Systems\Repos\dcs_server_logbook\env\Lib\site-packages\discord\ext\commands\core.py", line 235, in wrapped
    ret = await coro(*args, **kwargs)
          ^^^^^^^^^^^^^^^^^^^^^^^^^^^
  File "C:\Users\GavinE\OneDrive - Sentient Vision Systems\Repos\dcs_server_logbook\src\bot.py", line 88, in give_award
    for aid, aname in awards.items():
                      ^^^^^^^^^^^^
AttributeError: 'list' object has no attribute 'items'

The above exception was the direct cause of the following exception:

Traceback (most recent call last):
  File "C:\Users\GavinE\OneDrive - Sentient Vision Systems\Repos\dcs_server_logbook\env\Lib\site-packages\discord\ext\commands\bot.py", line 1350, in invoke
    await ctx.command.invoke(ctx)
  File "C:\Users\GavinE\OneDrive - Sentient Vision Systems\Repos\dcs_server_logbook\env\Lib\site-packages\discord\ext\commands\core.py", line 1029, in invoke
    await injected(*ctx.args, **ctx.kwargs)  # type: ignore
    ^^^^^^^^^^^^^^^^^^^^^^^^^^^^^^^^^^^^^^^
  File "C:\Users\GavinE\OneDrive - Sentient Vision Systems\Repos\dcs_server_logbook\env\Lib\site-packages\discord\ext\commands\core.py", line 244, in wrapped
    raise CommandInvokeError(exc) from exc
discord.ext.commands.errors.CommandInvokeError: Command raised an exception: AttributeError: 'list' object has no attribute 'items'
2024-01-07 19:03:21,581 - WARNING - PyNaCl is not installed, voice will NOT be supported
2024-01-07 19:03:21,583 - DEBUG - Using proactor: IocpProactor
2024-01-07 19:03:21,584 - INFO - logging in using static token
2024-01-07 19:03:22,434 - INFO - Shard ID None has connected to Gateway (Session ID: f78ac846aa16676b42704b1dcef4f0a1).
2024-01-07 19:03:54,900 - INFO - Running merge.lua script
2024-01-07 19:03:54,960 - INFO - Processing combined data
2024-01-07 19:03:55,038 - INFO - Created index.html output
2024-01-07 19:03:55,038 - INFO - Generating pilot pages
2024-01-07 19:12:14,748 - INFO - Running merge.lua script
2024-01-07 19:12:14,932 - INFO - Processing combined data
2024-01-07 19:12:15,011 - INFO - Created index.html output
2024-01-07 19:12:15,011 - INFO - Generating pilot pages
2024-01-07 19:13:44,497 - INFO - Running merge.lua script
2024-01-07 19:13:44,570 - INFO - Processing combined data
2024-01-07 19:13:44,644 - INFO - Created index.html output
2024-01-07 19:13:44,645 - INFO - Generating pilot pages
2024-01-07 19:19:08,835 - WARNING - PyNaCl is not installed, voice will NOT be supported
2024-01-07 19:19:08,836 - DEBUG - Using proactor: IocpProactor
2024-01-07 19:19:08,837 - INFO - logging in using static token
2024-01-07 19:19:09,917 - INFO - Shard ID None has connected to Gateway (Session ID: 369b753e8c1e9f0dfb50bda8b465ab85).
2024-01-07 19:19:38,193 - INFO - Running merge.lua script
2024-01-07 19:19:38,250 - INFO - Processing combined data
2024-01-07 19:19:38,326 - INFO - Created index.html output
2024-01-07 19:19:38,326 - INFO - Generating pilot pages
2024-01-07 19:20:40,624 - INFO - Running merge.lua script
2024-01-07 19:20:40,685 - INFO - Processing combined data
2024-01-07 19:20:40,773 - INFO - Created index.html output
2024-01-07 19:20:40,773 - INFO - Generating pilot pages
2024-01-07 19:27:19,510 - DEBUG - matplotlib data path: C:\Users\GavinE\OneDrive - Sentient Vision Systems\Repos\dcs_server_logbook\env\Lib\site-packages\matplotlib\mpl-data
2024-01-07 19:27:19,521 - DEBUG - CONFIGDIR=C:\Users\GavinE\.matplotlib
2024-01-07 19:27:19,523 - DEBUG - interactive is False
2024-01-07 19:27:19,523 - DEBUG - platform is win32
2024-01-07 19:27:19,564 - WARNING - PyNaCl is not installed, voice will NOT be supported
2024-01-07 19:27:19,565 - DEBUG - Using proactor: IocpProactor
2024-01-07 19:27:19,566 - INFO - logging in using static token
2024-01-07 19:27:20,378 - INFO - Shard ID None has connected to Gateway (Session ID: 6daeb32cd566d8c44bd9418e5d3fc050).
2024-01-07 19:34:21,964 - DEBUG - matplotlib data path: C:\Users\GavinE\OneDrive - Sentient Vision Systems\Repos\dcs_server_logbook\env\Lib\site-packages\matplotlib\mpl-data
2024-01-07 19:34:21,970 - DEBUG - CONFIGDIR=C:\Users\GavinE\.matplotlib
2024-01-07 19:34:21,971 - DEBUG - interactive is False
2024-01-07 19:34:21,971 - DEBUG - platform is win32
2024-01-07 19:34:22,015 - WARNING - PyNaCl is not installed, voice will NOT be supported
2024-01-07 19:34:22,016 - DEBUG - Using proactor: IocpProactor
2024-01-07 19:34:22,017 - INFO - logging in using static token
2024-01-07 19:34:22,911 - INFO - Shard ID None has connected to Gateway (Session ID: 341674bcd2ace9a8ad23778536f6024f).
2024-01-07 19:41:11,142 - DEBUG - matplotlib data path: C:\Users\GavinE\OneDrive - Sentient Vision Systems\Repos\dcs_server_logbook\env\Lib\site-packages\matplotlib\mpl-data
2024-01-07 19:41:11,155 - DEBUG - CONFIGDIR=C:\Users\GavinE\.matplotlib
2024-01-07 19:41:11,156 - DEBUG - interactive is False
2024-01-07 19:41:11,156 - DEBUG - platform is win32
2024-01-07 19:41:11,199 - WARNING - PyNaCl is not installed, voice will NOT be supported
2024-01-07 19:41:11,200 - DEBUG - Using proactor: IocpProactor
2024-01-07 19:41:11,200 - INFO - logging in using static token
2024-01-07 19:41:12,301 - INFO - Shard ID None has connected to Gateway (Session ID: e5d480d28290e8ebee965a5fe1100fa6).
2024-01-07 19:43:50,439 - DEBUG - matplotlib data path: C:\Users\GavinE\OneDrive - Sentient Vision Systems\Repos\dcs_server_logbook\env\Lib\site-packages\matplotlib\mpl-data
2024-01-07 19:43:50,445 - DEBUG - CONFIGDIR=C:\Users\GavinE\.matplotlib
2024-01-07 19:43:50,446 - DEBUG - interactive is False
2024-01-07 19:43:50,446 - DEBUG - platform is win32
2024-01-07 19:43:50,489 - WARNING - PyNaCl is not installed, voice will NOT be supported
2024-01-07 19:43:50,490 - DEBUG - Using proactor: IocpProactor
2024-01-07 19:43:50,491 - INFO - logging in using static token
2024-01-07 19:43:51,396 - INFO - Shard ID None has connected to Gateway (Session ID: 665d9716b0a6353832dc75cc4f0d1a6d).
2024-01-07 19:44:38,323 - DEBUG - matplotlib data path: C:\Users\GavinE\OneDrive - Sentient Vision Systems\Repos\dcs_server_logbook\env\Lib\site-packages\matplotlib\mpl-data
2024-01-07 19:44:38,329 - DEBUG - CONFIGDIR=C:\Users\GavinE\.matplotlib
2024-01-07 19:44:38,331 - DEBUG - interactive is False
2024-01-07 19:44:38,331 - DEBUG - platform is win32
2024-01-07 19:44:38,381 - WARNING - PyNaCl is not installed, voice will NOT be supported
2024-01-07 19:44:38,382 - DEBUG - Using proactor: IocpProactor
2024-01-07 19:44:38,383 - INFO - logging in using static token
2024-01-07 19:44:39,305 - INFO - Shard ID None has connected to Gateway (Session ID: a5fb99880939ac23c2b4d2e849257ae2).
2024-01-07 19:46:52,511 - INFO - Running merge.lua script
2024-01-07 19:46:52,727 - INFO - Processing combined data
2024-01-07 19:46:52,823 - INFO - Created index.html output
2024-01-07 19:46:52,823 - INFO - Generating pilot pages
2024-01-07 19:51:10,278 - INFO - Running merge.lua script
2024-01-07 19:51:10,351 - INFO - Processing combined data
2024-01-07 19:51:10,452 - INFO - Created index.html output
2024-01-07 19:51:10,452 - INFO - Generating pilot pages
2024-01-07 20:04:03,917 - ERROR - Ignoring exception in command clear_award
Traceback (most recent call last):
  File "C:\Users\GavinE\OneDrive - Sentient Vision Systems\Repos\dcs_server_logbook\env\Lib\site-packages\discord\ext\commands\bot.py", line 1350, in invoke
    await ctx.command.invoke(ctx)
  File "C:\Users\GavinE\OneDrive - Sentient Vision Systems\Repos\dcs_server_logbook\env\Lib\site-packages\discord\ext\commands\core.py", line 1021, in invoke
    await self.prepare(ctx)
  File "C:\Users\GavinE\OneDrive - Sentient Vision Systems\Repos\dcs_server_logbook\env\Lib\site-packages\discord\ext\commands\core.py", line 938, in prepare
    await self._parse_arguments(ctx)
  File "C:\Users\GavinE\OneDrive - Sentient Vision Systems\Repos\dcs_server_logbook\env\Lib\site-packages\discord\ext\commands\core.py", line 853, in _parse_arguments
    kwargs[name] = await self.transform(ctx, param, attachments)
                   ^^^^^^^^^^^^^^^^^^^^^^^^^^^^^^^^^^^^^^^^^^^^^
  File "C:\Users\GavinE\OneDrive - Sentient Vision Systems\Repos\dcs_server_logbook\env\Lib\site-packages\discord\ext\commands\core.py", line 697, in transform
    raise MissingRequiredArgument(param)
discord.ext.commands.errors.MissingRequiredArgument: pilot_name is a required argument that is missing.
2024-01-07 20:04:45,364 - INFO - Running merge.lua script
2024-01-07 20:04:45,578 - INFO - Processing combined data
2024-01-07 20:04:45,687 - INFO - Created index.html output
2024-01-07 20:04:45,687 - INFO - Generating pilot pages
2024-01-07 20:06:13,365 - INFO - Running merge.lua script
2024-01-07 20:06:13,438 - INFO - Processing combined data
2024-01-07 20:06:13,547 - INFO - Created index.html output
2024-01-07 20:06:13,547 - INFO - Generating pilot pages
2024-01-07 20:17:29,811 - INFO - Running merge.lua script
2024-01-07 20:17:30,002 - INFO - Processing combined data
2024-01-07 20:18:01,968 - INFO - Running merge.lua script
2024-01-07 20:18:02,035 - INFO - Processing combined data
2024-01-07 20:18:02,136 - INFO - Created html output
2024-01-07 20:18:02,136 - INFO - Generating pilot pages
2024-01-07 20:19:04,662 - INFO - Running merge.lua script
2024-01-07 20:19:04,721 - INFO - Processing combined data
2024-01-07 20:19:04,811 - INFO - Created html output
2024-01-07 20:19:04,811 - INFO - Generating pilot pages
2024-01-07 20:23:12,783 - INFO - Running merge.lua script
2024-01-07 20:23:12,955 - INFO - Processing combined data
2024-01-07 20:23:13,041 - INFO - Created html output
2024-01-07 20:23:13,041 - INFO - Generating pilot pages
2024-01-07 20:24:34,520 - INFO - Running merge.lua script
2024-01-07 20:24:34,573 - INFO - Processing combined data
2024-01-07 20:24:34,649 - INFO - Created html output
2024-01-07 20:24:34,649 - INFO - Generating pilot pages
2024-01-07 20:25:11,522 - INFO - Running merge.lua script
2024-01-07 20:25:11,578 - INFO - Processing combined data
2024-01-07 20:25:11,661 - INFO - Created html output
2024-01-07 20:25:11,662 - INFO - Generating pilot pages
2024-01-07 20:26:06,290 - INFO - Running merge.lua script
2024-01-07 20:26:06,340 - INFO - Processing combined data
2024-01-07 20:26:06,408 - INFO - Created html output
2024-01-07 20:26:06,408 - INFO - Generating pilot pages
2024-01-07 20:26:54,378 - INFO - Running merge.lua script
2024-01-07 20:26:54,427 - INFO - Processing combined data
2024-01-07 20:26:54,497 - INFO - Created html output
2024-01-07 20:26:54,497 - INFO - Generating pilot pages
2024-01-07 20:36:18,186 - DEBUG - matplotlib data path: C:\Users\GavinE\OneDrive - Sentient Vision Systems\Repos\dcs_server_logbook\env\Lib\site-packages\matplotlib\mpl-data
2024-01-07 20:36:18,207 - DEBUG - CONFIGDIR=C:\Users\GavinE\.matplotlib
2024-01-07 20:36:18,208 - DEBUG - interactive is False
2024-01-07 20:36:18,208 - DEBUG - platform is win32
2024-01-07 20:36:18,259 - WARNING - PyNaCl is not installed, voice will NOT be supported
2024-01-07 20:36:18,261 - DEBUG - Using proactor: IocpProactor
2024-01-07 20:36:18,262 - INFO - logging in using static token
2024-01-07 20:36:19,414 - INFO - Shard ID None has connected to Gateway (Session ID: 2027ed5bcdee48f6538bc93e7c96da83).
2024-01-07 20:38:40,624 - DEBUG - matplotlib data path: C:\Users\GavinE\OneDrive - Sentient Vision Systems\Repos\dcs_server_logbook\env\Lib\site-packages\matplotlib\mpl-data
2024-01-07 20:38:40,629 - DEBUG - CONFIGDIR=C:\Users\GavinE\.matplotlib
2024-01-07 20:38:40,631 - DEBUG - interactive is False
2024-01-07 20:38:40,631 - DEBUG - platform is win32
2024-01-07 20:38:40,677 - WARNING - PyNaCl is not installed, voice will NOT be supported
2024-01-07 20:38:40,678 - DEBUG - Using proactor: IocpProactor
2024-01-07 20:38:40,679 - INFO - logging in using static token
2024-01-07 20:38:41,637 - INFO - Shard ID None has connected to Gateway (Session ID: e61701e0608e6f435b81c1d7d7ca5818).
2024-01-07 20:40:03,535 - DEBUG - matplotlib data path: C:\Users\GavinE\OneDrive - Sentient Vision Systems\Repos\dcs_server_logbook\env\Lib\site-packages\matplotlib\mpl-data
2024-01-07 20:40:03,543 - DEBUG - CONFIGDIR=C:\Users\GavinE\.matplotlib
2024-01-07 20:40:03,545 - DEBUG - interactive is False
2024-01-07 20:40:03,545 - DEBUG - platform is win32
2024-01-07 20:40:03,624 - WARNING - PyNaCl is not installed, voice will NOT be supported
2024-01-07 20:40:03,626 - DEBUG - Using proactor: IocpProactor
2024-01-07 20:40:03,628 - INFO - logging in using static token
2024-01-07 20:40:04,676 - INFO - Shard ID None has connected to Gateway (Session ID: 6ab3feec16548da8f8cd558e424ae289).
2024-01-07 20:40:45,706 - INFO - Running merge.lua script
2024-01-07 20:40:45,772 - INFO - Processing combined data
2024-01-07 20:40:45,872 - INFO - Created html output
2024-01-07 20:40:45,872 - INFO - Generating pilot pages
2024-01-07 20:42:03,075 - INFO - Running merge.lua script
2024-01-07 20:42:03,139 - INFO - Processing combined data
2024-01-07 20:42:03,234 - INFO - Created html output
2024-01-07 20:42:03,234 - INFO - Generating pilot pages
2024-01-07 20:44:13,182 - INFO - Running merge.lua script
2024-01-07 20:44:13,249 - INFO - Processing combined data
2024-01-07 20:44:13,344 - INFO - Created html output
2024-01-07 20:44:13,344 - INFO - Generating pilot pages
2024-01-07 20:47:00,545 - INFO - Running merge.lua script
2024-01-07 20:47:00,613 - INFO - Processing combined data
2024-01-07 20:47:00,726 - INFO - Created html output
2024-01-07 20:47:00,726 - INFO - Generating pilot pages
2024-01-07 20:49:04,382 - INFO - Running merge.lua script
2024-01-07 20:49:04,468 - INFO - Processing combined data
2024-01-07 20:49:04,591 - INFO - Created html output
2024-01-07 20:49:04,591 - INFO - Generating pilot pages
2024-01-07 21:15:58,817 - DEBUG - matplotlib data path: C:\Users\GavinE\OneDrive - Sentient Vision Systems\Repos\dcs_server_logbook\env\Lib\site-packages\matplotlib\mpl-data
2024-01-07 21:15:58,829 - DEBUG - CONFIGDIR=C:\Users\GavinE\.matplotlib
2024-01-07 21:15:58,830 - DEBUG - interactive is False
2024-01-07 21:15:58,830 - DEBUG - platform is win32
2024-01-07 21:15:58,872 - WARNING - PyNaCl is not installed, voice will NOT be supported
2024-01-07 21:15:58,873 - DEBUG - Using proactor: IocpProactor
2024-01-07 21:15:58,874 - INFO - logging in using static token
2024-01-07 21:15:59,788 - INFO - Shard ID None has connected to Gateway (Session ID: 4d04bd43c6be24b73a945d285ae4279f).
2024-01-07 21:16:17,010 - ERROR - Ignoring exception in command pilot_info
Traceback (most recent call last):
  File "C:\Users\GavinE\OneDrive - Sentient Vision Systems\Repos\dcs_server_logbook\env\Lib\site-packages\discord\ext\commands\bot.py", line 1350, in invoke
    await ctx.command.invoke(ctx)
  File "C:\Users\GavinE\OneDrive - Sentient Vision Systems\Repos\dcs_server_logbook\env\Lib\site-packages\discord\ext\commands\core.py", line 1021, in invoke
    await self.prepare(ctx)
  File "C:\Users\GavinE\OneDrive - Sentient Vision Systems\Repos\dcs_server_logbook\env\Lib\site-packages\discord\ext\commands\core.py", line 938, in prepare
    await self._parse_arguments(ctx)
  File "C:\Users\GavinE\OneDrive - Sentient Vision Systems\Repos\dcs_server_logbook\env\Lib\site-packages\discord\ext\commands\core.py", line 853, in _parse_arguments
    kwargs[name] = await self.transform(ctx, param, attachments)
                   ^^^^^^^^^^^^^^^^^^^^^^^^^^^^^^^^^^^^^^^^^^^^^
  File "C:\Users\GavinE\OneDrive - Sentient Vision Systems\Repos\dcs_server_logbook\env\Lib\site-packages\discord\ext\commands\core.py", line 697, in transform
    raise MissingRequiredArgument(param)
discord.ext.commands.errors.MissingRequiredArgument: pilot_name is a required argument that is missing.
2024-01-07 21:16:31,223 - ERROR - Ignoring exception in command pilot_info
Traceback (most recent call last):
  File "C:\Users\GavinE\OneDrive - Sentient Vision Systems\Repos\dcs_server_logbook\env\Lib\site-packages\discord\ext\commands\core.py", line 235, in wrapped
    ret = await coro(*args, **kwargs)
          ^^^^^^^^^^^^^^^^^^^^^^^^^^^
  File "C:\Users\GavinE\OneDrive - Sentient Vision Systems\Repos\dcs_server_logbook\src\bot.py", line 43, in pilot_info
    pilot_details = get_pilot_details(DB_PATH, pilot_id)
                    ^^^^^^^^^^^^^^^^^^^^^^^^^^^^^^^^^^^^
TypeError: get_pilot_details() missing 1 required positional argument: 'combined_stats'

The above exception was the direct cause of the following exception:

Traceback (most recent call last):
  File "C:\Users\GavinE\OneDrive - Sentient Vision Systems\Repos\dcs_server_logbook\env\Lib\site-packages\discord\ext\commands\bot.py", line 1350, in invoke
    await ctx.command.invoke(ctx)
  File "C:\Users\GavinE\OneDrive - Sentient Vision Systems\Repos\dcs_server_logbook\env\Lib\site-packages\discord\ext\commands\core.py", line 1029, in invoke
    await injected(*ctx.args, **ctx.kwargs)  # type: ignore
    ^^^^^^^^^^^^^^^^^^^^^^^^^^^^^^^^^^^^^^^
  File "C:\Users\GavinE\OneDrive - Sentient Vision Systems\Repos\dcs_server_logbook\env\Lib\site-packages\discord\ext\commands\core.py", line 244, in wrapped
    raise CommandInvokeError(exc) from exc
discord.ext.commands.errors.CommandInvokeError: Command raised an exception: TypeError: get_pilot_details() missing 1 required positional argument: 'combined_stats'
2024-01-07 21:20:33,143 - DEBUG - matplotlib data path: C:\Users\GavinE\OneDrive - Sentient Vision Systems\Repos\dcs_server_logbook\env\Lib\site-packages\matplotlib\mpl-data
2024-01-07 21:20:33,147 - DEBUG - CONFIGDIR=C:\Users\GavinE\.matplotlib
2024-01-07 21:20:33,148 - DEBUG - interactive is False
2024-01-07 21:20:33,148 - DEBUG - platform is win32
2024-01-07 21:20:33,183 - WARNING - PyNaCl is not installed, voice will NOT be supported
2024-01-07 21:20:33,184 - DEBUG - Using proactor: IocpProactor
2024-01-07 21:20:33,185 - INFO - logging in using static token
2024-01-07 21:20:34,084 - INFO - Shard ID None has connected to Gateway (Session ID: eef12d06459e6c8a75b64f7272132fc8).
2024-01-07 21:20:40,652 - ERROR - Ignoring exception in command pilot_info
Traceback (most recent call last):
  File "C:\Users\GavinE\OneDrive - Sentient Vision Systems\Repos\dcs_server_logbook\env\Lib\site-packages\discord\ext\commands\core.py", line 235, in wrapped
    ret = await coro(*args, **kwargs)
          ^^^^^^^^^^^^^^^^^^^^^^^^^^^
  File "C:\Users\GavinE\OneDrive - Sentient Vision Systems\Repos\dcs_server_logbook\src\bot.py", line 43, in pilot_info
    combined_stats = load_combined_stats(JSON_PATH)  # Modify this to suit how you load or access combined stats
                     ^^^^^^^^^^^^^^^^^^^
NameError: name 'load_combined_stats' is not defined

The above exception was the direct cause of the following exception:

Traceback (most recent call last):
  File "C:\Users\GavinE\OneDrive - Sentient Vision Systems\Repos\dcs_server_logbook\env\Lib\site-packages\discord\ext\commands\bot.py", line 1350, in invoke
    await ctx.command.invoke(ctx)
  File "C:\Users\GavinE\OneDrive - Sentient Vision Systems\Repos\dcs_server_logbook\env\Lib\site-packages\discord\ext\commands\core.py", line 1029, in invoke
    await injected(*ctx.args, **ctx.kwargs)  # type: ignore
    ^^^^^^^^^^^^^^^^^^^^^^^^^^^^^^^^^^^^^^^
  File "C:\Users\GavinE\OneDrive - Sentient Vision Systems\Repos\dcs_server_logbook\env\Lib\site-packages\discord\ext\commands\core.py", line 244, in wrapped
    raise CommandInvokeError(exc) from exc
discord.ext.commands.errors.CommandInvokeError: Command raised an exception: NameError: name 'load_combined_stats' is not defined
2024-01-07 21:26:21,259 - DEBUG - matplotlib data path: C:\Users\GavinE\OneDrive - Sentient Vision Systems\Repos\dcs_server_logbook\env\Lib\site-packages\matplotlib\mpl-data
2024-01-07 21:26:21,271 - DEBUG - CONFIGDIR=C:\Users\GavinE\.matplotlib
2024-01-07 21:26:21,272 - DEBUG - interactive is False
2024-01-07 21:26:21,273 - DEBUG - platform is win32
2024-01-07 21:26:21,324 - WARNING - PyNaCl is not installed, voice will NOT be supported
2024-01-07 21:26:21,325 - DEBUG - Using proactor: IocpProactor
2024-01-07 21:26:21,326 - INFO - logging in using static token
2024-01-07 21:26:22,323 - INFO - Shard ID None has connected to Gateway (Session ID: c336367d7403eb6ad442d38164ad01dd).
2024-01-07 21:26:27,759 - ERROR - Ignoring exception in command pilot_info
Traceback (most recent call last):
  File "C:\Users\GavinE\OneDrive - Sentient Vision Systems\Repos\dcs_server_logbook\env\Lib\site-packages\discord\ext\commands\bot.py", line 1350, in invoke
    await ctx.command.invoke(ctx)
  File "C:\Users\GavinE\OneDrive - Sentient Vision Systems\Repos\dcs_server_logbook\env\Lib\site-packages\discord\ext\commands\core.py", line 1021, in invoke
    await self.prepare(ctx)
  File "C:\Users\GavinE\OneDrive - Sentient Vision Systems\Repos\dcs_server_logbook\env\Lib\site-packages\discord\ext\commands\core.py", line 938, in prepare
    await self._parse_arguments(ctx)
  File "C:\Users\GavinE\OneDrive - Sentient Vision Systems\Repos\dcs_server_logbook\env\Lib\site-packages\discord\ext\commands\core.py", line 853, in _parse_arguments
    kwargs[name] = await self.transform(ctx, param, attachments)
                   ^^^^^^^^^^^^^^^^^^^^^^^^^^^^^^^^^^^^^^^^^^^^^
  File "C:\Users\GavinE\OneDrive - Sentient Vision Systems\Repos\dcs_server_logbook\env\Lib\site-packages\discord\ext\commands\core.py", line 697, in transform
    raise MissingRequiredArgument(param)
discord.ext.commands.errors.MissingRequiredArgument: pilot_name is a required argument that is missing.
2024-01-07 21:34:24,177 - DEBUG - matplotlib data path: C:\Users\GavinE\OneDrive - Sentient Vision Systems\Repos\dcs_server_logbook\env\Lib\site-packages\matplotlib\mpl-data
2024-01-07 21:34:24,181 - DEBUG - CONFIGDIR=C:\Users\GavinE\.matplotlib
2024-01-07 21:34:24,183 - DEBUG - interactive is False
2024-01-07 21:34:24,183 - DEBUG - platform is win32
2024-01-07 21:34:24,219 - WARNING - PyNaCl is not installed, voice will NOT be supported
2024-01-07 21:34:24,220 - DEBUG - Using proactor: IocpProactor
2024-01-07 21:34:24,221 - INFO - logging in using static token
2024-01-07 21:34:25,058 - INFO - Shard ID None has connected to Gateway (Session ID: 6794c11377eb5fabadd49462bc78583d).
2024-01-07 21:34:34,179 - ERROR - Ignoring exception in command pilot_info
Traceback (most recent call last):
  File "C:\Users\GavinE\OneDrive - Sentient Vision Systems\Repos\dcs_server_logbook\env\Lib\site-packages\discord\ext\commands\core.py", line 235, in wrapped
    ret = await coro(*args, **kwargs)
          ^^^^^^^^^^^^^^^^^^^^^^^^^^^
  File "C:\Users\GavinE\OneDrive - Sentient Vision Systems\Repos\dcs_server_logbook\src\bot.py", line 73, in pilot_info
    if os.path.exists(ribbon_path):
       ^^
NameError: name 'os' is not defined. Did you forget to import 'os'

The above exception was the direct cause of the following exception:

Traceback (most recent call last):
  File "C:\Users\GavinE\OneDrive - Sentient Vision Systems\Repos\dcs_server_logbook\env\Lib\site-packages\discord\ext\commands\bot.py", line 1350, in invoke
    await ctx.command.invoke(ctx)
  File "C:\Users\GavinE\OneDrive - Sentient Vision Systems\Repos\dcs_server_logbook\env\Lib\site-packages\discord\ext\commands\core.py", line 1029, in invoke
    await injected(*ctx.args, **ctx.kwargs)  # type: ignore
    ^^^^^^^^^^^^^^^^^^^^^^^^^^^^^^^^^^^^^^^
  File "C:\Users\GavinE\OneDrive - Sentient Vision Systems\Repos\dcs_server_logbook\env\Lib\site-packages\discord\ext\commands\core.py", line 244, in wrapped
    raise CommandInvokeError(exc) from exc
discord.ext.commands.errors.CommandInvokeError: Command raised an exception: NameError: name 'os' is not defined
2024-01-07 21:34:47,061 - DEBUG - matplotlib data path: C:\Users\GavinE\OneDrive - Sentient Vision Systems\Repos\dcs_server_logbook\env\Lib\site-packages\matplotlib\mpl-data
2024-01-07 21:34:47,067 - DEBUG - CONFIGDIR=C:\Users\GavinE\.matplotlib
2024-01-07 21:34:47,068 - DEBUG - interactive is False
2024-01-07 21:34:47,069 - DEBUG - platform is win32
2024-01-07 21:34:47,108 - WARNING - PyNaCl is not installed, voice will NOT be supported
2024-01-07 21:34:47,110 - DEBUG - Using proactor: IocpProactor
2024-01-07 21:34:47,110 - INFO - logging in using static token
2024-01-07 21:34:48,051 - INFO - Shard ID None has connected to Gateway (Session ID: 561a0fda9686cbea3302a1a4211ae859).
2024-01-07 21:35:35,108 - DEBUG - matplotlib data path: C:\Users\GavinE\OneDrive - Sentient Vision Systems\Repos\dcs_server_logbook\env\Lib\site-packages\matplotlib\mpl-data
2024-01-07 21:35:35,113 - DEBUG - CONFIGDIR=C:\Users\GavinE\.matplotlib
2024-01-07 21:35:35,115 - DEBUG - interactive is False
2024-01-07 21:35:35,115 - DEBUG - platform is win32
2024-01-07 21:35:35,152 - WARNING - PyNaCl is not installed, voice will NOT be supported
2024-01-07 21:35:35,154 - DEBUG - Using proactor: IocpProactor
2024-01-07 21:35:35,154 - INFO - logging in using static token
2024-01-07 21:35:36,125 - INFO - Shard ID None has connected to Gateway (Session ID: 5b439284da790a12c38d992abbc3833b).
2024-01-07 21:37:57,811 - DEBUG - matplotlib data path: C:\Users\GavinE\OneDrive - Sentient Vision Systems\Repos\dcs_server_logbook\env\Lib\site-packages\matplotlib\mpl-data
2024-01-07 21:37:57,819 - DEBUG - CONFIGDIR=C:\Users\GavinE\.matplotlib
2024-01-07 21:37:57,821 - DEBUG - interactive is False
2024-01-07 21:37:57,821 - DEBUG - platform is win32
2024-01-07 21:37:57,872 - WARNING - PyNaCl is not installed, voice will NOT be supported
2024-01-07 21:37:57,873 - DEBUG - Using proactor: IocpProactor
2024-01-07 21:37:57,873 - INFO - logging in using static token
2024-01-07 21:37:58,712 - INFO - Shard ID None has connected to Gateway (Session ID: f9123b515c67c24afd6468460227b199).
2024-01-07 21:40:24,956 - INFO - Running merge.lua script
2024-01-07 21:40:25,113 - INFO - Processing combined data
2024-01-07 21:40:25,183 - INFO - Created html output
2024-01-07 21:40:25,183 - INFO - Generating pilot pages
2024-01-07 21:44:39,983 - INFO - Running merge.lua script
2024-01-07 21:44:40,037 - INFO - Processing combined data
2024-01-07 21:44:40,122 - INFO - Created html output
2024-01-07 21:44:40,122 - INFO - Generating pilot pages
2024-01-07 21:49:13,619 - INFO - Running merge.lua script
2024-01-07 21:49:13,666 - INFO - Processing combined data
2024-01-07 21:49:13,732 - INFO - Created html output
2024-01-07 21:49:13,732 - INFO - Generating pilot pages
2024-01-07 21:50:32,009 - INFO - Running merge.lua script
2024-01-07 21:50:32,060 - INFO - Processing combined data
2024-01-07 21:50:32,133 - INFO - Created html output
2024-01-07 21:50:32,133 - INFO - Generating pilot pages
2024-01-07 21:56:34,849 - INFO - Running merge.lua script
2024-01-07 21:56:35,013 - INFO - Processing combined data
2024-01-07 21:56:35,084 - INFO - Created html output
2024-01-07 21:56:35,085 - INFO - Generating pilot pages
2024-01-07 21:57:55,949 - INFO - Running merge.lua script
2024-01-07 21:57:56,006 - INFO - Processing combined data
2024-01-07 21:57:56,070 - INFO - Created html output
2024-01-07 21:57:56,071 - INFO - Generating pilot pages
2024-01-07 21:59:02,234 - INFO - Running merge.lua script
2024-01-07 21:59:02,291 - INFO - Processing combined data
2024-01-07 21:59:02,374 - INFO - Created html output
2024-01-07 21:59:02,374 - INFO - Generating pilot pages
2024-01-07 21:59:48,226 - INFO - Running merge.lua script
2024-01-07 21:59:48,284 - INFO - Processing combined data
2024-01-07 21:59:48,365 - INFO - Created html output
2024-01-07 21:59:48,366 - INFO - Generating pilot pages
2024-01-07 22:00:17,825 - INFO - Running merge.lua script
2024-01-07 22:00:17,877 - INFO - Processing combined data
2024-01-07 22:00:17,951 - INFO - Created html output
2024-01-07 22:00:17,951 - INFO - Generating pilot pages
2024-01-07 22:00:24,556 - INFO - Running merge.lua script
2024-01-07 22:00:24,609 - INFO - Processing combined data
2024-01-07 22:00:24,677 - INFO - Created html output
2024-01-07 22:00:24,678 - INFO - Generating pilot pages
2024-01-07 22:00:37,814 - INFO - Running merge.lua script
2024-01-07 22:00:37,872 - INFO - Processing combined data
2024-01-07 22:00:37,955 - INFO - Created html output
2024-01-07 22:00:37,955 - INFO - Generating pilot pages
2024-01-07 22:00:58,383 - INFO - Running merge.lua script
2024-01-07 22:00:58,433 - INFO - Processing combined data
2024-01-07 22:00:58,507 - INFO - Created html output
2024-01-07 22:00:58,507 - INFO - Generating pilot pages
2024-01-07 22:02:51,279 - INFO - Running merge.lua script
2024-01-07 22:02:51,336 - INFO - Processing combined data
2024-01-07 22:02:51,419 - INFO - Created html output
2024-01-07 22:02:51,419 - INFO - Generating pilot pages
2024-01-07 22:04:09,942 - INFO - Running merge.lua script
2024-01-07 22:04:09,993 - INFO - Processing combined data
2024-01-07 22:04:10,058 - INFO - Created html output
2024-01-07 22:04:10,058 - INFO - Generating pilot pages
2024-01-07 22:04:33,822 - INFO - Running merge.lua script
2024-01-07 22:04:33,877 - INFO - Processing combined data
2024-01-07 22:04:33,956 - INFO - Created html output
2024-01-07 22:04:33,957 - INFO - Generating pilot pages
2024-01-07 22:04:49,244 - INFO - Running merge.lua script
2024-01-07 22:04:49,294 - INFO - Processing combined data
2024-01-07 22:04:49,362 - INFO - Created html output
2024-01-07 22:04:49,362 - INFO - Generating pilot pages
2024-01-07 22:05:01,505 - INFO - Running merge.lua script
2024-01-07 22:05:01,552 - INFO - Processing combined data
2024-01-07 22:05:01,620 - INFO - Created html output
2024-01-07 22:05:01,620 - INFO - Generating pilot pages
2024-01-07 22:05:52,845 - INFO - Running merge.lua script
2024-01-07 22:05:52,893 - INFO - Processing combined data
2024-01-07 22:05:52,960 - INFO - Created html output
2024-01-07 22:05:52,961 - INFO - Generating pilot pages
2024-01-07 22:06:17,373 - INFO - Running merge.lua script
2024-01-07 22:06:17,429 - INFO - Processing combined data
2024-01-07 22:06:17,507 - INFO - Created html output
2024-01-07 22:06:17,507 - INFO - Generating pilot pages
2024-01-07 22:06:53,722 - INFO - Running merge.lua script
2024-01-07 22:06:53,771 - INFO - Processing combined data
2024-01-07 22:06:53,842 - INFO - Created html output
2024-01-07 22:06:53,842 - INFO - Generating pilot pages
2024-01-07 22:07:17,335 - INFO - Running merge.lua script
2024-01-07 22:07:17,385 - INFO - Processing combined data
2024-01-07 22:07:17,452 - INFO - Created html output
2024-01-07 22:07:17,452 - INFO - Generating pilot pages
2024-01-07 22:08:26,673 - INFO - Running merge.lua script
2024-01-07 22:08:26,725 - INFO - Processing combined data
2024-01-07 22:08:26,795 - INFO - Created html output
2024-01-07 22:08:26,795 - INFO - Generating pilot pages
2024-01-07 22:10:06,676 - INFO - Running merge.lua script
2024-01-07 22:10:06,846 - INFO - Processing combined data
2024-01-07 22:10:06,921 - INFO - Created html output
2024-01-07 22:10:06,921 - INFO - Generating pilot pages
2024-01-07 22:10:54,219 - INFO - Running merge.lua script
2024-01-07 22:10:54,272 - INFO - Processing combined data
2024-01-07 22:10:54,342 - INFO - Created html output
2024-01-07 22:10:54,342 - INFO - Generating pilot pages
2024-01-07 22:13:15,664 - INFO - Running merge.lua script
2024-01-07 22:13:15,724 - INFO - Processing combined data
2024-01-07 22:13:15,805 - INFO - Created html output
2024-01-07 22:13:15,805 - INFO - Generating pilot pages
2024-01-07 22:16:41,998 - INFO - Running merge.lua script
2024-01-07 22:16:42,048 - INFO - Processing combined data
2024-01-07 22:16:42,120 - INFO - Created html output
2024-01-07 22:16:42,120 - INFO - Generating pilot pages
2024-01-08 18:47:48,507 - INFO - Running merge.lua script
2024-01-08 18:47:48,507 - ERROR - Error running Lua script: lua54: src/lua/merge.lua:3: module 'dkjson' not found:
	no field package.preload['dkjson']
	no file 'C:\lua\lua\dkjson.lua'
	no file 'C:\lua\lua\dkjson\init.lua'
	no file 'C:\lua\dkjson.lua'
	no file 'C:\lua\dkjson\init.lua'
	no file 'C:\lua\..\share\lua\5.4\dkjson.lua'
	no file 'C:\lua\..\share\lua\5.4\dkjson\init.lua'
	no file '.\dkjson.lua'
	no file '.\dkjson\init.lua'
	no file 'C:\Program Files (x86)\Lua\5.1\lua\dkjson.luac'
	no file 'C:\lua\dkjson.dll'
	no file 'C:\lua\..\lib\lua\5.4\dkjson.dll'
	no file 'C:\lua\loadall.dll'
	no file '.\dkjson.dll'
	no file 'C:\lua\dkjson54.dll'
	no file '.\dkjson54.dll'
stack traceback:
	[C]: in function 'require'
	src/lua/merge.lua:3: in main chunk
	[C]: in ?

2024-01-08 18:47:48,507 - INFO - Processing combined data
2024-01-08 18:47:48,570 - INFO - Created html output
2024-01-08 18:47:48,570 - INFO - Generating pilot pages
2024-01-08 18:51:43,072 - INFO - Running merge.lua script
2024-01-08 18:51:43,079 - ERROR - Error running Lua script: lua54: src/lua/merge.lua:3: module 'dkjson' not found:
	no field package.preload['dkjson']
	no file 'C:\lua\lua\dkjson.lua'
	no file 'C:\lua\lua\dkjson\init.lua'
	no file 'C:\lua\dkjson.lua'
	no file 'C:\lua\dkjson\init.lua'
	no file 'C:\lua\..\share\lua\5.4\dkjson.lua'
	no file 'C:\lua\..\share\lua\5.4\dkjson\init.lua'
	no file '.\dkjson.lua'
	no file '.\dkjson\init.lua'
	no file 'C:\Program Files (x86)\Lua\5.1\lua\dkjson.luac'
	no file 'C:\lua\dkjson.dll'
	no file 'C:\lua\..\lib\lua\5.4\dkjson.dll'
	no file 'C:\lua\loadall.dll'
	no file '.\dkjson.dll'
	no file 'C:\lua\dkjson54.dll'
	no file '.\dkjson54.dll'
stack traceback:
	[C]: in function 'require'
	src/lua/merge.lua:3: in main chunk
	[C]: in ?

2024-01-08 18:51:43,079 - INFO - Processing combined data
2024-01-08 18:51:43,119 - INFO - Created html output
2024-01-08 18:51:43,119 - INFO - Generating pilot pages
2024-01-08 18:52:21,909 - INFO - Running merge.lua script
2024-01-08 18:52:21,918 - ERROR - Error running Lua script: lua54: src/lua/merge.lua:3: module 'dkjson' not found:
	no field package.preload['dkjson']
	no file 'C:\lua\lua\dkjson.lua'
	no file 'C:\lua\lua\dkjson\init.lua'
	no file 'C:\lua\dkjson.lua'
	no file 'C:\lua\dkjson\init.lua'
	no file 'C:\lua\..\share\lua\5.4\dkjson.lua'
	no file 'C:\lua\..\share\lua\5.4\dkjson\init.lua'
	no file '.\dkjson.lua'
	no file '.\dkjson\init.lua'
	no file 'C:\Program Files (x86)\Lua\5.1\lua\dkjson.luac'
	no file 'C:\lua\dkjson.dll'
	no file 'C:\lua\..\lib\lua\5.4\dkjson.dll'
	no file 'C:\lua\loadall.dll'
	no file '.\dkjson.dll'
	no file 'C:\lua\dkjson54.dll'
	no file '.\dkjson54.dll'
stack traceback:
	[C]: in function 'require'
	src/lua/merge.lua:3: in main chunk
	[C]: in ?

2024-01-08 18:52:21,918 - INFO - Processing combined data
2024-01-08 18:52:21,951 - INFO - Created html output
2024-01-08 18:52:21,951 - INFO - Generating pilot pages
2024-01-08 20:27:44,000 - DEBUG - matplotlib data path: C:\Users\Gavin\Dropbox\Git Repos\Project Mayfly\env\Lib\site-packages\matplotlib\mpl-data
2024-01-08 20:27:44,004 - DEBUG - CONFIGDIR=C:\Users\Gavin\.matplotlib
2024-01-08 20:27:44,005 - DEBUG - interactive is False
2024-01-08 20:27:44,005 - DEBUG - platform is win32
2024-01-08 20:27:44,195 - WARNING - PyNaCl is not installed, voice will NOT be supported
2024-01-08 20:27:44,196 - DEBUG - Using proactor: IocpProactor
2024-01-08 20:27:44,197 - INFO - logging in using static token
2024-01-08 20:29:29,140 - DEBUG - matplotlib data path: C:\Users\Gavin\Dropbox\Git Repos\Project Mayfly\env\Lib\site-packages\matplotlib\mpl-data
2024-01-08 20:29:29,143 - DEBUG - CONFIGDIR=C:\Users\Gavin\.matplotlib
2024-01-08 20:29:29,144 - DEBUG - interactive is False
2024-01-08 20:29:29,144 - DEBUG - platform is win32
2024-01-08 20:29:29,190 - WARNING - PyNaCl is not installed, voice will NOT be supported
2024-01-08 20:29:29,191 - DEBUG - Using proactor: IocpProactor
2024-01-08 20:29:29,191 - INFO - logging in using static token
2024-01-08 20:29:30,339 - INFO - Shard ID None has connected to Gateway (Session ID: f71eda0becc0fecd432db78dcfee5385).
2024-01-08 20:34:44,958 - INFO - Running merge.lua script
2024-01-08 20:34:44,958 - ERROR - Error running Lua script: lua54: src/lua/merge.lua:3: module 'dkjson' not found:
	no field package.preload['dkjson']
	no file 'C:\lua\lua\dkjson.lua'
	no file 'C:\lua\lua\dkjson\init.lua'
	no file 'C:\lua\dkjson.lua'
	no file 'C:\lua\dkjson\init.lua'
	no file 'C:\lua\..\share\lua\5.4\dkjson.lua'
	no file 'C:\lua\..\share\lua\5.4\dkjson\init.lua'
	no file '.\dkjson.lua'
	no file '.\dkjson\init.lua'
	no file 'C:\Program Files (x86)\Lua\5.1\lua\dkjson.luac'
	no file 'C:\lua\dkjson.dll'
	no file 'C:\lua\..\lib\lua\5.4\dkjson.dll'
	no file 'C:\lua\loadall.dll'
	no file '.\dkjson.dll'
	no file 'C:\lua\dkjson54.dll'
	no file '.\dkjson54.dll'
stack traceback:
	[C]: in function 'require'
	src/lua/merge.lua:3: in main chunk
	[C]: in ?

2024-01-08 20:34:44,958 - INFO - Processing combined data
2024-01-08 20:34:45,005 - INFO - Created html output
2024-01-08 20:34:45,005 - INFO - Generating pilot pages
2024-01-08 20:37:43,973 - INFO - Running merge.lua script
2024-01-08 20:37:43,981 - ERROR - Error running Lua script: lua54: src/lua/merge.lua:3: module 'dkjson' not found:
	no field package.preload['dkjson']
	no file 'C:\lua\lua\dkjson.lua'
	no file 'C:\lua\lua\dkjson\init.lua'
	no file 'C:\lua\dkjson.lua'
	no file 'C:\lua\dkjson\init.lua'
	no file 'C:\lua\..\share\lua\5.4\dkjson.lua'
	no file 'C:\lua\..\share\lua\5.4\dkjson\init.lua'
	no file '.\dkjson.lua'
	no file '.\dkjson\init.lua'
	no file 'C:\Program Files (x86)\Lua\5.1\lua\dkjson.luac'
	no file 'C:\lua\dkjson.dll'
	no file 'C:\lua\..\lib\lua\5.4\dkjson.dll'
	no file 'C:\lua\loadall.dll'
	no file '.\dkjson.dll'
	no file 'C:\lua\dkjson54.dll'
	no file '.\dkjson54.dll'
stack traceback:
	[C]: in function 'require'
	src/lua/merge.lua:3: in main chunk
	[C]: in ?

2024-01-08 20:37:43,981 - INFO - Processing combined data
2024-01-08 20:37:44,022 - INFO - Created html output
2024-01-08 20:37:44,022 - INFO - Generating pilot pages
2024-01-08 20:42:55,139 - DEBUG - matplotlib data path: C:\Users\Gavin\Dropbox\Git Repos\Project Mayfly\env\Lib\site-packages\matplotlib\mpl-data
2024-01-08 20:42:55,142 - DEBUG - CONFIGDIR=C:\Users\Gavin\.matplotlib
2024-01-08 20:42:55,143 - DEBUG - interactive is False
2024-01-08 20:42:55,143 - DEBUG - platform is win32
2024-01-08 20:42:55,193 - WARNING - PyNaCl is not installed, voice will NOT be supported
2024-01-08 20:42:55,194 - DEBUG - Using proactor: IocpProactor
2024-01-08 20:42:55,195 - INFO - logging in using static token
2024-01-08 20:42:56,747 - INFO - Shard ID None has connected to Gateway (Session ID: 6ac3720318707458a24d224890fe13ce).
2024-01-08 20:45:37,794 - INFO - Running merge.lua script
2024-01-08 20:45:37,801 - ERROR - Error running Lua script: lua54: src/lua/merge.lua:3: module 'dkjson' not found:
	no field package.preload['dkjson']
	no file 'C:\lua\lua\dkjson.lua'
	no file 'C:\lua\lua\dkjson\init.lua'
	no file 'C:\lua\dkjson.lua'
	no file 'C:\lua\dkjson\init.lua'
	no file 'C:\lua\..\share\lua\5.4\dkjson.lua'
	no file 'C:\lua\..\share\lua\5.4\dkjson\init.lua'
	no file '.\dkjson.lua'
	no file '.\dkjson\init.lua'
	no file 'C:\Program Files (x86)\Lua\5.1\lua\dkjson.luac'
	no file 'C:\lua\dkjson.dll'
	no file 'C:\lua\..\lib\lua\5.4\dkjson.dll'
	no file 'C:\lua\loadall.dll'
	no file '.\dkjson.dll'
	no file 'C:\lua\dkjson54.dll'
	no file '.\dkjson54.dll'
stack traceback:
	[C]: in function 'require'
	src/lua/merge.lua:3: in main chunk
	[C]: in ?

2024-01-08 20:45:37,801 - INFO - Processing combined data
2024-01-08 20:45:37,843 - INFO - Created html output
2024-01-08 20:45:37,843 - INFO - Generating pilot pages
2024-01-09 08:38:34,139 - INFO - Running merge.lua script
2024-01-09 08:38:34,190 - ERROR - Error running Lua script: lua54: src/lua/merge.lua:3: module 'dkjson' not found:
	no field package.preload['dkjson']
	no file 'C:\lua\lua\dkjson.lua'
	no file 'C:\lua\lua\dkjson\init.lua'
	no file 'C:\lua\dkjson.lua'
	no file 'C:\lua\dkjson\init.lua'
	no file 'C:\lua\..\share\lua\5.4\dkjson.lua'
	no file 'C:\lua\..\share\lua\5.4\dkjson\init.lua'
	no file '.\dkjson.lua'
	no file '.\dkjson\init.lua'
	no file 'C:\Program Files (x86)\Lua\5.1\lua\dkjson.luac'
	no file 'C:\lua\dkjson.dll'
	no file 'C:\lua\..\lib\lua\5.4\dkjson.dll'
	no file 'C:\lua\loadall.dll'
	no file '.\dkjson.dll'
	no file 'C:\lua\dkjson54.dll'
	no file '.\dkjson54.dll'
stack traceback:
	[C]: in function 'require'
	src/lua/merge.lua:3: in main chunk
	[C]: in ?

2024-01-09 08:38:34,190 - INFO - Processing combined data
2024-01-09 08:38:34,234 - INFO - Created html output
2024-01-09 08:38:34,234 - INFO - Generating pilot pages
2024-01-09 08:44:30,967 - INFO - Running merge.lua script
2024-01-09 08:44:30,974 - ERROR - Error running Lua script: lua54: src/lua/merge.lua:3: module 'dkjson' not found:
	no field package.preload['dkjson']
	no file 'C:\lua\lua\dkjson.lua'
	no file 'C:\lua\lua\dkjson\init.lua'
	no file 'C:\lua\dkjson.lua'
	no file 'C:\lua\dkjson\init.lua'
	no file 'C:\lua\..\share\lua\5.4\dkjson.lua'
	no file 'C:\lua\..\share\lua\5.4\dkjson\init.lua'
	no file '.\dkjson.lua'
	no file '.\dkjson\init.lua'
	no file 'C:\Program Files (x86)\Lua\5.1\lua\dkjson.luac'
	no file 'C:\lua\dkjson.dll'
	no file 'C:\lua\..\lib\lua\5.4\dkjson.dll'
	no file 'C:\lua\loadall.dll'
	no file '.\dkjson.dll'
	no file 'C:\lua\dkjson54.dll'
	no file '.\dkjson54.dll'
stack traceback:
	[C]: in function 'require'
	src/lua/merge.lua:3: in main chunk
	[C]: in ?

2024-01-09 08:44:30,974 - INFO - Processing combined data
2024-01-09 08:44:31,015 - INFO - Created html output
2024-01-09 08:44:31,015 - INFO - Generating pilot pages
